{"contracts/hedging/PerpHedgingReactor.sol":{"l":{"63":3,"64":3,"65":3,"66":3,"67":3,"68":3,"69":3,"71":3,"76":1,"80":2,"81":1,"85":1,"89":2,"90":2,"91":1,"92":1,"93":1,"103":6,"104":5,"106":3,"111":19,"118":2,"120":2,"121":1,"122":1,"126":2,"128":2,"129":2,"130":1,"134":0,"135":0,"141":6,"142":5,"145":3,"146":3,"147":3,"148":1,"149":1,"153":2,"155":2,"157":2,"159":2,"162":1,"163":1,"167":1,"168":1,"174":5,"175":4,"176":4,"178":4,"179":3,"180":3,"182":3,"185":3,"192":3,"195":1,"197":1,"199":1,"202":1,"205":1,"207":1,"209":1,"219":5,"220":5,"222":5,"224":5,"225":4,"226":4,"229":4,"231":4,"233":4,"236":4,"243":4,"244":3,"246":1,"252":4,"255":3,"257":2,"259":2,"266":2,"269":1,"276":1,"278":1,"281":1,"283":3,"292":2,"294":2,"296":2,"297":2,"298":2,"300":2,"301":2,"305":1,"312":1,"313":1,"314":1,"315":1,"316":1,"317":1,"319":1,"320":1,"323":1,"325":1,"326":1,"327":1,"328":1,"335":1,"337":1,"338":1},"path":"/home/temp/dynamic-hedging/contracts/hedging/PerpHedgingReactor.sol","s":{"1":3,"2":3,"3":3,"4":3,"5":3,"6":3,"7":3,"8":3,"9":1,"10":2,"11":1,"12":1,"13":2,"14":2,"15":1,"16":1,"17":1,"18":1,"19":6,"20":5,"21":3,"22":19,"23":2,"24":2,"25":1,"26":1,"27":2,"28":2,"29":2,"30":1,"31":1,"32":0,"33":0,"34":6,"35":5,"36":3,"37":3,"38":3,"39":1,"40":1,"41":2,"42":2,"43":2,"44":2,"45":1,"46":1,"47":1,"48":1,"49":5,"50":4,"51":4,"52":4,"53":3,"54":3,"55":3,"56":3,"57":3,"58":1,"59":1,"60":1,"61":2,"62":1,"63":1,"64":1,"65":1,"66":5,"67":5,"68":5,"69":5,"70":4,"71":4,"72":4,"73":4,"74":4,"75":4,"76":4,"77":3,"78":1,"79":1,"80":4,"81":3,"82":2,"83":2,"84":2,"85":1,"86":1,"87":1,"88":1,"89":1,"90":3,"91":2,"92":2,"93":2,"94":2,"95":2,"96":2,"97":2,"98":1,"99":1,"100":1,"101":1,"102":1,"103":1,"104":1,"105":1,"106":1,"107":1,"108":1,"109":1,"110":1,"111":1,"112":1,"113":1,"114":1},"b":{"1":[1,1],"2":[1,1],"3":[5,1],"4":[1,1],"5":[1,0],"6":[1,1],"7":[0,1],"8":[0,0],"9":[5,1],"10":[2,3],"11":[1,2],"12":[1,1],"13":[1,4],"14":[1,3],"15":[0,3],"16":[1,2],"17":[1,1],"18":[1,4],"19":[0,4],"20":[3,1],"21":[1,0],"22":[3,1],"23":[1,0],"24":[0,2],"25":[0,2],"26":[1,1]},"f":{"1":3,"2":1,"3":2,"4":1,"5":2,"6":6,"7":19,"8":2,"9":6,"10":5,"11":5,"12":2},"fnMap":{"1":{"name":"constructor","line":54,"loc":{"start":{"line":54,"column":4},"end":{"line":72,"column":4}}},"2":{"name":"setMinAmount","line":75,"loc":{"start":{"line":75,"column":4},"end":{"line":77,"column":4}}},"3":{"name":"setHealthFactor","line":79,"loc":{"start":{"line":79,"column":4},"end":{"line":82,"column":4}}},"4":{"name":"setKeeper","line":84,"loc":{"start":{"line":84,"column":4},"end":{"line":86,"column":4}}},"5":{"name":"initialiseReactor","line":88,"loc":{"start":{"line":88,"column":4},"end":{"line":94,"column":4}}},"6":{"name":"hedgeDelta","line":97,"loc":{"start":{"line":97,"column":4},"end":{"line":107,"column":4}}},"7":{"name":"getDelta","line":110,"loc":{"start":{"line":110,"column":4},"end":{"line":112,"column":4}}},"8":{"name":"getPoolDenominatedValue","line":115,"loc":{"start":{"line":115,"column":4},"end":{"line":137,"column":4}}},"9":{"name":"withdraw","line":140,"loc":{"start":{"line":140,"column":4},"end":{"line":170,"column":4}}},"10":{"name":"update","line":173,"loc":{"start":{"line":173,"column":4},"end":{"line":211,"column":4}}},"11":{"name":"_changePosition","line":218,"loc":{"start":{"line":218,"column":4},"end":{"line":284,"column":4}}},"12":{"name":"_liquidatePosition","line":290,"loc":{"start":{"line":290,"column":4},"end":{"line":339,"column":4}}}},"statementMap":{"1":{"start":{"line":63,"column":8},"end":{"line":63,"column":53}},"2":{"start":{"line":64,"column":8},"end":{"line":64,"column":41}},"3":{"start":{"line":65,"column":8},"end":{"line":65,"column":26}},"4":{"start":{"line":66,"column":8},"end":{"line":66,"column":49}},"5":{"start":{"line":67,"column":8},"end":{"line":67,"column":29}},"6":{"start":{"line":68,"column":8},"end":{"line":68,"column":23}},"7":{"start":{"line":69,"column":8},"end":{"line":69,"column":35}},"8":{"start":{"line":71,"column":8},"end":{"line":71,"column":48}},"9":{"start":{"line":76,"column":8},"end":{"line":76,"column":29}},"10":{"start":{"line":80,"column":8},"end":{"line":80,"column":68}},"11":{"start":{"line":81,"column":8},"end":{"line":81,"column":35}},"12":{"start":{"line":85,"column":8},"end":{"line":85,"column":23}},"13":{"start":{"line":89,"column":8},"end":{"line":89,"column":115}},"14":{"start":{"line":90,"column":8},"end":{"line":90,"column":50}},"15":{"start":{"line":90,"column":41},"end":{"line":90,"column":48}},"16":{"start":{"line":91,"column":8},"end":{"line":91,"column":86}},"17":{"start":{"line":92,"column":8},"end":{"line":92,"column":92}},"18":{"start":{"line":93,"column":8},"end":{"line":93,"column":61}},"19":{"start":{"line":103,"column":8},"end":{"line":103,"column":59}},"20":{"start":{"line":104,"column":8},"end":{"line":104,"column":45}},"21":{"start":{"line":106,"column":8},"end":{"line":106,"column":35}},"22":{"start":{"line":111,"column":8},"end":{"line":111,"column":28}},"23":{"start":{"line":118,"column":8},"end":{"line":118,"column":115}},"24":{"start":{"line":120,"column":8},"end":{"line":120,"column":4811}},"25":{"start":{"line":121,"column":12},"end":{"line":121,"column":4861}},"26":{"start":{"line":122,"column":16},"end":{"line":122,"column":49}},"27":{"start":{"line":126,"column":8},"end":{"line":126,"column":63}},"28":{"start":{"line":128,"column":8},"end":{"line":128,"column":71}},"29":{"start":{"line":129,"column":8},"end":{"line":129,"column":5255}},"30":{"start":{"line":130,"column":12},"end":{"line":130,"column":38}},"31":{"start":{"line":131,"column":15},"end":{"line":131,"column":5332}},"32":{"start":{"line":134,"column":12},"end":{"line":134,"column":69}},"33":{"start":{"line":135,"column":12},"end":{"line":135,"column":39}},"34":{"start":{"line":141,"column":8},"end":{"line":141,"column":59}},"35":{"start":{"line":142,"column":8},"end":{"line":142,"column":69}},"36":{"start":{"line":145,"column":8},"end":{"line":145,"column":102}},"37":{"start":{"line":146,"column":8},"end":{"line":146,"column":65}},"38":{"start":{"line":147,"column":8},"end":{"line":147,"column":6240}},"39":{"start":{"line":148,"column":12},"end":{"line":148,"column":83}},"40":{"start":{"line":149,"column":12},"end":{"line":149,"column":26}},"41":{"start":{"line":153,"column":8},"end":{"line":153,"column":56}},"42":{"start":{"line":155,"column":8},"end":{"line":155,"column":90}},"43":{"start":{"line":157,"column":8},"end":{"line":157,"column":35}},"44":{"start":{"line":159,"column":8},"end":{"line":159,"column":6922}},"45":{"start":{"line":162,"column":12},"end":{"line":162,"column":101}},"46":{"start":{"line":163,"column":12},"end":{"line":163,"column":43}},"47":{"start":{"line":167,"column":12},"end":{"line":167,"column":92}},"48":{"start":{"line":168,"column":12},"end":{"line":168,"column":34}},"49":{"start":{"line":174,"column":8},"end":{"line":174,"column":57}},"50":{"start":{"line":175,"column":8},"end":{"line":175,"column":88}},"51":{"start":{"line":176,"column":8},"end":{"line":176,"column":115}},"52":{"start":{"line":178,"column":8},"end":{"line":178,"column":70}},"53":{"start":{"line":179,"column":8},"end":{"line":179,"column":100}},"54":{"start":{"line":180,"column":8},"end":{"line":180,"column":50}},"55":{"start":{"line":182,"column":8},"end":{"line":182,"column":161}},"56":{"start":{"line":185,"column":8},"end":{"line":185,"column":8741}},"57":{"start":{"line":192,"column":8},"end":{"line":192,"column":9091}},"58":{"start":{"line":195,"column":12},"end":{"line":195,"column":121}},"59":{"start":{"line":197,"column":12},"end":{"line":197,"column":95}},"60":{"start":{"line":199,"column":12},"end":{"line":199,"column":42}},"61":{"start":{"line":200,"column":15},"end":{"line":200,"column":9683}},"62":{"start":{"line":202,"column":12},"end":{"line":202,"column":96}},"63":{"start":{"line":205,"column":12},"end":{"line":205,"column":109}},"64":{"start":{"line":207,"column":12},"end":{"line":207,"column":42}},"65":{"start":{"line":209,"column":12},"end":{"line":209,"column":20}},"66":{"start":{"line":219,"column":8},"end":{"line":219,"column":31}},"67":{"start":{"line":220,"column":8},"end":{"line":220,"column":32}},"68":{"start":{"line":222,"column":8},"end":{"line":222,"column":115}},"69":{"start":{"line":224,"column":8},"end":{"line":224,"column":70}},"70":{"start":{"line":225,"column":8},"end":{"line":225,"column":100}},"71":{"start":{"line":226,"column":8},"end":{"line":226,"column":50}},"72":{"start":{"line":229,"column":8},"end":{"line":229,"column":88}},"73":{"start":{"line":231,"column":8},"end":{"line":231,"column":50}},"74":{"start":{"line":233,"column":8},"end":{"line":233,"column":161}},"75":{"start":{"line":236,"column":8},"end":{"line":236,"column":12009}},"76":{"start":{"line":243,"column":8},"end":{"line":243,"column":12427}},"77":{"start":{"line":244,"column":12},"end":{"line":244,"column":55}},"78":{"start":{"line":245,"column":15},"end":{"line":245,"column":12534}},"79":{"start":{"line":246,"column":12},"end":{"line":246,"column":56}},"80":{"start":{"line":252,"column":8},"end":{"line":252,"column":12927}},"81":{"start":{"line":255,"column":12},"end":{"line":255,"column":104}},"82":{"start":{"line":257,"column":12},"end":{"line":257,"column":87}},"83":{"start":{"line":259,"column":12},"end":{"line":259,"column":13426}},"84":{"start":{"line":266,"column":12},"end":{"line":266,"column":65}},"85":{"start":{"line":267,"column":15},"end":{"line":267,"column":13734}},"86":{"start":{"line":269,"column":12},"end":{"line":269,"column":13836}},"87":{"start":{"line":276,"column":12},"end":{"line":276,"column":65}},"88":{"start":{"line":278,"column":12},"end":{"line":278,"column":89}},"89":{"start":{"line":281,"column":12},"end":{"line":281,"column":102}},"90":{"start":{"line":283,"column":8},"end":{"line":283,"column":22}},"91":{"start":{"line":292,"column":8},"end":{"line":292,"column":88}},"92":{"start":{"line":294,"column":8},"end":{"line":294,"column":115}},"93":{"start":{"line":296,"column":8},"end":{"line":296,"column":70}},"94":{"start":{"line":297,"column":8},"end":{"line":297,"column":100}},"95":{"start":{"line":298,"column":8},"end":{"line":298,"column":50}},"96":{"start":{"line":300,"column":8},"end":{"line":300,"column":161}},"97":{"start":{"line":301,"column":8},"end":{"line":301,"column":15772}},"98":{"start":{"line":305,"column":12},"end":{"line":305,"column":16018}},"99":{"start":{"line":312,"column":12},"end":{"line":312,"column":65}},"100":{"start":{"line":313,"column":12},"end":{"line":313,"column":75}},"101":{"start":{"line":314,"column":12},"end":{"line":314,"column":73}},"102":{"start":{"line":315,"column":12},"end":{"line":315,"column":60}},"103":{"start":{"line":316,"column":12},"end":{"line":316,"column":72}},"104":{"start":{"line":317,"column":12},"end":{"line":317,"column":45}},"105":{"start":{"line":319,"column":12},"end":{"line":319,"column":83}},"106":{"start":{"line":320,"column":12},"end":{"line":320,"column":45}},"107":{"start":{"line":323,"column":8},"end":{"line":323,"column":44}},"108":{"start":{"line":325,"column":8},"end":{"line":325,"column":98}},"109":{"start":{"line":326,"column":8},"end":{"line":326,"column":65}},"110":{"start":{"line":327,"column":8},"end":{"line":327,"column":47}},"111":{"start":{"line":328,"column":8},"end":{"line":328,"column":17318}},"112":{"start":{"line":335,"column":8},"end":{"line":335,"column":61}},"113":{"start":{"line":337,"column":8},"end":{"line":337,"column":76}},"114":{"start":{"line":338,"column":8},"end":{"line":338,"column":30}}},"branchMap":{"1":{"line":80,"type":"if","locations":[{"start":{"line":80,"column":8},"end":{"line":80,"column":8}},{"start":{"line":80,"column":8},"end":{"line":80,"column":8}}]},"2":{"line":90,"type":"if","locations":[{"start":{"line":90,"column":8},"end":{"line":90,"column":8}},{"start":{"line":90,"column":8},"end":{"line":90,"column":8}}]},"3":{"line":103,"type":"if","locations":[{"start":{"line":103,"column":8},"end":{"line":103,"column":8}},{"start":{"line":103,"column":8},"end":{"line":103,"column":8}}]},"4":{"line":120,"type":"if","locations":[{"start":{"line":120,"column":8},"end":{"line":120,"column":8}},{"start":{"line":120,"column":8},"end":{"line":120,"column":8}}]},"5":{"line":121,"type":"if","locations":[{"start":{"line":121,"column":12},"end":{"line":121,"column":12}},{"start":{"line":121,"column":12},"end":{"line":121,"column":12}}]},"6":{"line":129,"type":"if","locations":[{"start":{"line":129,"column":8},"end":{"line":129,"column":8}},{"start":{"line":129,"column":8},"end":{"line":129,"column":8}}]},"7":{"line":131,"type":"if","locations":[{"start":{"line":131,"column":15},"end":{"line":131,"column":15}},{"start":{"line":131,"column":15},"end":{"line":131,"column":15}}]},"8":{"line":134,"type":"if","locations":[{"start":{"line":134,"column":12},"end":{"line":134,"column":12}},{"start":{"line":134,"column":12},"end":{"line":134,"column":12}}]},"9":{"line":141,"type":"if","locations":[{"start":{"line":141,"column":8},"end":{"line":141,"column":8}},{"start":{"line":141,"column":8},"end":{"line":141,"column":8}}]},"10":{"line":142,"type":"if","locations":[{"start":{"line":142,"column":8},"end":{"line":142,"column":8}},{"start":{"line":142,"column":8},"end":{"line":142,"column":8}}]},"11":{"line":147,"type":"if","locations":[{"start":{"line":147,"column":8},"end":{"line":147,"column":8}},{"start":{"line":147,"column":8},"end":{"line":147,"column":8}}]},"12":{"line":159,"type":"if","locations":[{"start":{"line":159,"column":8},"end":{"line":159,"column":8}},{"start":{"line":159,"column":8},"end":{"line":159,"column":8}}]},"13":{"line":174,"type":"if","locations":[{"start":{"line":174,"column":8},"end":{"line":174,"column":8}},{"start":{"line":174,"column":8},"end":{"line":174,"column":8}}]},"14":{"line":178,"type":"if","locations":[{"start":{"line":178,"column":8},"end":{"line":178,"column":8}},{"start":{"line":178,"column":8},"end":{"line":178,"column":8}}]},"15":{"line":179,"type":"if","locations":[{"start":{"line":179,"column":8},"end":{"line":179,"column":8}},{"start":{"line":179,"column":8},"end":{"line":179,"column":8}}]},"16":{"line":192,"type":"if","locations":[{"start":{"line":192,"column":8},"end":{"line":192,"column":8}},{"start":{"line":192,"column":8},"end":{"line":192,"column":8}}]},"17":{"line":200,"type":"if","locations":[{"start":{"line":200,"column":15},"end":{"line":200,"column":15}},{"start":{"line":200,"column":15},"end":{"line":200,"column":15}}]},"18":{"line":224,"type":"if","locations":[{"start":{"line":224,"column":8},"end":{"line":224,"column":8}},{"start":{"line":224,"column":8},"end":{"line":224,"column":8}}]},"19":{"line":225,"type":"if","locations":[{"start":{"line":225,"column":8},"end":{"line":225,"column":8}},{"start":{"line":225,"column":8},"end":{"line":225,"column":8}}]},"20":{"line":243,"type":"if","locations":[{"start":{"line":243,"column":8},"end":{"line":243,"column":8}},{"start":{"line":243,"column":8},"end":{"line":243,"column":8}}]},"21":{"line":245,"type":"if","locations":[{"start":{"line":245,"column":15},"end":{"line":245,"column":15}},{"start":{"line":245,"column":15},"end":{"line":245,"column":15}}]},"22":{"line":252,"type":"if","locations":[{"start":{"line":252,"column":8},"end":{"line":252,"column":8}},{"start":{"line":252,"column":8},"end":{"line":252,"column":8}}]},"23":{"line":267,"type":"if","locations":[{"start":{"line":267,"column":15},"end":{"line":267,"column":15}},{"start":{"line":267,"column":15},"end":{"line":267,"column":15}}]},"24":{"line":296,"type":"if","locations":[{"start":{"line":296,"column":8},"end":{"line":296,"column":8}},{"start":{"line":296,"column":8},"end":{"line":296,"column":8}}]},"25":{"line":297,"type":"if","locations":[{"start":{"line":297,"column":8},"end":{"line":297,"column":8}},{"start":{"line":297,"column":8},"end":{"line":297,"column":8}}]},"26":{"line":301,"type":"if","locations":[{"start":{"line":301,"column":8},"end":{"line":301,"column":8}},{"start":{"line":301,"column":8},"end":{"line":301,"column":8}}]}}},"contracts/hedging/UniswapV3HedgingReactor.sol":{"l":{"47":6,"48":6,"49":6,"50":6,"51":6,"52":6,"54":6,"55":6,"57":6,"64":9,"65":8,"66":8,"67":8,"70":2,"71":2,"72":2,"74":6,"75":6,"76":4,"78":2,"80":1,"81":1,"82":1,"84":1,"85":1,"86":1,"93":30,"98":45,"104":5,"105":4,"106":4,"107":4,"108":4,"109":1,"110":1,"114":3,"115":3,"116":1,"118":2,"119":2,"120":2,"121":1,"122":1,"123":1,"125":1,"126":1,"127":1,"134":1,"139":1,"144":1,"155":7,"166":2,"167":2,"169":2,"182":2,"183":2,"194":2,"207":2,"210":2,"222":2,"235":2,"236":1,"240":1,"251":1,"253":1},"path":"/home/temp/dynamic-hedging/contracts/hedging/UniswapV3HedgingReactor.sol","s":{"1":6,"2":6,"3":6,"4":6,"5":6,"6":6,"7":6,"8":6,"9":6,"10":9,"11":8,"12":8,"13":8,"14":2,"15":2,"16":2,"17":6,"18":6,"19":4,"20":2,"21":1,"22":1,"23":1,"24":1,"25":1,"26":1,"27":30,"28":45,"29":5,"30":4,"31":4,"32":4,"33":4,"34":1,"35":1,"36":3,"37":3,"38":1,"39":2,"40":2,"41":2,"42":1,"43":1,"44":1,"45":1,"46":1,"47":1,"48":1,"49":1,"50":1,"51":7,"52":2,"53":2,"54":2,"55":2,"56":2,"57":2,"58":2,"59":2,"60":2,"61":2,"62":1,"63":1,"64":1,"65":1},"b":{"1":[8,1],"2":[2,6],"3":[4,2],"4":[1,1],"5":[4,1],"6":[1,3],"7":[1,2],"8":[1,1]},"f":{"1":6,"2":9,"3":30,"4":45,"5":5,"6":1,"7":1,"8":1,"9":7,"10":2,"11":2,"12":2},"fnMap":{"1":{"name":"constructor","line":46,"loc":{"start":{"line":46,"column":4},"end":{"line":58,"column":4}}},"2":{"name":"hedgeDelta","line":62,"loc":{"start":{"line":62,"column":4},"end":{"line":89,"column":4}}},"3":{"name":"getDelta","line":92,"loc":{"start":{"line":92,"column":4},"end":{"line":94,"column":4}}},"4":{"name":"getPoolDenominatedValue","line":97,"loc":{"start":{"line":97,"column":4},"end":{"line":100,"column":4}}},"5":{"name":"withdraw","line":103,"loc":{"start":{"line":103,"column":4},"end":{"line":130,"column":4}}},"6":{"name":"update","line":133,"loc":{"start":{"line":133,"column":4},"end":{"line":135,"column":4}}},"7":{"name":"changePoolFee","line":138,"loc":{"start":{"line":138,"column":4},"end":{"line":140,"column":4}}},"8":{"name":"setMinAmount","line":143,"loc":{"start":{"line":143,"column":4},"end":{"line":145,"column":4}}},"9":{"name":"decimalHelper","line":154,"loc":{"start":{"line":154,"column":4},"end":{"line":156,"column":4}}},"10":{"name":"_swapExactOutputSingle","line":164,"loc":{"start":{"line":164,"column":4},"end":{"line":184,"column":4}}},"11":{"name":"_swapExactInputSingle","line":192,"loc":{"start":{"line":192,"column":4},"end":{"line":211,"column":4}}},"12":{"name":"_liquidateETH","line":220,"loc":{"start":{"line":220,"column":4},"end":{"line":256,"column":4}}}},"statementMap":{"1":{"start":{"line":47,"column":8},"end":{"line":47,"column":31}},"2":{"start":{"line":48,"column":8},"end":{"line":48,"column":45}},"3":{"start":{"line":49,"column":8},"end":{"line":49,"column":26}},"4":{"start":{"line":50,"column":8},"end":{"line":50,"column":49}},"5":{"start":{"line":51,"column":8},"end":{"line":51,"column":25}},"6":{"start":{"line":52,"column":8},"end":{"line":52,"column":29}},"7":{"start":{"line":54,"column":8},"end":{"line":54,"column":1872}},"8":{"start":{"line":55,"column":12},"end":{"line":55,"column":99}},"9":{"start":{"line":57,"column":8},"end":{"line":57,"column":88}},"10":{"start":{"line":64,"column":8},"end":{"line":64,"column":59}},"11":{"start":{"line":65,"column":8},"end":{"line":65,"column":33}},"12":{"start":{"line":66,"column":8},"end":{"line":66,"column":39}},"13":{"start":{"line":67,"column":8},"end":{"line":67,"column":2408}},"14":{"start":{"line":70,"column":12},"end":{"line":70,"column":136}},"15":{"start":{"line":71,"column":12},"end":{"line":71,"column":39}},"16":{"start":{"line":72,"column":12},"end":{"line":72,"column":30}},"17":{"start":{"line":74,"column":12},"end":{"line":74,"column":70}},"18":{"start":{"line":75,"column":12},"end":{"line":75,"column":2889}},"19":{"start":{"line":76,"column":16},"end":{"line":76,"column":24}},"20":{"start":{"line":78,"column":12},"end":{"line":78,"column":2969}},"21":{"start":{"line":80,"column":16},"end":{"line":80,"column":138}},"22":{"start":{"line":81,"column":18},"end":{"line":81,"column":45}},"23":{"start":{"line":82,"column":16},"end":{"line":82,"column":34}},"24":{"start":{"line":84,"column":17},"end":{"line":84,"column":144}},"25":{"start":{"line":85,"column":18},"end":{"line":85,"column":45}},"26":{"start":{"line":86,"column":16},"end":{"line":86,"column":34}},"27":{"start":{"line":93,"column":8},"end":{"line":93,"column":28}},"28":{"start":{"line":98,"column":8},"end":{"line":98,"column":4049}},"29":{"start":{"line":104,"column":8},"end":{"line":104,"column":59}},"30":{"start":{"line":105,"column":8},"end":{"line":105,"column":102}},"31":{"start":{"line":106,"column":8},"end":{"line":106,"column":65}},"32":{"start":{"line":107,"column":8},"end":{"line":107,"column":105}},"33":{"start":{"line":108,"column":8},"end":{"line":108,"column":4678}},"34":{"start":{"line":109,"column":12},"end":{"line":109,"column":83}},"35":{"start":{"line":110,"column":12},"end":{"line":110,"column":26}},"36":{"start":{"line":114,"column":12},"end":{"line":114,"column":70}},"37":{"start":{"line":115,"column":12},"end":{"line":115,"column":5026}},"38":{"start":{"line":116,"column":16},"end":{"line":116,"column":24}},"39":{"start":{"line":118,"column":12},"end":{"line":118,"column":98}},"40":{"start":{"line":119,"column":12},"end":{"line":119,"column":60}},"41":{"start":{"line":120,"column":12},"end":{"line":120,"column":5279}},"42":{"start":{"line":121,"column":16},"end":{"line":121,"column":79}},"43":{"start":{"line":122,"column":16},"end":{"line":122,"column":76}},"44":{"start":{"line":123,"column":16},"end":{"line":123,"column":39}},"45":{"start":{"line":125,"column":16},"end":{"line":125,"column":87}},"46":{"start":{"line":126,"column":16},"end":{"line":126,"column":76}},"47":{"start":{"line":127,"column":16},"end":{"line":127,"column":30}},"48":{"start":{"line":134,"column":8},"end":{"line":134,"column":20}},"49":{"start":{"line":139,"column":8},"end":{"line":139,"column":25}},"50":{"start":{"line":144,"column":8},"end":{"line":144,"column":29}},"51":{"start":{"line":155,"column":8},"end":{"line":155,"column":22}},"52":{"start":{"line":166,"column":8},"end":{"line":166,"column":45}},"53":{"start":{"line":167,"column":8},"end":{"line":167,"column":98}},"54":{"start":{"line":169,"column":8},"end":{"line":169,"column":7345}},"55":{"start":{"line":182,"column":8},"end":{"line":182,"column":63}},"56":{"start":{"line":183,"column":8},"end":{"line":183,"column":45}},"57":{"start":{"line":194,"column":8},"end":{"line":194,"column":8528}},"58":{"start":{"line":207,"column":8},"end":{"line":207,"column":63}},"59":{"start":{"line":210,"column":8},"end":{"line":210,"column":46}},"60":{"start":{"line":222,"column":8},"end":{"line":222,"column":9817}},"61":{"start":{"line":235,"column":8},"end":{"line":235,"column":10329}},"62":{"start":{"line":236,"column":12},"end":{"line":236,"column":31}},"63":{"start":{"line":240,"column":12},"end":{"line":240,"column":10609}},"64":{"start":{"line":251,"column":12},"end":{"line":251,"column":67}},"65":{"start":{"line":253,"column":12},"end":{"line":253,"column":30}}},"branchMap":{"1":{"line":64,"type":"if","locations":[{"start":{"line":64,"column":8},"end":{"line":64,"column":8}},{"start":{"line":64,"column":8},"end":{"line":64,"column":8}}]},"2":{"line":67,"type":"if","locations":[{"start":{"line":67,"column":8},"end":{"line":67,"column":8}},{"start":{"line":67,"column":8},"end":{"line":67,"column":8}}]},"3":{"line":75,"type":"if","locations":[{"start":{"line":75,"column":12},"end":{"line":75,"column":12}},{"start":{"line":75,"column":12},"end":{"line":75,"column":12}}]},"4":{"line":78,"type":"if","locations":[{"start":{"line":78,"column":12},"end":{"line":78,"column":12}},{"start":{"line":78,"column":12},"end":{"line":78,"column":12}}]},"5":{"line":104,"type":"if","locations":[{"start":{"line":104,"column":8},"end":{"line":104,"column":8}},{"start":{"line":104,"column":8},"end":{"line":104,"column":8}}]},"6":{"line":108,"type":"if","locations":[{"start":{"line":108,"column":8},"end":{"line":108,"column":8}},{"start":{"line":108,"column":8},"end":{"line":108,"column":8}}]},"7":{"line":115,"type":"if","locations":[{"start":{"line":115,"column":12},"end":{"line":115,"column":12}},{"start":{"line":115,"column":12},"end":{"line":115,"column":12}}]},"8":{"line":120,"type":"if","locations":[{"start":{"line":120,"column":12},"end":{"line":120,"column":12}},{"start":{"line":120,"column":12},"end":{"line":120,"column":12}}]}}},"contracts/interfaces/AddressBookInterface.sol":{"l":{},"path":"/home/temp/dynamic-hedging/contracts/interfaces/AddressBookInterface.sol","s":{},"b":{},"f":{},"fnMap":{},"statementMap":{},"branchMap":{}},"contracts/interfaces/AggregatorV3Interface.sol":{"l":{},"path":"/home/temp/dynamic-hedging/contracts/interfaces/AggregatorV3Interface.sol","s":{},"b":{},"f":{},"fnMap":{},"statementMap":{},"branchMap":{}},"contracts/interfaces/GammaInterface.sol":{"l":{},"path":"/home/temp/dynamic-hedging/contracts/interfaces/GammaInterface.sol","s":{},"b":{},"f":{},"fnMap":{},"statementMap":{},"branchMap":{}},"contracts/interfaces/IERC20.sol":{"l":{},"path":"/home/temp/dynamic-hedging/contracts/interfaces/IERC20.sol","s":{},"b":{},"f":{},"fnMap":{},"statementMap":{},"branchMap":{}},"contracts/interfaces/IHedgingReactor.sol":{"l":{},"path":"/home/temp/dynamic-hedging/contracts/interfaces/IHedgingReactor.sol","s":{},"b":{},"f":{},"fnMap":{},"statementMap":{},"branchMap":{}},"contracts/interfaces/IMarginCalculator.sol":{"l":{},"path":"/home/temp/dynamic-hedging/contracts/interfaces/IMarginCalculator.sol","s":{},"b":{},"f":{},"fnMap":{},"statementMap":{},"branchMap":{}},"contracts/interfaces/IOracle.sol":{"l":{},"path":"/home/temp/dynamic-hedging/contracts/interfaces/IOracle.sol","s":{},"b":{},"f":{},"fnMap":{},"statementMap":{},"branchMap":{}},"contracts/interfaces/IUniswapV2Factory.sol":{"l":{},"path":"/home/temp/dynamic-hedging/contracts/interfaces/IUniswapV2Factory.sol","s":{},"b":{},"f":{},"fnMap":{},"statementMap":{},"branchMap":{}},"contracts/interfaces/IUniswapV2Pair.sol":{"l":{},"path":"/home/temp/dynamic-hedging/contracts/interfaces/IUniswapV2Pair.sol","s":{},"b":{},"f":{},"fnMap":{},"statementMap":{},"branchMap":{}},"contracts/interfaces/IUniswapV2Router02.sol":{"l":{},"path":"/home/temp/dynamic-hedging/contracts/interfaces/IUniswapV2Router02.sol","s":{},"b":{},"f":{},"fnMap":{},"statementMap":{},"branchMap":{}},"contracts/interfaces/WETH.sol":{"l":{},"path":"/home/temp/dynamic-hedging/contracts/interfaces/WETH.sol","s":{},"b":{},"f":{},"fnMap":{},"statementMap":{},"branchMap":{}},"contracts/libraries/BlackScholes.sol":{"l":{"35":4,"36":4,"37":4,"38":4,"39":4,"40":4,"54":16,"55":16,"56":16,"57":16,"58":16,"59":16,"60":16,"74":59,"75":59,"76":59,"77":59,"78":59,"79":59,"80":59,"94":64,"95":64,"96":64,"97":64,"98":64,"99":64,"107":151,"121":150,"122":150,"123":150,"124":150,"125":150,"139":143,"140":143,"160":69,"161":68,"162":68,"163":4,"165":64,"181":75,"182":75,"183":75,"184":16,"186":59,"198":7,"199":7,"206":7,"207":2,"209":5},"path":"/home/temp/dynamic-hedging/contracts/libraries/BlackScholes.sol","s":{"1":4,"2":4,"3":4,"4":4,"5":4,"6":4,"7":16,"8":16,"9":16,"10":16,"11":16,"12":16,"13":16,"14":59,"15":59,"16":59,"17":59,"18":59,"19":59,"20":59,"21":64,"22":64,"23":64,"24":64,"25":64,"26":64,"27":151,"28":150,"29":150,"30":150,"31":150,"32":150,"33":143,"34":143,"35":69,"36":68,"37":68,"38":4,"39":64,"40":75,"41":75,"42":75,"43":16,"44":59,"45":7,"46":7,"47":7,"48":2,"49":5},"b":{"1":[4,64],"2":[16,59],"3":[2,5]},"f":{"1":4,"2":16,"3":59,"4":64,"5":151,"6":150,"7":143,"8":69,"9":75,"10":7},"fnMap":{"1":{"name":"callOptionPrice","line":24,"loc":{"start":{"line":24,"column":4},"end":{"line":41,"column":4}}},"2":{"name":"callOptionPriceGreeks","line":43,"loc":{"start":{"line":43,"column":4},"end":{"line":61,"column":4}}},"3":{"name":"putOptionPriceGreeks","line":63,"loc":{"start":{"line":63,"column":4},"end":{"line":81,"column":4}}},"4":{"name":"putOptionPrice","line":83,"loc":{"start":{"line":83,"column":4},"end":{"line":100,"column":4}}},"5":{"name":"getTimeStamp","line":102,"loc":{"start":{"line":102,"column":4},"end":{"line":108,"column":4}}},"6":{"name":"getD1","line":110,"loc":{"start":{"line":110,"column":4},"end":{"line":126,"column":4}}},"7":{"name":"getIntermediates","line":128,"loc":{"start":{"line":128,"column":4},"end":{"line":145,"column":4}}},"8":{"name":"blackScholesCalc","line":147,"loc":{"start":{"line":147,"column":4},"end":{"line":167,"column":4}}},"9":{"name":"blackScholesCalcGreeks","line":169,"loc":{"start":{"line":169,"column":4},"end":{"line":188,"column":4}}},"10":{"name":"getDelta","line":190,"loc":{"start":{"line":190,"column":4},"end":{"line":211,"column":4}}}},"statementMap":{"1":{"start":{"line":35,"column":6},"end":{"line":35,"column":36}},"2":{"start":{"line":36,"column":6},"end":{"line":36,"column":39}},"3":{"start":{"line":37,"column":6},"end":{"line":37,"column":39}},"4":{"start":{"line":38,"column":6},"end":{"line":38,"column":40}},"5":{"start":{"line":39,"column":6},"end":{"line":39,"column":55}},"6":{"start":{"line":40,"column":6},"end":{"line":40,"column":41}},"7":{"start":{"line":54,"column":8},"end":{"line":54,"column":38}},"8":{"start":{"line":55,"column":8},"end":{"line":55,"column":41}},"9":{"start":{"line":56,"column":8},"end":{"line":56,"column":41}},"10":{"start":{"line":57,"column":8},"end":{"line":57,"column":42}},"11":{"start":{"line":58,"column":8},"end":{"line":58,"column":57}},"12":{"start":{"line":59,"column":8},"end":{"line":59,"column":43}},"13":{"start":{"line":60,"column":8},"end":{"line":60,"column":20}},"14":{"start":{"line":74,"column":8},"end":{"line":74,"column":38}},"15":{"start":{"line":75,"column":8},"end":{"line":75,"column":42}},"16":{"start":{"line":76,"column":8},"end":{"line":76,"column":41}},"17":{"start":{"line":77,"column":8},"end":{"line":77,"column":42}},"18":{"start":{"line":78,"column":8},"end":{"line":78,"column":57}},"19":{"start":{"line":79,"column":8},"end":{"line":79,"column":43}},"20":{"start":{"line":80,"column":8},"end":{"line":80,"column":21}},"21":{"start":{"line":94,"column":8},"end":{"line":94,"column":38}},"22":{"start":{"line":95,"column":8},"end":{"line":95,"column":42}},"23":{"start":{"line":96,"column":8},"end":{"line":96,"column":41}},"24":{"start":{"line":97,"column":8},"end":{"line":97,"column":42}},"25":{"start":{"line":98,"column":8},"end":{"line":98,"column":57}},"26":{"start":{"line":99,"column":8},"end":{"line":99,"column":43}},"27":{"start":{"line":107,"column":8},"end":{"line":107,"column":30}},"28":{"start":{"line":121,"column":8},"end":{"line":121,"column":65}},"29":{"start":{"line":122,"column":8},"end":{"line":122,"column":54}},"30":{"start":{"line":123,"column":8},"end":{"line":123,"column":53}},"31":{"start":{"line":124,"column":8},"end":{"line":124,"column":43}},"32":{"start":{"line":125,"column":8},"end":{"line":125,"column":50}},"33":{"start":{"line":139,"column":8},"end":{"line":139,"column":81}},"34":{"start":{"line":140,"column":8},"end":{"line":140,"column":3646}},"35":{"start":{"line":160,"column":6},"end":{"line":160,"column":72}},"36":{"start":{"line":161,"column":6},"end":{"line":161,"column":78}},"37":{"start":{"line":162,"column":6},"end":{"line":162,"column":4265}},"38":{"start":{"line":163,"column":8},"end":{"line":163,"column":112}},"39":{"start":{"line":165,"column":8},"end":{"line":165,"column":111}},"40":{"start":{"line":181,"column":8},"end":{"line":181,"column":74}},"41":{"start":{"line":182,"column":8},"end":{"line":182,"column":80}},"42":{"start":{"line":183,"column":8},"end":{"line":183,"column":4957}},"43":{"start":{"line":184,"column":12},"end":{"line":184,"column":122}},"44":{"start":{"line":186,"column":12},"end":{"line":186,"column":121}},"45":{"start":{"line":198,"column":8},"end":{"line":198,"column":74}},"46":{"start":{"line":199,"column":8},"end":{"line":199,"column":5524}},"47":{"start":{"line":206,"column":8},"end":{"line":206,"column":5654}},"48":{"start":{"line":207,"column":12},"end":{"line":207,"column":37}},"49":{"start":{"line":209,"column":12},"end":{"line":209,"column":39}}},"branchMap":{"1":{"line":162,"type":"if","locations":[{"start":{"line":162,"column":6},"end":{"line":162,"column":6}},{"start":{"line":162,"column":6},"end":{"line":162,"column":6}}]},"2":{"line":183,"type":"if","locations":[{"start":{"line":183,"column":8},"end":{"line":183,"column":8}},{"start":{"line":183,"column":8},"end":{"line":183,"column":8}}]},"3":{"line":206,"type":"if","locations":[{"start":{"line":206,"column":8},"end":{"line":206,"column":8}},{"start":{"line":206,"column":8},"end":{"line":206,"column":8}}]}}},"contracts/libraries/Constants.sol":{"l":{"10":0,"14":0},"path":"/home/temp/dynamic-hedging/contracts/libraries/Constants.sol","s":{"1":0,"2":0},"b":{},"f":{"1":0,"2":0},"fnMap":{"1":{"name":"ethAddress","line":9,"loc":{"start":{"line":9,"column":4},"end":{"line":11,"column":4}}},"2":{"name":"decimalPlace","line":13,"loc":{"start":{"line":13,"column":4},"end":{"line":15,"column":4}}}},"statementMap":{"1":{"start":{"line":10,"column":8},"end":{"line":10,"column":18}},"2":{"start":{"line":14,"column":8},"end":{"line":14,"column":28}}},"branchMap":{}},"contracts/libraries/NormalDist.sol":{"l":{"28":293,"29":293,"30":293,"34":293,"35":293,"38":293,"39":293,"40":293,"41":293,"42":293,"46":293,"47":293,"48":293,"49":293,"50":293,"51":293},"path":"/home/temp/dynamic-hedging/contracts/libraries/NormalDist.sol","s":{"1":293,"2":293,"3":293,"4":293,"5":293,"6":293,"7":293,"8":293,"9":293,"10":293,"11":293,"12":293,"13":293,"14":293,"15":293,"16":293},"b":{},"f":{"1":293,"2":293,"3":293},"fnMap":{"1":{"name":"cdf","line":27,"loc":{"start":{"line":27,"column":4},"end":{"line":31,"column":4}}},"2":{"name":"phi","line":33,"loc":{"start":{"line":33,"column":4},"end":{"line":43,"column":4}}},"3":{"name":"getScoresFromT","line":45,"loc":{"start":{"line":45,"column":4},"end":{"line":52,"column":4}}}},"statementMap":{"1":{"start":{"line":28,"column":8},"end":{"line":28,"column":41}},"2":{"start":{"line":29,"column":8},"end":{"line":29,"column":49}},"3":{"start":{"line":30,"column":8},"end":{"line":30,"column":39}},"4":{"start":{"line":34,"column":8},"end":{"line":34,"column":41}},"5":{"start":{"line":35,"column":8},"end":{"line":35,"column":28}},"6":{"start":{"line":38,"column":8},"end":{"line":38,"column":46}},"7":{"start":{"line":39,"column":8},"end":{"line":39,"column":44}},"8":{"start":{"line":40,"column":8},"end":{"line":40,"column":51}},"9":{"start":{"line":41,"column":8},"end":{"line":41,"column":47}},"10":{"start":{"line":42,"column":8},"end":{"line":42,"column":26}},"11":{"start":{"line":46,"column":8},"end":{"line":46,"column":32}},"12":{"start":{"line":47,"column":8},"end":{"line":47,"column":42}},"13":{"start":{"line":48,"column":8},"end":{"line":48,"column":42}},"14":{"start":{"line":49,"column":8},"end":{"line":49,"column":42}},"15":{"start":{"line":50,"column":8},"end":{"line":50,"column":42}},"16":{"start":{"line":51,"column":8},"end":{"line":51,"column":20}}},"branchMap":{}},"contracts/libraries/OptionsCompute.sol":{"l":{"21":203,"22":203,"23":203,"30":530,"31":530,"32":530,"42":1,"43":1,"67":65,"68":65,"69":0,"70":0,"72":0,"73":0,"75":0,"76":0,"77":0,"78":0,"79":0,"81":65,"82":0,"84":65,"85":65,"86":65,"87":65,"88":65,"93":74,"95":14,"97":60,"111":142,"112":142,"113":142,"114":142},"path":"/home/temp/dynamic-hedging/contracts/libraries/OptionsCompute.sol","s":{"1":203,"2":203,"3":203,"4":530,"5":530,"6":530,"7":1,"8":1,"9":65,"10":65,"11":0,"12":0,"13":0,"14":0,"15":0,"16":0,"17":0,"18":0,"19":0,"20":65,"21":0,"22":65,"23":65,"24":65,"25":65,"26":65,"27":74,"28":14,"29":60,"30":142,"31":142,"32":142,"33":142},"b":{"1":[0,203],"2":[0,530],"3":[0,65],"4":[0,0],"5":[0,0],"6":[0,65],"7":[14,60]},"f":{"1":203,"2":530,"3":1,"4":65,"5":74,"6":142},"fnMap":{"1":{"name":"convertToDecimals","line":17,"loc":{"start":{"line":17,"column":4},"end":{"line":24,"column":4}}},"2":{"name":"convertFromDecimals","line":26,"loc":{"start":{"line":26,"column":4},"end":{"line":33,"column":4}}},"3":{"name":"computeEscrow","line":35,"loc":{"start":{"line":35,"column":4},"end":{"line":44,"column":4}}},"4":{"name":"computeNewWeights","line":58,"loc":{"start":{"line":58,"column":4},"end":{"line":90,"column":4}}},"5":{"name":"convertToCollateralDenominated","line":92,"loc":{"start":{"line":92,"column":4},"end":{"line":99,"column":4}}},"6":{"name":"computeIVFromSkew","line":107,"loc":{"start":{"line":107,"column":4},"end":{"line":115,"column":4}}}},"statementMap":{"1":{"start":{"line":21,"column":8},"end":{"line":21,"column":84}},"2":{"start":{"line":22,"column":8},"end":{"line":22,"column":51}},"3":{"start":{"line":23,"column":8},"end":{"line":23,"column":39}},"4":{"start":{"line":30,"column":8},"end":{"line":30,"column":84}},"5":{"start":{"line":31,"column":8},"end":{"line":31,"column":51}},"6":{"start":{"line":32,"column":8},"end":{"line":32,"column":39}},"7":{"start":{"line":42,"column":8},"end":{"line":42,"column":40}},"8":{"start":{"line":43,"column":8},"end":{"line":43,"column":60}},"9":{"start":{"line":67,"column":8},"end":{"line":67,"column":44}},"10":{"start":{"line":68,"column":8},"end":{"line":68,"column":2529}},"11":{"start":{"line":69,"column":12},"end":{"line":69,"column":2560}},"12":{"start":{"line":70,"column":16},"end":{"line":70,"column":32}},"13":{"start":{"line":72,"column":12},"end":{"line":72,"column":2648}},"14":{"start":{"line":73,"column":16},"end":{"line":73,"column":56}},"15":{"start":{"line":75,"column":12},"end":{"line":75,"column":59}},"16":{"start":{"line":76,"column":12},"end":{"line":76,"column":54}},"17":{"start":{"line":77,"column":12},"end":{"line":77,"column":90}},"18":{"start":{"line":78,"column":12},"end":{"line":78,"column":90}},"19":{"start":{"line":79,"column":12},"end":{"line":79,"column":71}},"20":{"start":{"line":81,"column":12},"end":{"line":81,"column":3147}},"21":{"start":{"line":82,"column":16},"end":{"line":82,"column":56}},"22":{"start":{"line":84,"column":12},"end":{"line":84,"column":59}},"23":{"start":{"line":85,"column":12},"end":{"line":85,"column":54}},"24":{"start":{"line":86,"column":12},"end":{"line":86,"column":90}},"25":{"start":{"line":87,"column":12},"end":{"line":87,"column":90}},"26":{"start":{"line":88,"column":12},"end":{"line":88,"column":71}},"27":{"start":{"line":93,"column":8},"end":{"line":93,"column":3810}},"28":{"start":{"line":95,"column":12},"end":{"line":95,"column":49}},"29":{"start":{"line":97,"column":12},"end":{"line":97,"column":24}},"30":{"start":{"line":111,"column":8},"end":{"line":111,"column":39}},"31":{"start":{"line":112,"column":8},"end":{"line":112,"column":72}},"32":{"start":{"line":113,"column":8},"end":{"line":113,"column":102}},"33":{"start":{"line":114,"column":8},"end":{"line":114,"column":86}}},"branchMap":{"1":{"line":21,"type":"if","locations":[{"start":{"line":21,"column":8},"end":{"line":21,"column":8}},{"start":{"line":21,"column":8},"end":{"line":21,"column":8}}]},"2":{"line":30,"type":"if","locations":[{"start":{"line":30,"column":8},"end":{"line":30,"column":8}},{"start":{"line":30,"column":8},"end":{"line":30,"column":8}}]},"3":{"line":68,"type":"if","locations":[{"start":{"line":68,"column":8},"end":{"line":68,"column":8}},{"start":{"line":68,"column":8},"end":{"line":68,"column":8}}]},"4":{"line":69,"type":"if","locations":[{"start":{"line":69,"column":12},"end":{"line":69,"column":12}},{"start":{"line":69,"column":12},"end":{"line":69,"column":12}}]},"5":{"line":72,"type":"if","locations":[{"start":{"line":72,"column":12},"end":{"line":72,"column":12}},{"start":{"line":72,"column":12},"end":{"line":72,"column":12}}]},"6":{"line":81,"type":"if","locations":[{"start":{"line":81,"column":12},"end":{"line":81,"column":12}},{"start":{"line":81,"column":12},"end":{"line":81,"column":12}}]},"7":{"line":93,"type":"if","locations":[{"start":{"line":93,"column":8},"end":{"line":93,"column":8}},{"start":{"line":93,"column":8},"end":{"line":93,"column":8}}]}}},"contracts/libraries/OpynInteractions.sol":{"l":{"40":3,"42":3,"52":3,"53":0,"56":3,"66":3,"89":0,"90":0,"100":0,"101":0,"123":3,"127":3,"128":3,"130":3,"133":3,"134":3,"136":3,"139":3,"141":3,"142":3,"144":3,"155":3,"166":3,"178":0,"189":0,"202":3,"204":3,"223":4,"226":4,"227":4,"229":4,"230":4,"231":4,"234":4,"237":4,"248":4,"259":4,"262":4,"272":3,"274":3,"277":3,"281":3,"285":3,"286":0,"290":3,"295":3,"298":3,"309":3,"311":3,"313":3,"331":3,"333":3,"334":3,"337":3,"340":3,"350":3,"351":3,"353":3,"354":3},"path":"/home/temp/dynamic-hedging/contracts/libraries/OpynInteractions.sol","s":{"1":3,"2":3,"3":3,"4":0,"5":3,"6":3,"7":0,"8":0,"9":0,"10":0,"11":3,"12":3,"13":3,"14":3,"15":3,"16":3,"17":3,"18":3,"19":3,"20":3,"21":3,"22":3,"23":3,"24":0,"25":0,"26":3,"27":3,"28":4,"29":4,"30":4,"31":4,"32":4,"33":4,"34":4,"35":4,"36":4,"37":4,"38":4,"39":3,"40":3,"41":3,"42":3,"43":3,"44":0,"45":3,"46":3,"47":3,"48":3,"49":3,"50":3,"51":3,"52":3,"53":3,"54":3,"55":3,"56":3,"57":3,"58":3,"59":3},"b":{"1":[0,3],"2":[0,0],"3":[3,0],"4":[3,0],"5":[0,3]},"f":{"1":3,"2":0,"3":3,"4":4,"5":3,"6":3},"fnMap":{"1":{"name":"getOrDeployOtoken","line":31,"loc":{"start":{"line":31,"column":4},"end":{"line":67,"column":4}}},"2":{"name":"getOtoken","line":80,"loc":{"start":{"line":80,"column":4},"end":{"line":103,"column":4}}},"3":{"name":"createShort","line":115,"loc":{"start":{"line":115,"column":4},"end":{"line":205,"column":4}}},"4":{"name":"burnShort","line":216,"loc":{"start":{"line":216,"column":4},"end":{"line":263,"column":4}}},"5":{"name":"settle","line":271,"loc":{"start":{"line":271,"column":4},"end":{"line":314,"column":4}}},"6":{"name":"redeem","line":325,"loc":{"start":{"line":325,"column":4},"end":{"line":355,"column":4}}}},"statementMap":{"1":{"start":{"line":40,"column":8},"end":{"line":40,"column":62}},"2":{"start":{"line":42,"column":8},"end":{"line":42,"column":1403}},"3":{"start":{"line":52,"column":8},"end":{"line":52,"column":1640}},"4":{"start":{"line":53,"column":12},"end":{"line":53,"column":36}},"5":{"start":{"line":56,"column":8},"end":{"line":56,"column":1741}},"6":{"start":{"line":66,"column":8},"end":{"line":66,"column":21}},"7":{"start":{"line":89,"column":8},"end":{"line":89,"column":62}},"8":{"start":{"line":90,"column":8},"end":{"line":90,"column":2924}},"9":{"start":{"line":100,"column":8},"end":{"line":100,"column":3161}},"10":{"start":{"line":101,"column":12},"end":{"line":101,"column":36}},"11":{"start":{"line":123,"column":8},"end":{"line":123,"column":61}},"12":{"start":{"line":127,"column":8},"end":{"line":127,"column":47}},"13":{"start":{"line":128,"column":8},"end":{"line":128,"column":58}},"14":{"start":{"line":130,"column":8},"end":{"line":130,"column":48}},"15":{"start":{"line":133,"column":8},"end":{"line":133,"column":54}},"16":{"start":{"line":134,"column":8},"end":{"line":134,"column":78}},"17":{"start":{"line":136,"column":8},"end":{"line":136,"column":4829}},"18":{"start":{"line":139,"column":8},"end":{"line":139,"column":4999}},"19":{"start":{"line":141,"column":8},"end":{"line":141,"column":5038}},"20":{"start":{"line":142,"column":12},"end":{"line":142,"column":52}},"21":{"start":{"line":144,"column":12},"end":{"line":144,"column":5139}},"22":{"start":{"line":155,"column":12},"end":{"line":155,"column":5500}},"23":{"start":{"line":166,"column":12},"end":{"line":166,"column":5904}},"24":{"start":{"line":178,"column":12},"end":{"line":178,"column":6315}},"25":{"start":{"line":189,"column":12},"end":{"line":189,"column":6719}},"26":{"start":{"line":202,"column":8},"end":{"line":202,"column":34}},"27":{"start":{"line":204,"column":8},"end":{"line":204,"column":25}},"28":{"start":{"line":223,"column":8},"end":{"line":223,"column":61}},"29":{"start":{"line":226,"column":8},"end":{"line":226,"column":47}},"30":{"start":{"line":227,"column":8},"end":{"line":227,"column":65}},"31":{"start":{"line":229,"column":8},"end":{"line":229,"column":48}},"32":{"start":{"line":230,"column":8},"end":{"line":230,"column":77}},"33":{"start":{"line":231,"column":8},"end":{"line":231,"column":8430}},"34":{"start":{"line":234,"column":8},"end":{"line":234,"column":8600}},"35":{"start":{"line":237,"column":8},"end":{"line":237,"column":8661}},"36":{"start":{"line":248,"column":8},"end":{"line":248,"column":9058}},"37":{"start":{"line":259,"column":8},"end":{"line":259,"column":34}},"38":{"start":{"line":262,"column":8},"end":{"line":262,"column":76}},"39":{"start":{"line":272,"column":8},"end":{"line":272,"column":61}},"40":{"start":{"line":274,"column":8},"end":{"line":274,"column":10075}},"41":{"start":{"line":277,"column":8},"end":{"line":277,"column":57}},"42":{"start":{"line":281,"column":8},"end":{"line":281,"column":66}},"43":{"start":{"line":285,"column":8},"end":{"line":285,"column":10538}},"44":{"start":{"line":286,"column":12},"end":{"line":286,"column":20}},"45":{"start":{"line":290,"column":8},"end":{"line":290,"column":10753}},"46":{"start":{"line":295,"column":8},"end":{"line":295,"column":11013}},"47":{"start":{"line":298,"column":8},"end":{"line":298,"column":11074}},"48":{"start":{"line":309,"column":8},"end":{"line":309,"column":34}},"49":{"start":{"line":311,"column":8},"end":{"line":311,"column":79}},"50":{"start":{"line":313,"column":8},"end":{"line":313,"column":60}},"51":{"start":{"line":331,"column":8},"end":{"line":331,"column":61}},"52":{"start":{"line":333,"column":8},"end":{"line":333,"column":57}},"53":{"start":{"line":334,"column":8},"end":{"line":334,"column":71}},"54":{"start":{"line":337,"column":8},"end":{"line":337,"column":12444}},"55":{"start":{"line":340,"column":8},"end":{"line":340,"column":12505}},"56":{"start":{"line":350,"column":8},"end":{"line":350,"column":69}},"57":{"start":{"line":351,"column":8},"end":{"line":351,"column":34}},"58":{"start":{"line":353,"column":8},"end":{"line":353,"column":69}},"59":{"start":{"line":354,"column":8},"end":{"line":354,"column":50}}},"branchMap":{"1":{"line":52,"type":"if","locations":[{"start":{"line":52,"column":8},"end":{"line":52,"column":8}},{"start":{"line":52,"column":8},"end":{"line":52,"column":8}}]},"2":{"line":100,"type":"if","locations":[{"start":{"line":100,"column":8},"end":{"line":100,"column":8}},{"start":{"line":100,"column":8},"end":{"line":100,"column":8}}]},"3":{"line":141,"type":"if","locations":[{"start":{"line":141,"column":8},"end":{"line":141,"column":8}},{"start":{"line":141,"column":8},"end":{"line":141,"column":8}}]},"4":{"line":277,"type":"if","locations":[{"start":{"line":277,"column":8},"end":{"line":277,"column":8}},{"start":{"line":277,"column":8},"end":{"line":277,"column":8}}]},"5":{"line":285,"type":"if","locations":[{"start":{"line":285,"column":8},"end":{"line":285,"column":8}},{"start":{"line":285,"column":8},"end":{"line":285,"column":8}}]}}},"contracts/libraries/OpynInteractionsV2.sol":{"l":{"40":77,"42":77,"52":77,"53":0,"56":77,"66":77,"89":0,"90":0,"100":0,"101":0,"124":81,"128":81,"129":81,"131":81,"134":81,"135":81,"137":81,"140":81,"142":81,"143":77,"145":77,"156":77,"167":77,"179":4,"190":4,"203":81,"205":81,"223":1,"225":1,"226":1,"227":1,"230":1,"241":1,"257":3,"259":3,"262":3,"273":3,"290":10,"293":10,"294":10,"295":10,"296":10,"299":10,"302":10,"313":10,"324":10,"325":10,"335":7,"337":7,"340":7,"344":7,"348":7,"349":0,"353":7,"358":7,"361":7,"372":7,"374":7,"376":7,"394":7,"396":7,"397":7,"400":7,"403":7,"413":7,"414":7,"416":7,"417":7},"path":"/home/temp/dynamic-hedging/contracts/libraries/OpynInteractionsV2.sol","s":{"1":77,"2":77,"3":77,"4":0,"5":77,"6":77,"7":0,"8":0,"9":0,"10":0,"11":81,"12":81,"13":81,"14":81,"15":81,"16":81,"17":81,"18":81,"19":81,"20":77,"21":77,"22":77,"23":77,"24":4,"25":4,"26":81,"27":81,"28":1,"29":1,"30":1,"31":1,"32":1,"33":1,"34":3,"35":3,"36":3,"37":3,"38":10,"39":10,"40":10,"41":10,"42":10,"43":10,"44":10,"45":10,"46":10,"47":10,"48":7,"49":7,"50":7,"51":7,"52":7,"53":0,"54":7,"55":7,"56":7,"57":7,"58":7,"59":7,"60":7,"61":7,"62":7,"63":7,"64":7,"65":7,"66":7,"67":7,"68":7},"b":{"1":[0,77],"2":[0,0],"3":[77,4],"4":[7,0],"5":[0,7]},"f":{"1":77,"2":0,"3":81,"4":1,"5":3,"6":10,"7":7,"8":7},"fnMap":{"1":{"name":"getOrDeployOtoken","line":31,"loc":{"start":{"line":31,"column":4},"end":{"line":67,"column":4}}},"2":{"name":"getOtoken","line":80,"loc":{"start":{"line":80,"column":4},"end":{"line":103,"column":4}}},"3":{"name":"createShort","line":115,"loc":{"start":{"line":115,"column":4},"end":{"line":206,"column":4}}},"4":{"name":"depositCollat","line":216,"loc":{"start":{"line":216,"column":4},"end":{"line":242,"column":4}}},"5":{"name":"withdrawCollat","line":251,"loc":{"start":{"line":251,"column":4},"end":{"line":274,"column":4}}},"6":{"name":"burnShort","line":284,"loc":{"start":{"line":284,"column":4},"end":{"line":326,"column":4}}},"7":{"name":"settle","line":334,"loc":{"start":{"line":334,"column":4},"end":{"line":377,"column":4}}},"8":{"name":"redeem","line":388,"loc":{"start":{"line":388,"column":4},"end":{"line":418,"column":4}}}},"statementMap":{"1":{"start":{"line":40,"column":8},"end":{"line":40,"column":62}},"2":{"start":{"line":42,"column":8},"end":{"line":42,"column":1405}},"3":{"start":{"line":52,"column":8},"end":{"line":52,"column":1642}},"4":{"start":{"line":53,"column":12},"end":{"line":53,"column":36}},"5":{"start":{"line":56,"column":8},"end":{"line":56,"column":1743}},"6":{"start":{"line":66,"column":8},"end":{"line":66,"column":21}},"7":{"start":{"line":89,"column":8},"end":{"line":89,"column":62}},"8":{"start":{"line":90,"column":8},"end":{"line":90,"column":2922}},"9":{"start":{"line":100,"column":8},"end":{"line":100,"column":3159}},"10":{"start":{"line":101,"column":12},"end":{"line":101,"column":36}},"11":{"start":{"line":124,"column":8},"end":{"line":124,"column":61}},"12":{"start":{"line":128,"column":8},"end":{"line":128,"column":47}},"13":{"start":{"line":129,"column":8},"end":{"line":129,"column":58}},"14":{"start":{"line":131,"column":8},"end":{"line":131,"column":48}},"15":{"start":{"line":134,"column":8},"end":{"line":134,"column":54}},"16":{"start":{"line":135,"column":8},"end":{"line":135,"column":78}},"17":{"start":{"line":137,"column":8},"end":{"line":137,"column":4912}},"18":{"start":{"line":140,"column":8},"end":{"line":140,"column":5082}},"19":{"start":{"line":142,"column":8},"end":{"line":142,"column":5121}},"20":{"start":{"line":143,"column":12},"end":{"line":143,"column":52}},"21":{"start":{"line":145,"column":12},"end":{"line":145,"column":5222}},"22":{"start":{"line":156,"column":12},"end":{"line":156,"column":5602}},"23":{"start":{"line":167,"column":12},"end":{"line":167,"column":6006}},"24":{"start":{"line":179,"column":12},"end":{"line":179,"column":6417}},"25":{"start":{"line":190,"column":12},"end":{"line":190,"column":6821}},"26":{"start":{"line":203,"column":8},"end":{"line":203,"column":34}},"27":{"start":{"line":205,"column":8},"end":{"line":205,"column":25}},"28":{"start":{"line":223,"column":8},"end":{"line":223,"column":61}},"29":{"start":{"line":225,"column":8},"end":{"line":225,"column":54}},"30":{"start":{"line":226,"column":8},"end":{"line":226,"column":78}},"31":{"start":{"line":227,"column":8},"end":{"line":227,"column":8215}},"32":{"start":{"line":230,"column":12},"end":{"line":230,"column":8284}},"33":{"start":{"line":241,"column":8},"end":{"line":241,"column":34}},"34":{"start":{"line":257,"column":8},"end":{"line":257,"column":61}},"35":{"start":{"line":259,"column":8},"end":{"line":259,"column":9344}},"36":{"start":{"line":262,"column":12},"end":{"line":262,"column":9413}},"37":{"start":{"line":273,"column":8},"end":{"line":273,"column":34}},"38":{"start":{"line":290,"column":8},"end":{"line":290,"column":61}},"39":{"start":{"line":293,"column":8},"end":{"line":293,"column":47}},"40":{"start":{"line":294,"column":8},"end":{"line":294,"column":65}},"41":{"start":{"line":295,"column":8},"end":{"line":295,"column":77}},"42":{"start":{"line":296,"column":8},"end":{"line":296,"column":10907}},"43":{"start":{"line":299,"column":8},"end":{"line":299,"column":11077}},"44":{"start":{"line":302,"column":8},"end":{"line":302,"column":11138}},"45":{"start":{"line":313,"column":8},"end":{"line":313,"column":11532}},"46":{"start":{"line":324,"column":8},"end":{"line":324,"column":34}},"47":{"start":{"line":325,"column":8},"end":{"line":325,"column":76}},"48":{"start":{"line":335,"column":8},"end":{"line":335,"column":61}},"49":{"start":{"line":337,"column":8},"end":{"line":337,"column":12547}},"50":{"start":{"line":340,"column":8},"end":{"line":340,"column":57}},"51":{"start":{"line":344,"column":8},"end":{"line":344,"column":66}},"52":{"start":{"line":348,"column":8},"end":{"line":348,"column":13010}},"53":{"start":{"line":349,"column":12},"end":{"line":349,"column":20}},"54":{"start":{"line":353,"column":8},"end":{"line":353,"column":13225}},"55":{"start":{"line":358,"column":8},"end":{"line":358,"column":13485}},"56":{"start":{"line":361,"column":8},"end":{"line":361,"column":13546}},"57":{"start":{"line":372,"column":8},"end":{"line":372,"column":34}},"58":{"start":{"line":374,"column":8},"end":{"line":374,"column":79}},"59":{"start":{"line":376,"column":8},"end":{"line":376,"column":60}},"60":{"start":{"line":394,"column":8},"end":{"line":394,"column":61}},"61":{"start":{"line":396,"column":8},"end":{"line":396,"column":57}},"62":{"start":{"line":397,"column":8},"end":{"line":397,"column":71}},"63":{"start":{"line":400,"column":8},"end":{"line":400,"column":14916}},"64":{"start":{"line":403,"column":8},"end":{"line":403,"column":14977}},"65":{"start":{"line":413,"column":8},"end":{"line":413,"column":69}},"66":{"start":{"line":414,"column":8},"end":{"line":414,"column":34}},"67":{"start":{"line":416,"column":8},"end":{"line":416,"column":69}},"68":{"start":{"line":417,"column":8},"end":{"line":417,"column":50}}},"branchMap":{"1":{"line":52,"type":"if","locations":[{"start":{"line":52,"column":8},"end":{"line":52,"column":8}},{"start":{"line":52,"column":8},"end":{"line":52,"column":8}}]},"2":{"line":100,"type":"if","locations":[{"start":{"line":100,"column":8},"end":{"line":100,"column":8}},{"start":{"line":100,"column":8},"end":{"line":100,"column":8}}]},"3":{"line":142,"type":"if","locations":[{"start":{"line":142,"column":8},"end":{"line":142,"column":8}},{"start":{"line":142,"column":8},"end":{"line":142,"column":8}}]},"4":{"line":340,"type":"if","locations":[{"start":{"line":340,"column":8},"end":{"line":340,"column":8}},{"start":{"line":340,"column":8},"end":{"line":340,"column":8}}]},"5":{"line":348,"type":"if","locations":[{"start":{"line":348,"column":8},"end":{"line":348,"column":8}},{"start":{"line":348,"column":8},"end":{"line":348,"column":8}}]}}},"contracts/libraries/PRBMath.sol":{"l":{"128":0,"345":0,"346":0,"347":0,"349":0,"350":0,"351":0,"353":0,"354":0,"355":0,"357":0,"358":0,"359":0,"361":0,"362":0,"363":0,"365":0,"366":0,"367":0,"369":0,"370":0,"371":0,"373":0,"375":0,"402":0,"403":0,"404":0,"411":0,"412":0,"415":0,"419":0,"420":0,"428":0,"429":0,"440":0,"499":0,"500":0,"501":0,"507":0,"508":0,"511":0,"512":0,"513":0,"518":0,"519":0,"525":0,"556":0,"557":0,"561":0,"562":0,"563":0,"564":0,"571":0,"572":0,"573":0,"577":0,"578":0,"579":0,"580":0,"588":0,"600":0,"601":0,"605":0,"606":0,"607":0,"608":0,"609":0,"611":0,"612":0,"613":0,"615":0,"616":0,"617":0,"619":0,"620":0,"621":0,"623":0,"624":0,"625":0,"627":0,"628":0,"629":0,"631":0,"632":0,"636":0},"path":"/home/temp/dynamic-hedging/contracts/libraries/PRBMath.sol","s":{"1":0,"2":0,"3":0,"4":0,"5":0,"6":0,"7":0,"8":0,"9":0,"10":0,"11":0,"12":0,"13":0,"14":0,"15":0,"16":0,"17":0,"18":0,"19":0,"20":0,"21":0,"22":0,"23":0,"24":0,"25":0,"26":0,"27":0,"28":0,"29":0,"30":0,"31":0,"32":0,"33":0,"34":0,"35":0,"36":0,"37":0,"38":0,"39":0,"40":0,"41":0,"42":0,"43":0,"44":0,"45":0,"46":0,"47":0,"48":0,"49":0,"50":0,"51":0,"52":0,"53":0,"54":0,"55":0,"56":0,"57":0,"58":0,"59":0,"60":0,"61":0,"62":0,"63":0,"64":0,"65":0,"66":0,"67":0,"68":0,"69":0},"b":{"1":[0,0],"2":[0,0],"3":[0,0],"4":[0,0],"5":[0,0],"6":[0,0],"7":[0,0],"8":[0,0],"9":[0,0],"10":[0,0],"11":[0,0],"12":[0,0],"13":[0,0],"14":[0,0],"15":[0,0],"16":[0,0],"17":[0,0],"18":[0,0],"19":[0,0],"20":[0,0],"21":[0,0],"22":[0,0]},"f":{"1":0,"2":0,"3":0,"4":0,"5":0,"6":0},"fnMap":{"1":{"name":"exp2","line":127,"loc":{"start":{"line":127,"column":4},"end":{"line":338,"column":4}}},"2":{"name":"mostSignificantBit","line":344,"loc":{"start":{"line":344,"column":4},"end":{"line":377,"column":4}}},"3":{"name":"mulDiv","line":394,"loc":{"start":{"line":394,"column":4},"end":{"line":478,"column":4}}},"4":{"name":"mulDivFixedPoint","line":498,"loc":{"start":{"line":498,"column":4},"end":{"line":537,"column":4}}},"5":{"name":"mulDivSigned","line":551,"loc":{"start":{"line":551,"column":4},"end":{"line":589,"column":4}}},"6":{"name":"sqrt","line":599,"loc":{"start":{"line":599,"column":4},"end":{"line":647,"column":4}}}},"statementMap":{"1":{"start":{"line":345,"column":8},"end":{"line":345,"column":13841}},"2":{"start":{"line":346,"column":12},"end":{"line":346,"column":20}},"3":{"start":{"line":347,"column":12},"end":{"line":347,"column":21}},"4":{"start":{"line":349,"column":8},"end":{"line":349,"column":13925}},"5":{"start":{"line":350,"column":12},"end":{"line":350,"column":19}},"6":{"start":{"line":351,"column":12},"end":{"line":351,"column":20}},"7":{"start":{"line":353,"column":8},"end":{"line":353,"column":14006}},"8":{"start":{"line":354,"column":12},"end":{"line":354,"column":19}},"9":{"start":{"line":355,"column":12},"end":{"line":355,"column":20}},"10":{"start":{"line":357,"column":8},"end":{"line":357,"column":14087}},"11":{"start":{"line":358,"column":12},"end":{"line":358,"column":19}},"12":{"start":{"line":359,"column":12},"end":{"line":359,"column":20}},"13":{"start":{"line":361,"column":8},"end":{"line":361,"column":14168}},"14":{"start":{"line":362,"column":12},"end":{"line":362,"column":18}},"15":{"start":{"line":363,"column":12},"end":{"line":363,"column":19}},"16":{"start":{"line":365,"column":8},"end":{"line":365,"column":14246}},"17":{"start":{"line":366,"column":12},"end":{"line":366,"column":18}},"18":{"start":{"line":367,"column":12},"end":{"line":367,"column":19}},"19":{"start":{"line":369,"column":8},"end":{"line":369,"column":14324}},"20":{"start":{"line":370,"column":12},"end":{"line":370,"column":18}},"21":{"start":{"line":371,"column":12},"end":{"line":371,"column":19}},"22":{"start":{"line":373,"column":8},"end":{"line":373,"column":14402}},"23":{"start":{"line":375,"column":12},"end":{"line":375,"column":19}},"24":{"start":{"line":402,"column":8},"end":{"line":402,"column":21}},"25":{"start":{"line":403,"column":8},"end":{"line":403,"column":21}},"26":{"start":{"line":411,"column":8},"end":{"line":411,"column":15864}},"27":{"start":{"line":415,"column":12},"end":{"line":415,"column":25}},"28":{"start":{"line":419,"column":8},"end":{"line":419,"column":16096}},"29":{"start":{"line":428,"column":8},"end":{"line":428,"column":25}},"30":{"start":{"line":499,"column":8},"end":{"line":499,"column":21}},"31":{"start":{"line":500,"column":8},"end":{"line":500,"column":21}},"32":{"start":{"line":507,"column":8},"end":{"line":507,"column":20501}},"33":{"start":{"line":511,"column":8},"end":{"line":511,"column":25}},"34":{"start":{"line":512,"column":8},"end":{"line":512,"column":27}},"35":{"start":{"line":518,"column":8},"end":{"line":518,"column":20795}},"36":{"start":{"line":556,"column":8},"end":{"line":556,"column":22027}},"37":{"start":{"line":561,"column":8},"end":{"line":561,"column":18}},"38":{"start":{"line":562,"column":8},"end":{"line":562,"column":18}},"39":{"start":{"line":563,"column":8},"end":{"line":563,"column":18}},"40":{"start":{"line":571,"column":8},"end":{"line":571,"column":41}},"41":{"start":{"line":572,"column":8},"end":{"line":572,"column":22676}},"42":{"start":{"line":577,"column":8},"end":{"line":577,"column":18}},"43":{"start":{"line":578,"column":8},"end":{"line":578,"column":18}},"44":{"start":{"line":579,"column":8},"end":{"line":579,"column":18}},"45":{"start":{"line":588,"column":8},"end":{"line":588,"column":64}},"46":{"start":{"line":600,"column":8},"end":{"line":600,"column":23769}},"47":{"start":{"line":601,"column":12},"end":{"line":601,"column":20}},"48":{"start":{"line":605,"column":8},"end":{"line":605,"column":33}},"49":{"start":{"line":606,"column":8},"end":{"line":606,"column":17}},"50":{"start":{"line":607,"column":8},"end":{"line":607,"column":23963}},"51":{"start":{"line":608,"column":12},"end":{"line":608,"column":23}},"52":{"start":{"line":609,"column":12},"end":{"line":609,"column":24}},"53":{"start":{"line":611,"column":8},"end":{"line":611,"column":24085}},"54":{"start":{"line":612,"column":12},"end":{"line":612,"column":22}},"55":{"start":{"line":613,"column":12},"end":{"line":613,"column":24}},"56":{"start":{"line":615,"column":8},"end":{"line":615,"column":24190}},"57":{"start":{"line":616,"column":12},"end":{"line":616,"column":22}},"58":{"start":{"line":617,"column":12},"end":{"line":617,"column":24}},"59":{"start":{"line":619,"column":8},"end":{"line":619,"column":24287}},"60":{"start":{"line":620,"column":12},"end":{"line":620,"column":22}},"61":{"start":{"line":621,"column":12},"end":{"line":621,"column":23}},"62":{"start":{"line":623,"column":8},"end":{"line":623,"column":24379}},"63":{"start":{"line":624,"column":12},"end":{"line":624,"column":21}},"64":{"start":{"line":625,"column":12},"end":{"line":625,"column":23}},"65":{"start":{"line":627,"column":8},"end":{"line":627,"column":24468}},"66":{"start":{"line":628,"column":12},"end":{"line":628,"column":21}},"67":{"start":{"line":629,"column":12},"end":{"line":629,"column":23}},"68":{"start":{"line":631,"column":8},"end":{"line":631,"column":24556}},"69":{"start":{"line":632,"column":12},"end":{"line":632,"column":23}}},"branchMap":{"1":{"line":345,"type":"if","locations":[{"start":{"line":345,"column":8},"end":{"line":345,"column":8}},{"start":{"line":345,"column":8},"end":{"line":345,"column":8}}]},"2":{"line":349,"type":"if","locations":[{"start":{"line":349,"column":8},"end":{"line":349,"column":8}},{"start":{"line":349,"column":8},"end":{"line":349,"column":8}}]},"3":{"line":353,"type":"if","locations":[{"start":{"line":353,"column":8},"end":{"line":353,"column":8}},{"start":{"line":353,"column":8},"end":{"line":353,"column":8}}]},"4":{"line":357,"type":"if","locations":[{"start":{"line":357,"column":8},"end":{"line":357,"column":8}},{"start":{"line":357,"column":8},"end":{"line":357,"column":8}}]},"5":{"line":361,"type":"if","locations":[{"start":{"line":361,"column":8},"end":{"line":361,"column":8}},{"start":{"line":361,"column":8},"end":{"line":361,"column":8}}]},"6":{"line":365,"type":"if","locations":[{"start":{"line":365,"column":8},"end":{"line":365,"column":8}},{"start":{"line":365,"column":8},"end":{"line":365,"column":8}}]},"7":{"line":369,"type":"if","locations":[{"start":{"line":369,"column":8},"end":{"line":369,"column":8}},{"start":{"line":369,"column":8},"end":{"line":369,"column":8}}]},"8":{"line":373,"type":"if","locations":[{"start":{"line":373,"column":8},"end":{"line":373,"column":8}},{"start":{"line":373,"column":8},"end":{"line":373,"column":8}}]},"9":{"line":411,"type":"if","locations":[{"start":{"line":411,"column":8},"end":{"line":411,"column":8}},{"start":{"line":411,"column":8},"end":{"line":411,"column":8}}]},"10":{"line":419,"type":"if","locations":[{"start":{"line":419,"column":8},"end":{"line":419,"column":8}},{"start":{"line":419,"column":8},"end":{"line":419,"column":8}}]},"11":{"line":507,"type":"if","locations":[{"start":{"line":507,"column":8},"end":{"line":507,"column":8}},{"start":{"line":507,"column":8},"end":{"line":507,"column":8}}]},"12":{"line":518,"type":"if","locations":[{"start":{"line":518,"column":8},"end":{"line":518,"column":8}},{"start":{"line":518,"column":8},"end":{"line":518,"column":8}}]},"13":{"line":556,"type":"if","locations":[{"start":{"line":556,"column":8},"end":{"line":556,"column":8}},{"start":{"line":556,"column":8},"end":{"line":556,"column":8}}]},"14":{"line":572,"type":"if","locations":[{"start":{"line":572,"column":8},"end":{"line":572,"column":8}},{"start":{"line":572,"column":8},"end":{"line":572,"column":8}}]},"15":{"line":600,"type":"if","locations":[{"start":{"line":600,"column":8},"end":{"line":600,"column":8}},{"start":{"line":600,"column":8},"end":{"line":600,"column":8}}]},"16":{"line":607,"type":"if","locations":[{"start":{"line":607,"column":8},"end":{"line":607,"column":8}},{"start":{"line":607,"column":8},"end":{"line":607,"column":8}}]},"17":{"line":611,"type":"if","locations":[{"start":{"line":611,"column":8},"end":{"line":611,"column":8}},{"start":{"line":611,"column":8},"end":{"line":611,"column":8}}]},"18":{"line":615,"type":"if","locations":[{"start":{"line":615,"column":8},"end":{"line":615,"column":8}},{"start":{"line":615,"column":8},"end":{"line":615,"column":8}}]},"19":{"line":619,"type":"if","locations":[{"start":{"line":619,"column":8},"end":{"line":619,"column":8}},{"start":{"line":619,"column":8},"end":{"line":619,"column":8}}]},"20":{"line":623,"type":"if","locations":[{"start":{"line":623,"column":8},"end":{"line":623,"column":8}},{"start":{"line":623,"column":8},"end":{"line":623,"column":8}}]},"21":{"line":627,"type":"if","locations":[{"start":{"line":627,"column":8},"end":{"line":627,"column":8}},{"start":{"line":627,"column":8},"end":{"line":627,"column":8}}]},"22":{"line":631,"type":"if","locations":[{"start":{"line":631,"column":8},"end":{"line":631,"column":8}},{"start":{"line":631,"column":8},"end":{"line":631,"column":8}}]}}},"contracts/libraries/PRBMathSD59x18.sol":{"l":{"48":0,"62":0,"89":0,"90":0,"92":0,"123":0,"124":0,"128":0,"129":0,"130":0,"136":0,"137":0,"138":0,"142":0,"143":0,"144":0,"151":0,"157":0,"176":0,"177":0,"181":0,"182":0,"186":0,"207":0,"209":0,"210":0,"214":0,"219":0,"220":0,"223":0,"244":0,"245":0,"247":0,"267":0,"281":0,"302":0,"303":0,"306":0,"332":0,"354":0,"373":0,"374":0,"379":0,"463":0,"465":0,"485":0,"486":0,"488":0,"552":0,"553":0,"556":0,"579":0,"598":0,"599":0,"601":0,"622":0,"625":0,"628":0,"629":0,"630":0,"633":0,"634":0,"639":0,"640":0,"644":0,"645":0,"650":0,"663":0,"680":0},"path":"/home/temp/dynamic-hedging/contracts/libraries/PRBMathSD59x18.sol","s":{"1":0,"2":0,"3":0,"4":0,"5":0,"6":0,"7":0,"8":0,"9":0,"10":0,"11":0,"12":0,"13":0,"14":0,"15":0,"16":0,"17":0,"18":0,"19":0,"20":0,"21":0,"22":0,"23":0,"24":0,"25":0,"26":0,"27":0,"28":0,"29":0,"30":0,"31":0,"32":0,"33":0,"34":0,"35":0,"36":0,"37":0,"38":0,"39":0},"b":{"1":[0,0],"2":[0,0],"3":[0,0],"4":[0,0],"5":[0,0],"6":[0,0],"7":[0,0],"8":[0,0],"9":[0,0],"10":[0,0],"11":[0,0],"12":[0,0],"13":[0,0],"14":[0,0],"15":[0,0],"16":[0,0],"17":[0,0]},"f":{"1":0,"2":0,"3":0,"4":0,"5":0,"6":0,"7":0,"8":0,"9":0,"10":0,"11":0,"12":0,"13":0,"14":0,"15":0,"16":0,"17":0,"18":0,"19":0,"20":0,"21":0,"22":0},"fnMap":{"1":{"name":"abs","line":47,"loc":{"start":{"line":47,"column":4},"end":{"line":54,"column":4}}},"2":{"name":"avg","line":60,"loc":{"start":{"line":60,"column":4},"end":{"line":76,"column":4}}},"3":{"name":"ceil","line":88,"loc":{"start":{"line":88,"column":4},"end":{"line":104,"column":4}}},"4":{"name":"div","line":122,"loc":{"start":{"line":122,"column":4},"end":{"line":152,"column":4}}},"5":{"name":"e","line":156,"loc":{"start":{"line":156,"column":4},"end":{"line":158,"column":4}}},"6":{"name":"exp","line":174,"loc":{"start":{"line":174,"column":4},"end":{"line":190,"column":4}}},"7":{"name":"exp2","line":205,"loc":{"start":{"line":205,"column":4},"end":{"line":231,"column":4}}},"8":{"name":"floor","line":243,"loc":{"start":{"line":243,"column":4},"end":{"line":259,"column":4}}},"9":{"name":"frac","line":266,"loc":{"start":{"line":266,"column":4},"end":{"line":270,"column":4}}},"10":{"name":"fromInt","line":280,"loc":{"start":{"line":280,"column":4},"end":{"line":290,"column":4}}},"11":{"name":"gm","line":301,"loc":{"start":{"line":301,"column":4},"end":{"line":322,"column":4}}},"12":{"name":"inv","line":331,"loc":{"start":{"line":331,"column":4},"end":{"line":336,"column":4}}},"13":{"name":"ln","line":351,"loc":{"start":{"line":351,"column":4},"end":{"line":357,"column":4}}},"14":{"name":"log10","line":372,"loc":{"start":{"line":372,"column":4},"end":{"line":469,"column":4}}},"15":{"name":"log2","line":484,"loc":{"start":{"line":484,"column":4},"end":{"line":532,"column":4}}},"16":{"name":"mul","line":551,"loc":{"start":{"line":551,"column":4},"end":{"line":575,"column":4}}},"17":{"name":"pi","line":578,"loc":{"start":{"line":578,"column":4},"end":{"line":580,"column":4}}},"18":{"name":"pow","line":597,"loc":{"start":{"line":597,"column":4},"end":{"line":603,"column":4}}},"19":{"name":"powu","line":621,"loc":{"start":{"line":621,"column":4},"end":{"line":646,"column":4}}},"20":{"name":"scale","line":649,"loc":{"start":{"line":649,"column":4},"end":{"line":651,"column":4}}},"21":{"name":"sqrt","line":662,"loc":{"start":{"line":662,"column":4},"end":{"line":674,"column":4}}},"22":{"name":"toInt","line":679,"loc":{"start":{"line":679,"column":4},"end":{"line":683,"column":4}}}},"statementMap":{"1":{"start":{"line":89,"column":8},"end":{"line":89,"column":4122}},"2":{"start":{"line":123,"column":8},"end":{"line":123,"column":5467}},"3":{"start":{"line":128,"column":8},"end":{"line":128,"column":18}},"4":{"start":{"line":129,"column":8},"end":{"line":129,"column":18}},"5":{"start":{"line":136,"column":8},"end":{"line":136,"column":61}},"6":{"start":{"line":137,"column":8},"end":{"line":137,"column":5965}},"7":{"start":{"line":142,"column":8},"end":{"line":142,"column":18}},"8":{"start":{"line":143,"column":8},"end":{"line":143,"column":18}},"9":{"start":{"line":151,"column":8},"end":{"line":151,"column":59}},"10":{"start":{"line":157,"column":8},"end":{"line":157,"column":36}},"11":{"start":{"line":176,"column":8},"end":{"line":176,"column":7453}},"12":{"start":{"line":177,"column":12},"end":{"line":177,"column":20}},"13":{"start":{"line":181,"column":8},"end":{"line":181,"column":7613}},"14":{"start":{"line":207,"column":8},"end":{"line":207,"column":8594}},"15":{"start":{"line":209,"column":12},"end":{"line":209,"column":8730}},"16":{"start":{"line":210,"column":16},"end":{"line":210,"column":24}},"17":{"start":{"line":219,"column":12},"end":{"line":219,"column":9104}},"18":{"start":{"line":244,"column":8},"end":{"line":244,"column":10220}},"19":{"start":{"line":302,"column":8},"end":{"line":302,"column":12655}},"20":{"start":{"line":303,"column":12},"end":{"line":303,"column":20}},"21":{"start":{"line":373,"column":8},"end":{"line":373,"column":15370}},"22":{"start":{"line":463,"column":8},"end":{"line":463,"column":22480}},"23":{"start":{"line":485,"column":8},"end":{"line":485,"column":23426}},"24":{"start":{"line":552,"column":8},"end":{"line":552,"column":26192}},"25":{"start":{"line":579,"column":8},"end":{"line":579,"column":36}},"26":{"start":{"line":598,"column":8},"end":{"line":598,"column":27757}},"27":{"start":{"line":599,"column":12},"end":{"line":599,"column":46}},"28":{"start":{"line":601,"column":12},"end":{"line":601,"column":41}},"29":{"start":{"line":622,"column":8},"end":{"line":622,"column":38}},"30":{"start":{"line":625,"column":8},"end":{"line":625,"column":56}},"31":{"start":{"line":628,"column":8},"end":{"line":628,"column":24}},"32":{"start":{"line":629,"column":8},"end":{"line":629,"column":28939}},"33":{"start":{"line":630,"column":12},"end":{"line":630,"column":54}},"34":{"start":{"line":633,"column":12},"end":{"line":633,"column":29108}},"35":{"start":{"line":634,"column":16},"end":{"line":634,"column":58}},"36":{"start":{"line":639,"column":8},"end":{"line":639,"column":29302}},"37":{"start":{"line":644,"column":8},"end":{"line":644,"column":45}},"38":{"start":{"line":645,"column":8},"end":{"line":645,"column":57}},"39":{"start":{"line":650,"column":8},"end":{"line":650,"column":21}}},"branchMap":{"1":{"line":89,"type":"if","locations":[{"start":{"line":89,"column":8},"end":{"line":89,"column":8}},{"start":{"line":89,"column":8},"end":{"line":89,"column":8}}]},"2":{"line":123,"type":"if","locations":[{"start":{"line":123,"column":8},"end":{"line":123,"column":8}},{"start":{"line":123,"column":8},"end":{"line":123,"column":8}}]},"3":{"line":137,"type":"if","locations":[{"start":{"line":137,"column":8},"end":{"line":137,"column":8}},{"start":{"line":137,"column":8},"end":{"line":137,"column":8}}]},"4":{"line":176,"type":"if","locations":[{"start":{"line":176,"column":8},"end":{"line":176,"column":8}},{"start":{"line":176,"column":8},"end":{"line":176,"column":8}}]},"5":{"line":181,"type":"if","locations":[{"start":{"line":181,"column":8},"end":{"line":181,"column":8}},{"start":{"line":181,"column":8},"end":{"line":181,"column":8}}]},"6":{"line":207,"type":"if","locations":[{"start":{"line":207,"column":8},"end":{"line":207,"column":8}},{"start":{"line":207,"column":8},"end":{"line":207,"column":8}}]},"7":{"line":209,"type":"if","locations":[{"start":{"line":209,"column":12},"end":{"line":209,"column":12}},{"start":{"line":209,"column":12},"end":{"line":209,"column":12}}]},"8":{"line":219,"type":"if","locations":[{"start":{"line":219,"column":12},"end":{"line":219,"column":12}},{"start":{"line":219,"column":12},"end":{"line":219,"column":12}}]},"9":{"line":244,"type":"if","locations":[{"start":{"line":244,"column":8},"end":{"line":244,"column":8}},{"start":{"line":244,"column":8},"end":{"line":244,"column":8}}]},"10":{"line":302,"type":"if","locations":[{"start":{"line":302,"column":8},"end":{"line":302,"column":8}},{"start":{"line":302,"column":8},"end":{"line":302,"column":8}}]},"11":{"line":373,"type":"if","locations":[{"start":{"line":373,"column":8},"end":{"line":373,"column":8}},{"start":{"line":373,"column":8},"end":{"line":373,"column":8}}]},"12":{"line":463,"type":"if","locations":[{"start":{"line":463,"column":8},"end":{"line":463,"column":8}},{"start":{"line":463,"column":8},"end":{"line":463,"column":8}}]},"13":{"line":485,"type":"if","locations":[{"start":{"line":485,"column":8},"end":{"line":485,"column":8}},{"start":{"line":485,"column":8},"end":{"line":485,"column":8}}]},"14":{"line":552,"type":"if","locations":[{"start":{"line":552,"column":8},"end":{"line":552,"column":8}},{"start":{"line":552,"column":8},"end":{"line":552,"column":8}}]},"15":{"line":598,"type":"if","locations":[{"start":{"line":598,"column":8},"end":{"line":598,"column":8}},{"start":{"line":598,"column":8},"end":{"line":598,"column":8}}]},"16":{"line":633,"type":"if","locations":[{"start":{"line":633,"column":12},"end":{"line":633,"column":12}},{"start":{"line":633,"column":12},"end":{"line":633,"column":12}}]},"17":{"line":639,"type":"if","locations":[{"start":{"line":639,"column":8},"end":{"line":639,"column":8}},{"start":{"line":639,"column":8},"end":{"line":639,"column":8}}]}}},"contracts/libraries/PRBMathUD60x18.sol":{"l":{"36":0,"54":0,"55":0,"57":0,"80":0,"86":0,"101":0,"102":0,"106":0,"124":0,"125":0,"128":0,"143":0,"157":0,"170":0,"187":0,"188":0,"191":0,"212":0,"234":0,"253":0,"254":0,"260":0,"345":0,"347":0,"367":0,"368":0,"370":0,"410":0,"415":0,"433":0,"434":0,"436":0,"457":0,"460":0,"461":0,"464":0,"465":0,"472":0,"484":0,"498":0},"path":"/home/temp/dynamic-hedging/contracts/libraries/PRBMathUD60x18.sol","s":{"1":0,"2":0,"3":0,"4":0,"5":0,"6":0,"7":0,"8":0,"9":0,"10":0,"11":0,"12":0,"13":0,"14":0,"15":0,"16":0,"17":0,"18":0,"19":0,"20":0,"21":0},"b":{"1":[0,0],"2":[0,0],"3":[0,0],"4":[0,0],"5":[0,0],"6":[0,0],"7":[0,0],"8":[0,0],"9":[0,0]},"f":{"1":0,"2":0,"3":0,"4":0,"5":0,"6":0,"7":0,"8":0,"9":0,"10":0,"11":0,"12":0,"13":0,"14":0,"15":0,"16":0,"17":0,"18":0,"19":0,"20":0,"21":0},"fnMap":{"1":{"name":"avg","line":34,"loc":{"start":{"line":34,"column":4},"end":{"line":41,"column":4}}},"2":{"name":"ceil","line":53,"loc":{"start":{"line":53,"column":4},"end":{"line":67,"column":4}}},"3":{"name":"div","line":79,"loc":{"start":{"line":79,"column":4},"end":{"line":81,"column":4}}},"4":{"name":"e","line":85,"loc":{"start":{"line":85,"column":4},"end":{"line":87,"column":4}}},"5":{"name":"exp","line":99,"loc":{"start":{"line":99,"column":4},"end":{"line":110,"column":4}}},"6":{"name":"exp2","line":122,"loc":{"start":{"line":122,"column":4},"end":{"line":135,"column":4}}},"7":{"name":"floor","line":142,"loc":{"start":{"line":142,"column":4},"end":{"line":150,"column":4}}},"8":{"name":"frac","line":156,"loc":{"start":{"line":156,"column":4},"end":{"line":160,"column":4}}},"9":{"name":"fromUint","line":169,"loc":{"start":{"line":169,"column":4},"end":{"line":176,"column":4}}},"10":{"name":"gm","line":186,"loc":{"start":{"line":186,"column":4},"end":{"line":202,"column":4}}},"11":{"name":"inv","line":211,"loc":{"start":{"line":211,"column":4},"end":{"line":216,"column":4}}},"12":{"name":"ln","line":231,"loc":{"start":{"line":231,"column":4},"end":{"line":237,"column":4}}},"13":{"name":"log10","line":252,"loc":{"start":{"line":252,"column":4},"end":{"line":351,"column":4}}},"14":{"name":"log2","line":366,"loc":{"start":{"line":366,"column":4},"end":{"line":401,"column":4}}},"15":{"name":"mul","line":409,"loc":{"start":{"line":409,"column":4},"end":{"line":411,"column":4}}},"16":{"name":"pi","line":414,"loc":{"start":{"line":414,"column":4},"end":{"line":416,"column":4}}},"17":{"name":"pow","line":432,"loc":{"start":{"line":432,"column":4},"end":{"line":438,"column":4}}},"18":{"name":"powu","line":455,"loc":{"start":{"line":455,"column":4},"end":{"line":468,"column":4}}},"19":{"name":"scale","line":471,"loc":{"start":{"line":471,"column":4},"end":{"line":473,"column":4}}},"20":{"name":"sqrt","line":483,"loc":{"start":{"line":483,"column":4},"end":{"line":492,"column":4}}},"21":{"name":"toUint","line":497,"loc":{"start":{"line":497,"column":4},"end":{"line":501,"column":4}}}},"statementMap":{"1":{"start":{"line":54,"column":8},"end":{"line":54,"column":2823}},"2":{"start":{"line":80,"column":8},"end":{"line":80,"column":43}},"3":{"start":{"line":86,"column":8},"end":{"line":86,"column":36}},"4":{"start":{"line":101,"column":8},"end":{"line":101,"column":4797}},"5":{"start":{"line":124,"column":8},"end":{"line":124,"column":5732}},"6":{"start":{"line":187,"column":8},"end":{"line":187,"column":8603}},"7":{"start":{"line":188,"column":12},"end":{"line":188,"column":20}},"8":{"start":{"line":253,"column":8},"end":{"line":253,"column":11172}},"9":{"start":{"line":345,"column":8},"end":{"line":345,"column":18432}},"10":{"start":{"line":367,"column":8},"end":{"line":367,"column":19438}},"11":{"start":{"line":410,"column":8},"end":{"line":410,"column":46}},"12":{"start":{"line":415,"column":8},"end":{"line":415,"column":36}},"13":{"start":{"line":433,"column":8},"end":{"line":433,"column":22219}},"14":{"start":{"line":434,"column":12},"end":{"line":434,"column":47}},"15":{"start":{"line":436,"column":12},"end":{"line":436,"column":41}},"16":{"start":{"line":457,"column":8},"end":{"line":457,"column":37}},"17":{"start":{"line":460,"column":8},"end":{"line":460,"column":23249}},"18":{"start":{"line":461,"column":12},"end":{"line":461,"column":45}},"19":{"start":{"line":464,"column":12},"end":{"line":464,"column":23400}},"20":{"start":{"line":465,"column":16},"end":{"line":465,"column":59}},"21":{"start":{"line":472,"column":8},"end":{"line":472,"column":21}}},"branchMap":{"1":{"line":54,"type":"if","locations":[{"start":{"line":54,"column":8},"end":{"line":54,"column":8}},{"start":{"line":54,"column":8},"end":{"line":54,"column":8}}]},"2":{"line":101,"type":"if","locations":[{"start":{"line":101,"column":8},"end":{"line":101,"column":8}},{"start":{"line":101,"column":8},"end":{"line":101,"column":8}}]},"3":{"line":124,"type":"if","locations":[{"start":{"line":124,"column":8},"end":{"line":124,"column":8}},{"start":{"line":124,"column":8},"end":{"line":124,"column":8}}]},"4":{"line":187,"type":"if","locations":[{"start":{"line":187,"column":
[...]
n":8},"end":{"line":38,"column":41}},"6":{"start":{"line":39,"column":8},"end":{"line":39,"column":33}},"7":{"start":{"line":40,"column":8},"end":{"line":40,"column":41}},"8":{"start":{"line":41,"column":8},"end":{"line":41,"column":21}},"9":{"start":{"line":42,"column":8},"end":{"line":42,"column":64}},"10":{"start":{"line":43,"column":8},"end":{"line":43,"column":47}},"11":{"start":{"line":44,"column":8},"end":{"line":44,"column":53}},"12":{"start":{"line":45,"column":8},"end":{"line":45,"column":36}},"13":{"start":{"line":46,"column":8},"end":{"line":46,"column":24}},"14":{"start":{"line":50,"column":8},"end":{"line":50,"column":26}},"15":{"start":{"line":54,"column":8},"end":{"line":54,"column":29}}},"branchMap":{}},"contracts/packages/opyn/tests/SignedConverterTester.sol":{"l":{"19":0,"23":0},"path":"/home/temp/dynamic-hedging/contracts/packages/opyn/tests/SignedConverterTester.sol","s":{"1":0,"2":0},"b":{},"f":{"1":0,"2":0},"fnMap":{"1":{"name":"testFromInt","line":18,"loc":{"start":{"line":18,"column":4},"end":{"line":20,"column":4}}},"2":{"name":"testFromUint","line":22,"loc":{"start":{"line":22,"column":4},"end":{"line":24,"column":4}}}},"statementMap":{"1":{"start":{"line":19,"column":8},"end":{"line":19,"column":43}},"2":{"start":{"line":23,"column":8},"end":{"line":23,"column":43}}},"branchMap":{}},"contracts/packages/opyn/tests/UpgradeableContractV1.sol":{"l":{"24":0,"25":0,"29":0},"path":"/home/temp/dynamic-hedging/contracts/packages/opyn/tests/UpgradeableContractV1.sol","s":{"1":0,"2":0,"3":0},"b":{},"f":{"1":0,"2":0},"fnMap":{"1":{"name":"initialize","line":23,"loc":{"start":{"line":23,"column":4},"end":{"line":26,"column":4}}},"2":{"name":"getV1Version","line":28,"loc":{"start":{"line":28,"column":4},"end":{"line":30,"column":4}}}},"statementMap":{"1":{"start":{"line":24,"column":8},"end":{"line":24,"column":33}},"2":{"start":{"line":25,"column":8},"end":{"line":25,"column":21}},"3":{"start":{"line":29,"column":8},"end":{"line":29,"column":16}}},"branchMap":{}},"contracts/packages/opyn/tests/UpgradeableContractV2.sol":{"l":{"14":0},"path":"/home/temp/dynamic-hedging/contracts/packages/opyn/tests/UpgradeableContractV2.sol","s":{"1":0},"b":{},"f":{"1":0},"fnMap":{"1":{"name":"getV2Version","line":13,"loc":{"start":{"line":13,"column":4},"end":{"line":15,"column":4}}}},"statementMap":{"1":{"start":{"line":14,"column":8},"end":{"line":14,"column":16}}},"branchMap":{}},"contracts/PriceFeed.sol":{"l":{"23":14,"30":1,"32":1,"33":1,"34":1,"35":1,"42":294,"44":294,"45":294,"46":294,"47":294,"48":294,"49":294,"50":294,"51":294,"53":0,"54":0},"path":"/home/temp/dynamic-hedging/contracts/PriceFeed.sol","s":{"1":14,"2":1,"3":1,"4":1,"5":1,"6":1,"7":294,"8":294,"9":294,"10":294,"11":294,"12":294,"13":294,"14":294,"15":294,"16":0,"17":0},"b":{"1":[1,0],"2":[294,0],"3":[294,0]},"f":{"1":21,"2":14,"3":1,"4":294},"fnMap":{"1":{"name":"constructor","line":16,"loc":{"start":{"line":16,"column":4},"end":{"line":16,"column":26}}},"2":{"name":"addPriceFeed","line":22,"loc":{"start":{"line":18,"column":4},"end":{"line":24,"column":4}}},"3":{"name":"getRate","line":26,"loc":{"start":{"line":26,"column":4},"end":{"line":36,"column":4}}},"4":{"name":"getNormalizedRate","line":38,"loc":{"start":{"line":38,"column":4},"end":{"line":55,"column":4}}}},"statementMap":{"1":{"start":{"line":23,"column":8},"end":{"line":23,"column":44}},"2":{"start":{"line":30,"column":8},"end":{"line":30,"column":60}},"3":{"start":{"line":32,"column":8},"end":{"line":32,"column":70}},"4":{"start":{"line":33,"column":8},"end":{"line":33,"column":71}},"5":{"start":{"line":34,"column":8},"end":{"line":34,"column":48}},"6":{"start":{"line":35,"column":8},"end":{"line":35,"column":25}},"7":{"start":{"line":42,"column":8},"end":{"line":42,"column":60}},"8":{"start":{"line":44,"column":8},"end":{"line":44,"column":70}},"9":{"start":{"line":45,"column":8},"end":{"line":45,"column":71}},"10":{"start":{"line":46,"column":8},"end":{"line":46,"column":44}},"11":{"start":{"line":47,"column":8},"end":{"line":47,"column":48}},"12":{"start":{"line":48,"column":8},"end":{"line":48,"column":24}},"13":{"start":{"line":49,"column":8},"end":{"line":49,"column":1673}},"14":{"start":{"line":50,"column":12},"end":{"line":50,"column":53}},"15":{"start":{"line":51,"column":12},"end":{"line":51,"column":48}},"16":{"start":{"line":53,"column":8},"end":{"line":53,"column":49}},"17":{"start":{"line":54,"column":8},"end":{"line":54,"column":44}}},"branchMap":{"1":{"line":32,"type":"if","locations":[{"start":{"line":32,"column":8},"end":{"line":32,"column":8}},{"start":{"line":32,"column":8},"end":{"line":32,"column":8}}]},"2":{"line":44,"type":"if","locations":[{"start":{"line":44,"column":8},"end":{"line":44,"column":8}},{"start":{"line":44,"column":8},"end":{"line":44,"column":8}}]},"3":{"line":49,"type":"if","locations":[{"start":{"line":49,"column":8},"end":{"line":49,"column":8}},{"start":{"line":49,"column":8},"end":{"line":49,"column":8}}]}}},"contracts/tokens/ERC20.sol":{"l":{"56":15,"57":15,"58":15,"60":15,"61":15,"69":0,"71":0,"73":0,"77":0,"81":0,"85":0,"87":0,"95":0,"97":0,"99":0,"103":0,"107":0,"109":0,"125":0,"129":0,"156":0,"160":0,"164":15,"181":96,"185":96,"189":96,"193":51,"197":51,"201":51},"path":"/home/temp/dynamic-hedging/contracts/tokens/ERC20.sol","s":{"1":15,"2":15,"3":15,"4":15,"5":15,"6":0,"7":0,"8":0,"9":0,"10":0,"11":0,"12":0,"13":0,"14":0,"15":0,"16":0,"17":0,"18":0,"19":0,"20":0,"21":15,"22":96,"23":96,"24":51,"25":51},"b":{"1":[0,0],"2":[0,0]},"f":{"1":15,"2":0,"3":0,"4":0,"5":0,"6":0,"7":15,"8":96,"9":51},"fnMap":{"1":{"name":"constructor","line":51,"loc":{"start":{"line":51,"column":4},"end":{"line":62,"column":4}}},"2":{"name":"approve","line":68,"loc":{"start":{"line":68,"column":4},"end":{"line":74,"column":4}}},"3":{"name":"transfer","line":76,"loc":{"start":{"line":76,"column":4},"end":{"line":88,"column":4}}},"4":{"name":"transferFrom","line":90,"loc":{"start":{"line":90,"column":4},"end":{"line":110,"column":4}}},"5":{"name":"permit","line":116,"loc":{"start":{"line":116,"column":4},"end":{"line":157,"column":4}}},"6":{"name":"DOMAIN_SEPARATOR","line":159,"loc":{"start":{"line":159,"column":4},"end":{"line":161,"column":4}}},"7":{"name":"computeDomainSeparator","line":163,"loc":{"start":{"line":163,"column":4},"end":{"line":174,"column":4}}},"8":{"name":"_mint","line":180,"loc":{"start":{"line":180,"column":4},"end":{"line":190,"column":4}}},"9":{"name":"_burn","line":192,"loc":{"start":{"line":192,"column":4},"end":{"line":202,"column":4}}}},"statementMap":{"1":{"start":{"line":56,"column":8},"end":{"line":56,"column":19}},"2":{"start":{"line":57,"column":8},"end":{"line":57,"column":23}},"3":{"start":{"line":58,"column":8},"end":{"line":58,"column":27}},"4":{"start":{"line":60,"column":8},"end":{"line":60,"column":39}},"5":{"start":{"line":61,"column":8},"end":{"line":61,"column":58}},"6":{"start":{"line":69,"column":8},"end":{"line":69,"column":46}},"7":{"start":{"line":71,"column":8},"end":{"line":71,"column":50}},"8":{"start":{"line":73,"column":8},"end":{"line":73,"column":19}},"9":{"start":{"line":77,"column":8},"end":{"line":77,"column":38}},"10":{"start":{"line":85,"column":8},"end":{"line":85,"column":45}},"11":{"start":{"line":87,"column":8},"end":{"line":87,"column":19}},"12":{"start":{"line":95,"column":8},"end":{"line":95,"column":53}},"13":{"start":{"line":97,"column":8},"end":{"line":97,"column":88}},"14":{"start":{"line":97,"column":42},"end":{"line":97,"column":87}},"15":{"start":{"line":99,"column":8},"end":{"line":99,"column":32}},"16":{"start":{"line":107,"column":8},"end":{"line":107,"column":39}},"17":{"start":{"line":109,"column":8},"end":{"line":109,"column":19}},"18":{"start":{"line":125,"column":8},"end":{"line":125,"column":70}},"19":{"start":{"line":156,"column":8},"end":{"line":156,"column":44}},"20":{"start":{"line":160,"column":8},"end":{"line":160,"column":102}},"21":{"start":{"line":164,"column":8},"end":{"line":164,"column":5507}},"22":{"start":{"line":181,"column":8},"end":{"line":181,"column":28}},"23":{"start":{"line":189,"column":8},"end":{"line":189,"column":45}},"24":{"start":{"line":193,"column":8},"end":{"line":193,"column":32}},"25":{"start":{"line":201,"column":8},"end":{"line":201,"column":47}}},"branchMap":{"1":{"line":97,"type":"if","locations":[{"start":{"line":97,"column":8},"end":{"line":97,"column":8}},{"start":{"line":97,"column":8},"end":{"line":97,"column":8}}]},"2":{"line":125,"type":"if","locations":[{"start":{"line":125,"column":8},"end":{"line":125,"column":8}},{"start":{"line":125,"column":8},"end":{"line":125,"column":8}}]}}},"contracts/tokens/MintableERC20.sol":{"l":{"56":0,"57":0,"58":0,"60":0,"61":0,"69":0,"71":0,"73":0,"77":0,"81":0,"85":0,"87":0,"95":0,"97":0,"99":0,"103":0,"107":0,"109":0,"125":0,"129":0,"156":0,"160":0,"164":0,"177":0,"184":0,"188":0,"192":0,"196":0,"200":0,"204":0},"path":"/home/temp/dynamic-hedging/contracts/tokens/MintableERC20.sol","s":{"1":0,"2":0,"3":0,"4":0,"5":0,"6":0,"7":0,"8":0,"9":0,"10":0,"11":0,"12":0,"13":0,"14":0,"15":0,"16":0,"17":0,"18":0,"19":0,"20":0,"21":0,"22":0,"23":0,"24":0,"25":0,"26":0},"b":{"1":[0,0],"2":[0,0]},"f":{"1":0,"2":0,"3":0,"4":0,"5":0,"6":0,"7":0,"8":0,"9":0,"10":0},"fnMap":{"1":{"name":"constructor","line":51,"loc":{"start":{"line":51,"column":4},"end":{"line":62,"column":4}}},"2":{"name":"approve","line":68,"loc":{"start":{"line":68,"column":4},"end":{"line":74,"column":4}}},"3":{"name":"transfer","line":76,"loc":{"start":{"line":76,"column":4},"end":{"line":88,"column":4}}},"4":{"name":"transferFrom","line":90,"loc":{"start":{"line":90,"column":4},"end":{"line":110,"column":4}}},"5":{"name":"permit","line":116,"loc":{"start":{"line":116,"column":4},"end":{"line":157,"column":4}}},"6":{"name":"DOMAIN_SEPARATOR","line":159,"loc":{"start":{"line":159,"column":4},"end":{"line":161,"column":4}}},"7":{"name":"computeDomainSeparator","line":163,"loc":{"start":{"line":163,"column":4},"end":{"line":174,"column":4}}},"8":{"name":"mint","line":176,"loc":{"start":{"line":176,"column":4},"end":{"line":178,"column":4}}},"9":{"name":"_mint","line":183,"loc":{"start":{"line":183,"column":4},"end":{"line":193,"column":4}}},"10":{"name":"_burn","line":195,"loc":{"start":{"line":195,"column":4},"end":{"line":205,"column":4}}}},"statementMap":{"1":{"start":{"line":56,"column":8},"end":{"line":56,"column":19}},"2":{"start":{"line":57,"column":8},"end":{"line":57,"column":23}},"3":{"start":{"line":58,"column":8},"end":{"line":58,"column":27}},"4":{"start":{"line":60,"column":8},"end":{"line":60,"column":39}},"5":{"start":{"line":61,"column":8},"end":{"line":61,"column":58}},"6":{"start":{"line":69,"column":8},"end":{"line":69,"column":46}},"7":{"start":{"line":71,"column":8},"end":{"line":71,"column":50}},"8":{"start":{"line":73,"column":8},"end":{"line":73,"column":19}},"9":{"start":{"line":77,"column":8},"end":{"line":77,"column":38}},"10":{"start":{"line":85,"column":8},"end":{"line":85,"column":45}},"11":{"start":{"line":87,"column":8},"end":{"line":87,"column":19}},"12":{"start":{"line":95,"column":8},"end":{"line":95,"column":53}},"13":{"start":{"line":97,"column":8},"end":{"line":97,"column":88}},"14":{"start":{"line":97,"column":42},"end":{"line":97,"column":87}},"15":{"start":{"line":99,"column":8},"end":{"line":99,"column":32}},"16":{"start":{"line":107,"column":8},"end":{"line":107,"column":39}},"17":{"start":{"line":109,"column":8},"end":{"line":109,"column":19}},"18":{"start":{"line":125,"column":8},"end":{"line":125,"column":70}},"19":{"start":{"line":156,"column":8},"end":{"line":156,"column":44}},"20":{"start":{"line":160,"column":8},"end":{"line":160,"column":102}},"21":{"start":{"line":164,"column":8},"end":{"line":164,"column":5515}},"22":{"start":{"line":177,"column":8},"end":{"line":177,"column":24}},"23":{"start":{"line":184,"column":8},"end":{"line":184,"column":28}},"24":{"start":{"line":192,"column":8},"end":{"line":192,"column":45}},"25":{"start":{"line":196,"column":8},"end":{"line":196,"column":32}},"26":{"start":{"line":204,"column":8},"end":{"line":204,"column":47}}},"branchMap":{"1":{"line":97,"type":"if","locations":[{"start":{"line":97,"column":8},"end":{"line":97,"column":8}},{"start":{"line":97,"column":8},"end":{"line":97,"column":8}}]},"2":{"line":125,"type":"if","locations":[{"start":{"line":125,"column":8},"end":{"line":125,"column":8}},{"start":{"line":125,"column":8},"end":{"line":125,"column":8}}]}}},"contracts/tokens/WETH.sol":{"l":{"34":0,"35":0,"38":0,"39":0,"40":0,"41":0,"45":0,"49":0,"50":0,"51":0,"55":0,"62":0,"64":0,"65":0,"66":0,"69":0,"70":0,"72":0,"74":0},"path":"/home/temp/dynamic-hedging/contracts/tokens/WETH.sol","s":{"1":0,"2":0,"3":0,"4":0,"5":0,"6":0,"7":0,"8":0,"9":0,"10":0,"11":0,"12":0,"13":0,"14":0,"15":0,"16":0,"17":0,"18":0,"19":0},"b":{"1":[0,0],"2":[0,0],"3":[0,0],"4":[0,0]},"f":{"1":0,"2":0,"3":0,"4":0,"5":0,"6":0},"fnMap":{"1":{"name":"deposit","line":33,"loc":{"start":{"line":33,"column":4},"end":{"line":36,"column":4}}},"2":{"name":"withdraw","line":37,"loc":{"start":{"line":37,"column":4},"end":{"line":42,"column":4}}},"3":{"name":"totalSupply","line":44,"loc":{"start":{"line":44,"column":4},"end":{"line":46,"column":4}}},"4":{"name":"approve","line":48,"loc":{"start":{"line":48,"column":4},"end":{"line":52,"column":4}}},"5":{"name":"transfer","line":54,"loc":{"start":{"line":54,"column":4},"end":{"line":56,"column":4}}},"6":{"name":"transferFrom","line":58,"loc":{"start":{"line":58,"column":4},"end":{"line":75,"column":4}}}},"statementMap":{"1":{"start":{"line":34,"column":8},"end":{"line":34,"column":41}},"2":{"start":{"line":35,"column":8},"end":{"line":35,"column":43}},"3":{"start":{"line":38,"column":8},"end":{"line":38,"column":48}},"4":{"start":{"line":39,"column":8},"end":{"line":39,"column":35}},"5":{"start":{"line":40,"column":8},"end":{"line":40,"column":31}},"6":{"start":{"line":41,"column":8},"end":{"line":41,"column":40}},"7":{"start":{"line":45,"column":8},"end":{"line":45,"column":36}},"8":{"start":{"line":49,"column":8},"end":{"line":49,"column":39}},"9":{"start":{"line":50,"column":8},"end":{"line":50,"column":43}},"10":{"start":{"line":51,"column":8},"end":{"line":51,"column":19}},"11":{"start":{"line":55,"column":8},"end":{"line":55,"column":49}},"12":{"start":{"line":62,"column":8},"end":{"line":62,"column":61}},"13":{"start":{"line":64,"column":8},"end":{"line":64,"column":2219}},"14":{"start":{"line":65,"column":12},"end":{"line":65,"column":57}},"15":{"start":{"line":66,"column":12},"end":{"line":66,"column":44}},"16":{"start":{"line":69,"column":8},"end":{"line":69,"column":28}},"17":{"start":{"line":70,"column":8},"end":{"line":70,"column":28}},"18":{"start":{"line":72,"column":8},"end":{"line":72,"column":36}},"19":{"start":{"line":74,"column":8},"end":{"line":74,"column":19}}},"branchMap":{"1":{"line":38,"type":"if","locations":[{"start":{"line":38,"column":8},"end":{"line":38,"column":8}},{"start":{"line":38,"column":8},"end":{"line":38,"column":8}}]},"2":{"line":62,"type":"if","locations":[{"start":{"line":62,"column":8},"end":{"line":62,"column":8}},{"start":{"line":62,"column":8},"end":{"line":62,"column":8}}]},"3":{"line":64,"type":"if","locations":[{"start":{"line":64,"column":8},"end":{"line":64,"column":8}},{"start":{"line":64,"column":8},"end":{"line":64,"column":8}}]},"4":{"line":65,"type":"if","locations":[{"start":{"line":65,"column":12},"end":{"line":65,"column":12}},{"start":{"line":65,"column":12},"end":{"line":65,"column":12}}]}}},"contracts/utils/BlackScholesTest.sol":{"l":{"8":12,"12":2},"path":"/home/temp/dynamic-hedging/contracts/utils/BlackScholesTest.sol","s":{"1":12,"2":2},"b":{},"f":{"1":12,"2":2},"fnMap":{"1":{"name":"retBlackScholesCalc","line":7,"loc":{"start":{"line":7,"column":4},"end":{"line":9,"column":4}}},"2":{"name":"getDelta","line":11,"loc":{"start":{"line":11,"column":4},"end":{"line":13,"column":4}}}},"statementMap":{"1":{"start":{"line":8,"column":8},"end":{"line":8,"column":88}},"2":{"start":{"line":12,"column":8},"end":{"line":12,"column":80}}},"branchMap":{}},"contracts/utils/OptionsRegistryTest.sol":{"l":{},"path":"/home/temp/dynamic-hedging/contracts/utils/OptionsRegistryTest.sol","s":{},"b":{},"f":{},"fnMap":{},"statementMap":{},"branchMap":{}},"contracts/utils/PerpHedgingTest.sol":{"l":{"15":1,"16":1,"21":5,"25":19,"29":5,"33":4},"path":"/home/temp/dynamic-hedging/contracts/utils/PerpHedgingTest.sol","s":{"1":1,"2":1,"3":5,"4":19,"5":5,"6":4},"b":{},"f":{"1":1,"2":5,"3":19,"4":5,"5":4},"fnMap":{"1":{"name":"setHedgingReactorAddress","line":14,"loc":{"start":{"line":14,"column":4},"end":{"line":18,"column":4}}},"2":{"name":"hedgeDelta","line":20,"loc":{"start":{"line":20,"column":4},"end":{"line":22,"column":4}}},"3":{"name":"getDelta","line":24,"loc":{"start":{"line":24,"column":4},"end":{"line":26,"column":4}}},"4":{"name":"withdraw","line":28,"loc":{"start":{"line":28,"column":4},"end":{"line":30,"column":4}}},"5":{"name":"update","line":32,"loc":{"start":{"line":32,"column":4},"end":{"line":34,"column":4}}}},"statementMap":{"1":{"start":{"line":15,"column":8},"end":{"line":15,"column":35}},"2":{"start":{"line":16,"column":8},"end":{"line":16,"column":105}},"3":{"start":{"line":21,"column":8},"end":{"line":21,"column":69}},"4":{"start":{"line":25,"column":8},"end":{"line":25,"column":61}},"5":{"start":{"line":29,"column":8},"end":{"line":29,"column":76}},"6":{"start":{"line":33,"column":8},"end":{"line":33,"column":59}}},"branchMap":{}},"contracts/utils/ReentrancyGuard.sol":{"l":{"39":15,"51":0,"54":0,"56":0,"60":0},"path":"/home/temp/dynamic-hedging/contracts/utils/ReentrancyGuard.sol","s":{"1":15,"2":0,"3":0,"4":0},"b":{"1":[0,0]},"f":{"1":15,"2":0},"fnMap":{"1":{"name":"constructor","line":38,"loc":{"start":{"line":38,"column":4},"end":{"line":40,"column":4}}},"2":{"name":"nonReentrant","line":49,"loc":{"start":{"line":49,"column":4},"end":{"line":61,"column":4}}}},"statementMap":{"1":{"start":{"line":39,"column":8},"end":{"line":39,"column":29}},"2":{"start":{"line":51,"column":8},"end":{"line":51,"column":70}},"3":{"start":{"line":54,"column":8},"end":{"line":54,"column":25}},"4":{"start":{"line":60,"column":8},"end":{"line":60,"column":29}}},"branchMap":{"1":{"line":51,"type":"if","locations":[{"start":{"line":51,"column":8},"end":{"line":51,"column":8}},{"start":{"line":51,"column":8},"end":{"line":51,"column":8}}]}}},"contracts/utils/UniswapV3HedgingTest.sol":{"l":{"15":1,"16":1,"21":5,"25":10,"29":3,"33":1},"path":"/home/temp/dynamic-hedging/contracts/utils/UniswapV3HedgingTest.sol","s":{"1":1,"2":1,"3":5,"4":10,"5":3,"6":1},"b":{},"f":{"1":1,"2":5,"3":10,"4":3,"5":1},"fnMap":{"1":{"name":"setHedgingReactorAddress","line":14,"loc":{"start":{"line":14,"column":4},"end":{"line":18,"column":4}}},"2":{"name":"hedgeDelta","line":20,"loc":{"start":{"line":20,"column":4},"end":{"line":22,"column":4}}},"3":{"name":"getDelta","line":24,"loc":{"start":{"line":24,"column":4},"end":{"line":26,"column":4}}},"4":{"name":"withdraw","line":28,"loc":{"start":{"line":28,"column":4},"end":{"line":30,"column":4}}},"5":{"name":"update","line":32,"loc":{"start":{"line":32,"column":4},"end":{"line":34,"column":4}}}},"statementMap":{"1":{"start":{"line":15,"column":8},"end":{"line":15,"column":40}},"2":{"start":{"line":16,"column":8},"end":{"line":16,"column":105}},"3":{"start":{"line":21,"column":8},"end":{"line":21,"column":74}},"4":{"start":{"line":25,"column":8},"end":{"line":25,"column":66}},"5":{"start":{"line":29,"column":8},"end":{"line":29,"column":81}},"6":{"start":{"line":33,"column":8},"end":{"line":33,"column":64}}},"branchMap":{}},"contracts/utils/Volatility.sol":{"l":{"11":1},"path":"/home/temp/dynamic-hedging/contracts/utils/Volatility.sol","s":{"1":1},"b":{},"f":{"1":1},"fnMap":{"1":{"name":"computeIVFromSkewInts","line":7,"loc":{"start":{"line":7,"column":4},"end":{"line":12,"column":4}}}},"statementMap":{"1":{"start":{"line":11,"column":8},"end":{"line":11,"column":61}}},"branchMap":{}}}