TN:
SF:/home/temp/dynamic-hedging/contracts/hedging/PerpHedgingReactor.sol
FN:54,constructor
FN:75,setMinAmount
FN:79,setHealthFactor
FN:84,setKeeper
FN:88,initialiseReactor
FN:97,hedgeDelta
FN:110,getDelta
FN:115,getPoolDenominatedValue
FN:140,withdraw
FN:173,update
FN:218,_changePosition
FN:290,_liquidatePosition
FNF:12
FNH:12
FNDA:3,constructor
FNDA:1,setMinAmount
FNDA:2,setHealthFactor
FNDA:1,setKeeper
FNDA:2,initialiseReactor
FNDA:6,hedgeDelta
FNDA:19,getDelta
FNDA:2,getPoolDenominatedValue
FNDA:6,withdraw
FNDA:5,update
FNDA:5,_changePosition
FNDA:2,_liquidatePosition
DA:63,3
DA:64,3
DA:65,3
DA:66,3
DA:67,3
DA:68,3
DA:69,3
DA:71,3
DA:76,1
DA:80,2
DA:81,1
DA:85,1
DA:89,2
DA:90,2
DA:91,1
DA:92,1
DA:93,1
DA:103,6
DA:104,5
DA:106,3
DA:111,19
DA:118,2
DA:120,2
DA:121,1
DA:122,1
DA:126,2
DA:128,2
DA:129,2
DA:130,1
DA:134,0
DA:135,0
DA:141,6
DA:142,5
DA:145,3
DA:146,3
DA:147,3
DA:148,1
DA:149,1
DA:153,2
DA:155,2
DA:157,2
DA:159,2
DA:162,1
DA:163,1
DA:167,1
DA:168,1
DA:174,5
DA:175,4
DA:176,4
DA:178,4
DA:179,3
DA:180,3
DA:182,3
DA:185,3
DA:192,3
DA:195,1
DA:197,1
DA:199,1
DA:202,1
DA:205,1
DA:207,1
DA:209,1
DA:219,5
DA:220,5
DA:222,5
DA:224,5
DA:225,4
DA:226,4
DA:229,4
DA:231,4
DA:233,4
DA:236,4
DA:243,4
DA:244,3
DA:246,1
DA:252,4
DA:255,3
DA:257,2
DA:259,2
DA:266,2
DA:269,1
DA:276,1
DA:278,1
DA:281,1
DA:283,3
DA:292,2
DA:294,2
DA:296,2
DA:297,2
DA:298,2
DA:300,2
DA:301,2
DA:305,1
DA:312,1
DA:313,1
DA:314,1
DA:315,1
DA:316,1
DA:317,1
DA:319,1
DA:320,1
DA:323,1
DA:325,1
DA:326,1
DA:327,1
DA:328,1
DA:335,1
DA:337,1
DA:338,1
LF:109
LH:107
BRDA:80,1,0,1
BRDA:80,1,1,1
BRDA:90,2,0,1
BRDA:90,2,1,1
BRDA:103,3,0,5
BRDA:103,3,1,1
BRDA:120,4,0,1
BRDA:120,4,1,1
BRDA:121,5,0,1
BRDA:121,5,1,0
BRDA:129,6,0,1
BRDA:129,6,1,1
BRDA:131,7,0,0
BRDA:131,7,1,1
BRDA:134,8,0,0
BRDA:134,8,1,0
BRDA:141,9,0,5
BRDA:141,9,1,1
BRDA:142,10,0,2
BRDA:142,10,1,3
BRDA:147,11,0,1
BRDA:147,11,1,2
BRDA:159,12,0,1
BRDA:159,12,1,1
BRDA:174,13,0,1
BRDA:174,13,1,4
BRDA:178,14,0,1
BRDA:178,14,1,3
BRDA:179,15,0,0
BRDA:179,15,1,3
BRDA:192,16,0,1
BRDA:192,16,1,2
BRDA:200,17,0,1
BRDA:200,17,1,1
BRDA:224,18,0,1
BRDA:224,18,1,4
BRDA:225,19,0,0
BRDA:225,19,1,4
BRDA:243,20,0,3
BRDA:243,20,1,1
BRDA:245,21,0,1
BRDA:245,21,1,0
BRDA:252,22,0,3
BRDA:252,22,1,1
BRDA:267,23,0,1
BRDA:267,23,1,0
BRDA:296,24,0,0
BRDA:296,24,1,2
BRDA:297,25,0,0
BRDA:297,25,1,2
BRDA:301,26,0,1
BRDA:301,26,1,1
BRF:52
BRH:42
end_of_record
TN:
SF:/home/temp/dynamic-hedging/contracts/hedging/UniswapV3HedgingReactor.sol
FN:46,constructor
FN:62,hedgeDelta
FN:92,getDelta
FN:97,getPoolDenominatedValue
FN:103,withdraw
FN:133,update
FN:138,changePoolFee
FN:143,setMinAmount
FN:154,decimalHelper
FN:164,_swapExactOutputSingle
FN:192,_swapExactInputSingle
FN:220,_liquidateETH
FNF:12
FNH:12
FNDA:6,constructor
FNDA:9,hedgeDelta
FNDA:30,getDelta
FNDA:45,getPoolDenominatedValue
FNDA:5,withdraw
FNDA:1,update
FNDA:1,changePoolFee
FNDA:1,setMinAmount
FNDA:7,decimalHelper
FNDA:2,_swapExactOutputSingle
FNDA:2,_swapExactInputSingle
FNDA:2,_liquidateETH
DA:47,6
DA:48,6
DA:49,6
DA:50,6
DA:51,6
DA:52,6
DA:54,6
DA:55,6
DA:57,6
DA:64,9
DA:65,8
DA:66,8
DA:67,8
DA:70,2
DA:71,2
DA:72,2
DA:74,6
DA:75,6
DA:76,4
DA:78,2
DA:80,1
DA:81,1
DA:82,1
DA:84,1
DA:85,1
DA:86,1
DA:93,30
DA:98,45
DA:104,5
DA:105,4
DA:106,4
DA:107,4
DA:108,4
DA:109,1
DA:110,1
DA:114,3
DA:115,3
DA:116,1
DA:118,2
DA:119,2
DA:120,2
DA:121,1
DA:122,1
DA:123,1
DA:125,1
DA:126,1
DA:127,1
DA:134,1
DA:139,1
DA:144,1
DA:155,7
DA:166,2
DA:167,2
DA:169,2
DA:182,2
DA:183,2
DA:194,2
DA:207,2
DA:210,2
DA:222,2
DA:235,2
DA:236,1
DA:240,1
DA:251,1
DA:253,1
LF:65
LH:65
BRDA:64,1,0,8
BRDA:64,1,1,1
BRDA:67,2,0,2
BRDA:67,2,1,6
BRDA:75,3,0,4
BRDA:75,3,1,2
BRDA:78,4,0,1
BRDA:78,4,1,1
BRDA:104,5,0,4
BRDA:104,5,1,1
BRDA:108,6,0,1
BRDA:108,6,1,3
BRDA:115,7,0,1
BRDA:115,7,1,2
BRDA:120,8,0,1
BRDA:120,8,1,1
BRF:16
BRH:16
end_of_record
TN:
SF:/home/temp/dynamic-hedging/contracts/interfaces/AddressBookInterface.sol
FNF:0
FNH:0
LF:0
LH:0
BRF:0
BRH:0
end_of_record
TN:
SF:/home/temp/dynamic-hedging/contracts/interfaces/AggregatorV3Interface.sol
FNF:0
FNH:0
LF:0
LH:0
BRF:0
BRH:0
end_of_record
TN:
SF:/home/temp/dynamic-hedging/contracts/interfaces/GammaInterface.sol
FNF:0
FNH:0
LF:0
LH:0
BRF:0
BRH:0
end_of_record
TN:
SF:/home/temp/dynamic-hedging/contracts/interfaces/IERC20.sol
FNF:0
FNH:0
LF:0
LH:0
BRF:0
BRH:0
end_of_record
TN:
SF:/home/temp/dynamic-hedging/contracts/interfaces/IHedgingReactor.sol
FNF:0
FNH:0
LF:0
LH:0
BRF:0
BRH:0
end_of_record
TN:
SF:/home/temp/dynamic-hedging/contracts/interfaces/IMarginCalculator.sol
FNF:0
FNH:0
LF:0
LH:0
BRF:0
BRH:0
end_of_record
TN:
SF:/home/temp/dynamic-hedging/contracts/interfaces/IOracle.sol
FNF:0
FNH:0
LF:0
LH:0
BRF:0
BRH:0
end_of_record
TN:
SF:/home/temp/dynamic-hedging/contracts/interfaces/IUniswapV2Factory.sol
FNF:0
FNH:0
LF:0
LH:0
BRF:0
BRH:0
end_of_record
TN:
SF:/home/temp/dynamic-hedging/contracts/interfaces/IUniswapV2Pair.sol
FNF:0
FNH:0
LF:0
LH:0
BRF:0
BRH:0
end_of_record
TN:
SF:/home/temp/dynamic-hedging/contracts/interfaces/IUniswapV2Router02.sol
FNF:0
FNH:0
LF:0
LH:0
BRF:0
BRH:0
end_of_record
TN:
SF:/home/temp/dynamic-hedging/contracts/interfaces/WETH.sol
FNF:0
FNH:0
LF:0
LH:0
BRF:0
BRH:0
end_of_record
TN:
SF:/home/temp/dynamic-hedging/contracts/libraries/BlackScholes.sol
FN:24,callOptionPrice
FN:43,callOptionPriceGreeks
FN:63,putOptionPriceGreeks
FN:83,putOptionPrice
FN:102,getTimeStamp
FN:110,getD1
FN:128,getIntermediates
FN:147,blackScholesCalc
FN:169,blackScholesCalcGreeks
FN:190,getDelta
FNF:10
FNH:10
FNDA:4,callOptionPrice
FNDA:16,callOptionPriceGreeks
FNDA:59,putOptionPriceGreeks
FNDA:64,putOptionPrice
FNDA:151,getTimeStamp
FNDA:150,getD1
FNDA:143,getIntermediates
FNDA:69,blackScholesCalc
FNDA:75,blackScholesCalcGreeks
FNDA:7,getDelta
DA:35,4
DA:36,4
DA:37,4
DA:38,4
DA:39,4
DA:40,4
DA:54,16
DA:55,16
DA:56,16
DA:57,16
DA:58,16
DA:59,16
DA:60,16
DA:74,59
DA:75,59
DA:76,59
DA:77,59
DA:78,59
DA:79,59
DA:80,59
DA:94,64
DA:95,64
DA:96,64
DA:97,64
DA:98,64
DA:99,64
DA:107,151
DA:121,150
DA:122,150
DA:123,150
DA:124,150
DA:125,150
DA:139,143
DA:140,143
DA:160,69
DA:161,68
DA:162,68
DA:163,4
DA:165,64
DA:181,75
DA:182,75
DA:183,75
DA:184,16
DA:186,59
DA:198,7
DA:199,7
DA:206,7
DA:207,2
DA:209,5
LF:49
LH:49
BRDA:162,1,0,4
BRDA:162,1,1,64
BRDA:183,2,0,16
BRDA:183,2,1,59
BRDA:206,3,0,2
BRDA:206,3,1,5
BRF:6
BRH:6
end_of_record
TN:
SF:/home/temp/dynamic-hedging/contracts/libraries/Constants.sol
FN:9,ethAddress
FN:13,decimalPlace
FNF:2
FNH:0
FNDA:0,ethAddress
FNDA:0,decimalPlace
DA:10,0
DA:14,0
LF:2
LH:0
BRF:0
BRH:0
end_of_record
TN:
SF:/home/temp/dynamic-hedging/contracts/libraries/NormalDist.sol
FN:27,cdf
FN:33,phi
FN:45,getScoresFromT
FNF:3
FNH:3
FNDA:293,cdf
FNDA:293,phi
FNDA:293,getScoresFromT
DA:28,293
DA:29,293
DA:30,293
DA:34,293
DA:35,293
DA:38,293
DA:39,293
DA:40,293
DA:41,293
DA:42,293
DA:46,293
DA:47,293
DA:48,293
DA:49,293
DA:50,293
DA:51,293
LF:16
LH:16
BRF:0
BRH:0
end_of_record
TN:
SF:/home/temp/dynamic-hedging/contracts/libraries/OptionsCompute.sol
FN:17,convertToDecimals
FN:26,convertFromDecimals
FN:35,computeEscrow
FN:58,computeNewWeights
FN:92,convertToCollateralDenominated
FN:107,computeIVFromSkew
FNF:6
FNH:6
FNDA:203,convertToDecimals
FNDA:530,convertFromDecimals
FNDA:1,computeEscrow
FNDA:65,computeNewWeights
FNDA:74,convertToCollateralDenominated
FNDA:142,computeIVFromSkew
DA:21,203
DA:22,203
DA:23,203
DA:30,530
DA:31,530
DA:32,530
DA:42,1
DA:43,1
DA:67,65
DA:68,65
DA:69,0
DA:70,0
DA:72,0
DA:73,0
DA:75,0
DA:76,0
DA:77,0
DA:78,0
DA:79,0
DA:81,65
DA:82,0
DA:84,65
DA:85,65
DA:86,65
DA:87,65
DA:88,65
DA:93,74
DA:95,14
DA:97,60
DA:111,142
DA:112,142
DA:113,142
DA:114,142
LF:33
LH:23
BRDA:21,1,0,0
BRDA:21,1,1,203
BRDA:30,2,0,0
BRDA:30,2,1,530
BRDA:68,3,0,0
BRDA:68,3,1,65
BRDA:69,4,0,0
BRDA:69,4,1,0
BRDA:72,5,0,0
BRDA:72,5,1,0
BRDA:81,6,0,0
BRDA:81,6,1,65
BRDA:93,7,0,14
BRDA:93,7,1,60
BRF:14
BRH:6
end_of_record
TN:
SF:/home/temp/dynamic-hedging/contracts/libraries/OpynInteractions.sol
FN:31,getOrDeployOtoken
FN:80,getOtoken
FN:115,createShort
FN:216,burnShort
FN:271,settle
FN:325,redeem
FNF:6
FNH:5
FNDA:3,getOrDeployOtoken
FNDA:0,getOtoken
FNDA:3,createShort
FNDA:4,burnShort
FNDA:3,settle
FNDA:3,redeem
DA:40,3
DA:42,3
DA:52,3
DA:53,0
DA:56,3
DA:66,3
DA:89,0
DA:90,0
DA:100,0
DA:101,0
DA:123,3
DA:127,3
DA:128,3
DA:130,3
DA:133,3
DA:134,3
DA:136,3
DA:139,3
DA:141,3
DA:142,3
DA:144,3
DA:155,3
DA:166,3
DA:178,0
DA:189,0
DA:202,3
DA:204,3
DA:223,4
DA:226,4
DA:227,4
DA:229,4
DA:230,4
DA:231,4
DA:234,4
DA:237,4
DA:248,4
DA:259,4
DA:262,4
DA:272,3
DA:274,3
DA:277,3
DA:281,3
DA:285,3
DA:286,0
DA:290,3
DA:295,3
DA:298,3
DA:309,3
DA:311,3
DA:313,3
DA:331,3
DA:333,3
DA:334,3
DA:337,3
DA:340,3
DA:350,3
DA:351,3
DA:353,3
DA:354,3
LF:59
LH:51
BRDA:52,1,0,0
BRDA:52,1,1,3
BRDA:100,2,0,0
BRDA:100,2,1,0
BRDA:141,3,0,3
BRDA:141,3,1,0
BRDA:277,4,0,3
BRDA:277,4,1,0
BRDA:285,5,0,0
BRDA:285,5,1,3
BRF:10
BRH:4
end_of_record
TN:
SF:/home/temp/dynamic-hedging/contracts/libraries/OpynInteractionsV2.sol
FN:31,getOrDeployOtoken
FN:80,getOtoken
FN:115,createShort
FN:216,depositCollat
FN:251,withdrawCollat
FN:284,burnShort
FN:334,settle
FN:388,redeem
FNF:8
FNH:7
FNDA:77,getOrDeployOtoken
FNDA:0,getOtoken
FNDA:81,createShort
FNDA:1,depositCollat
FNDA:3,withdrawCollat
FNDA:10,burnShort
FNDA:7,settle
FNDA:7,redeem
DA:40,77
DA:42,77
DA:52,77
DA:53,0
DA:56,77
DA:66,77
DA:89,0
DA:90,0
DA:100,0
DA:101,0
DA:124,81
DA:128,81
DA:129,81
DA:131,81
DA:134,81
DA:135,81
DA:137,81
DA:140,81
DA:142,81
DA:143,77
DA:145,77
DA:156,77
DA:167,77
DA:179,4
DA:190,4
DA:203,81
DA:205,81
DA:223,1
DA:225,1
DA:226,1
DA:227,1
DA:230,1
DA:241,1
DA:257,3
DA:259,3
DA:262,3
DA:273,3
DA:290,10
DA:293,10
DA:294,10
DA:295,10
DA:296,10
DA:299,10
DA:302,10
DA:313,10
DA:324,10
DA:325,10
DA:335,7
DA:337,7
DA:340,7
DA:344,7
DA:348,7
DA:349,0
DA:353,7
DA:358,7
DA:361,7
DA:372,7
DA:374,7
DA:376,7
DA:394,7
DA:396,7
DA:397,7
DA:400,7
DA:403,7
DA:413,7
DA:414,7
DA:416,7
DA:417,7
LF:68
LH:62
BRDA:52,1,0,0
BRDA:52,1,1,77
BRDA:100,2,0,0
BRDA:100,2,1,0
BRDA:142,3,0,77
BRDA:142,3,1,4
BRDA:340,4,0,7
BRDA:340,4,1,0
BRDA:348,5,0,0
BRDA:348,5,1,7
BRF:10
BRH:5
end_of_record
TN:
SF:/home/temp/dynamic-hedging/contracts/libraries/PRBMath.sol
FN:127,exp2
FN:344,mostSignificantBit
FN:394,mulDiv
FN:498,mulDivFixedPoint
FN:551,mulDivSigned
FN:599,sqrt
FNF:6
FNH:0
FNDA:0,exp2
FNDA:0,mostSignificantBit
FNDA:0,mulDiv
FNDA:0,mulDivFixedPoint
FNDA:0,mulDivSigned
FNDA:0,sqrt
DA:128,0
DA:345,0
DA:346,0
DA:347,0
DA:349,0
DA:350,0
DA:351,0
DA:353,0
DA:354,0
DA:355,0
DA:357,0
DA:358,0
DA:359,0
DA:361,0
DA:362,0
DA:363,0
DA:365,0
DA:366,0
DA:367,0
DA:369,0
DA:370,0
DA:371,0
DA:373,0
DA:375,0
DA:402,0
DA:403,0
DA:404,0
DA:411,0
DA:412,0
DA:415,0
DA:419,0
DA:420,0
DA:428,0
DA:429,0
DA:440,0
DA:499,0
DA:500,0
DA:501,0
DA:507,0
DA:508,0
DA:511,0
DA:512,0
DA:513,0
DA:518,0
DA:519,0
DA:525,0
DA:556,0
DA:557,0
DA:561,0
DA:562,0
DA:563,0
DA:564,0
DA:571,0
DA:572,0
DA:573,0
DA:577,0
DA:578,0
DA:579,0
DA:580,0
DA:588,0
DA:600,0
DA:601,0
DA:605,0
DA:606,0
DA:607,0
DA:608,0
DA:609,0
DA:611,0
DA:612,0
DA:613,0
DA:615,0
DA:616,0
DA:617,0
DA:619,0
DA:620,0
DA:621,0
DA:623,0
DA:624,0
DA:625,0
DA:627,0
DA:628,0
DA:629,0
DA:631,0
DA:632,0
DA:636,0
LF:85
LH:0
BRDA:345,1,0,0
BRDA:345,1,1,0
BRDA:349,2,0,0
BRDA:349,2,1,0
BRDA:353,3,0,0
BRDA:353,3,1,0
BRDA:357,4,0,0
BRDA:357,4,1,0
BRDA:361,5,0,0
BRDA:361,5,1,0
BRDA:365,6,0,0
BRDA:365,6,1,0
BRDA:369,7,0,0
BRDA:369,7,1,0
BRDA:373,8,0,0
BRDA:373,8,1,0
BRDA:411,9,0,0
BRDA:411,9,1,0
BRDA:419,10,0,0
BRDA:419,10,1,0
BRDA:507,11,0,0
BRDA:507,11,1,0
BRDA:518,12,0,0
BRDA:518,12,1,0
BRDA:556,13,0,0
BRDA:556,13,1,0
BRDA:572,14,0,0
BRDA:572,14,1,0
BRDA:600,15,0,0
BRDA:600,15,1,0
BRDA:607,16,0,0
BRDA:607,16,1,0
BRDA:611,17,0,0
BRDA:611,17,1,0
BRDA:615,18,0,0
BRDA:615,18,1,0
BRDA:619,19,0,0
BRDA:619,19,1,0
BRDA:623,20,0,0
BRDA:623,20,1,0
BRDA:627,21,0,0
BRDA:627,21,1,0
BRDA:631,22,0,0
BRDA:631,22,1,0
BRF:44
BRH:0
end_of_record
TN:
SF:/home/temp/dynamic-hedging/contracts/libraries/PRBMathSD59x18.sol
FN:47,abs
FN:60,avg
FN:88,ceil
FN:122,div
FN:156,e
FN:174,exp
FN:205,exp2
FN:243,floor
FN:266,frac
FN:280,fromInt
FN:301,gm
FN:331,inv
FN:351,ln
FN:372,log10
FN:484,log2
FN:551,mul
FN:578,pi
FN:597,pow
FN:621,powu
FN:649,scale
FN:662,sqrt
FN:679,toInt
FNF:22
FNH:0
FNDA:0,abs
FNDA:0,avg
FNDA:0,ceil
FNDA:0,div
FNDA:0,e
FNDA:0,exp
FNDA:0,exp2
FNDA:0,floor
FNDA:0,frac
FNDA:0,fromInt
FNDA:0,gm
FNDA:0,inv
FNDA:0,ln
FNDA:0,log10
FNDA:0,log2
FNDA:0,mul
FNDA:0,pi
FNDA:0,pow
FNDA:0,powu
FNDA:0,scale
FNDA:0,sqrt
FNDA:0,toInt
DA:48,0
DA:62,0
DA:89,0
DA:90,0
DA:92,0
DA:123,0
DA:124,0
DA:128,0
DA:129,0
DA:130,0
DA:136,0
DA:137,0
DA:138,0
DA:142,0
DA:143,0
DA:144,0
DA:151,0
DA:157,0
DA:176,0
DA:177,0
DA:181,0
DA:182,0
DA:186,0
DA:207,0
DA:209,0
DA:210,0
DA:214,0
DA:219,0
DA:220,0
DA:223,0
DA:244,0
DA:245,0
DA:247,0
DA:267,0
DA:281,0
DA:302,0
DA:303,0
DA:306,0
DA:332,0
DA:354,0
DA:373,0
DA:374,0
DA:379,0
DA:463,0
DA:465,0
DA:485,0
DA:486,0
DA:488,0
DA:552,0
DA:553,0
DA:556,0
DA:579,0
DA:598,0
DA:599,0
DA:601,0
DA:622,0
DA:625,0
DA:628,0
DA:629,0
DA:630,0
DA:633,0
DA:634,0
DA:639,0
DA:640,0
DA:644,0
DA:645,0
DA:650,0
DA:663,0
DA:680,0
LF:69
LH:0
BRDA:89,1,0,0
BRDA:89,1,1,0
BRDA:123,2,0,0
BRDA:123,2,1,0
BRDA:137,3,0,0
BRDA:137,3,1,0
BRDA:176,4,0,0
BRDA:176,4,1,0
BRDA:181,5,0,0
BRDA:181,5,1,0
BRDA:207,6,0,0
BRDA:207,6,1,0
BRDA:209,7,0,0
BRDA:209,7,1,0
BRDA:219,8,0,0
BRDA:219,8,1,0
BRDA:244,9,0,0
BRDA:244,9,1,0
BRDA:302,10,0,0
BRDA:302,10,1,0
BRDA:373,11,0,0
BRDA:373,11,1,0
BRDA:463,12,0,0
BRDA:463,12,1,0
BRDA:485,13,0,0
BRDA:485,13,1,0
BRDA:552,14,0,0
BRDA:552,14,1,0
BRDA:598,15,0,0
BRDA:598,15,1,0
BRDA:633,16,0,0
BRDA:633,16,1,0
BRDA:639,17,0,0
BRDA:639,17,1,0
BRF:34
BRH:0
end_of_record
TN:
SF:/home/temp/dynamic-hedging/contracts/libraries/PRBMathUD60x18.sol
FN:34,avg
FN:53,ceil
FN:79,div
FN:85,e
FN:99,exp
FN:122,exp2
FN:142,floor
FN:156,frac
FN:169,fromUint
FN:186,gm
FN:211,inv
FN:231,ln
FN:252,log10
FN:366,log2
FN:409,mul
FN:414,pi
FN:432,pow
FN:455,powu
FN:471,scale
FN:483,sqrt
FN:497,toUint
FNF:21
FNH:0
FNDA:0,avg
FNDA:0,ceil
FNDA:0,div
FNDA:0,e
FNDA:0,exp
FNDA:0,exp2
FNDA:0,floor
FNDA:0,frac
FNDA:0,fromUint
FNDA:0,gm
FNDA:0,inv
FNDA:0,ln
FNDA:0,log10
FNDA:0,log2
FNDA:0,mul
FNDA:0,pi
FNDA:0,pow
FNDA:0,powu
FNDA:0,scale
FNDA:0,sqrt
FNDA:0,toUint
DA:36,0
DA:54,0
DA:55,0
DA:57,0
DA:80,0
DA:86,0
DA:101,0
DA:102,0
DA:106,0
DA:124,0
DA:125,0
DA:128,0
DA:143,0
DA:157,0
DA:170,0
DA:187,0
DA:188,0
DA:191,0
DA:212,0
DA:234,0
DA:253,0
DA:254,0
DA:260,0
DA:345,0
DA:347,0
DA:367,0
DA:368,0
DA:370,0
DA:410,0
DA:415,0
DA:433,0
DA:434,0
DA:436,0
DA:457,0
DA:460,0
DA:461,0
DA:464,0
DA:465,0
DA:472,0
DA:484,0
DA:498,0
LF:41
LH:0
BRDA:54,1,0,0
BRDA:54,1,1,0
BRDA:101,2,0,0
BRDA:101,2,1,0
BRDA:124,3,0,0
BRDA:124,3,1,0
BRDA:187,4,0,0
BRDA:187,4,1,0
BRDA:253,5,0,0
BRDA:253,5,1,0
BRDA:345,6,0,0
BRDA:345,6,1,0
BRDA:367,7,0,0
BRDA:367,7,1,0
BRDA:433,8,0,0
BRDA:433,8,1,0
BRDA:464,9,0,0
BRDA:464,9,1,0
BRF:18
BRH:0
end_of_record
TN:
SF:/home/temp/dynamic-hedging/contracts/libraries/SafeTransferLib.sol
FN:15,safeTransferETH
FN:30,safeTransferFrom
FN:57,safeTransfer
FN:81,safeApprove
FN:109,didLastOptionalReturnCallSucceed
FNF:5
FNH:4
FNDA:0,safeTransferETH
FNDA:277,safeTransferFrom
FNDA:226,safeTransfer
FNDA:122,safeApprove
FNDA:625,didLastOptionalReturnCallSucceed
DA:16,0
DA:18,0
DA:23,0
DA:36,277
DA:37,277
DA:39,277
DA:54,277
DA:62,226
DA:64,226
DA:78,226
DA:86,122
DA:88,122
DA:102,122
DA:110,621
LF:14
LH:11
BRDA:23,1,0,0
BRDA:23,1,1,0
BRDA:54,2,0,276
BRDA:54,2,1,1
BRDA:78,3,0,212
BRDA:78,3,1,14
BRDA:102,4,0,121
BRDA:102,4,1,1
BRF:8
BRH:6
end_of_record
TN:
SF:/home/temp/dynamic-hedging/contracts/libraries/Types.sol
FNF:0
FNH:0
LF:0
LH:0
BRF:0
BRH:0
end_of_record
TN:
SF:/home/temp/dynamic-hedging/contracts/LiquidityPool.sol
FN:145,constructor
FN:167,pauseContract
FN:171,unpause
FN:175,addBuybackAddress
FN:184,setHedgingReactorAddress
FN:195,removeHedgingReactorAddress
FN:207,setVolatilitySkew
FN:223,getVolatilitySkew
FN:238,setMinCallStrikePrice
FN:245,setMaxCallStrikePrice
FN:252,setMinPutStrikePrice
FN:259,setMaxPutStrikePrice
FN:266,setMinExpiryPeriod
FN:273,setMaxExpiryPeriod
FN:279,setNewOptionParams
FN:292,setBidAskSpread
FN:312,setCachedOptionsVariables
FN:326,setMaxDiscount
FN:335,setMaxTotalSupply
FN:351,deposit
FN:378,withdraw
FN:418,getNormalizedBalance
FN:434,_valuePutsWritten
FN:458,_valueCallsWritten
FN:483,_sharesForAmount
FN:505,_getNAV
FN:527,_shareValue
FN:546,getPriceFeed
FN:555,getOptionRegistry
FN:565,getUnderlyingPrice
FN:581,getUnderlyingPrice
FN:605,getImpliedVolatility
FN:630,quotePriceGreeks
FN:660,getPortfolioDelta
FN:706,abs
FN:715,rebalancePortfolioDelta
FN:738,quotePriceWithUtilizationGreeks
FN:798,quotePriceBuying
FN:824,issueAndWriteOption
FN:845,writeOption
FN:862,_issue
FN:898,_writeOption
FN:924,_adjustWeightedVariables
FN:962,buybackOption
FN:1007,createManualIssue
FN:1028,buyManualIssue
FNF:46
FNH:27
FNDA:15,constructor
FNDA:0,pauseContract
FNDA:0,unpause
FNDA:3,addBuybackAddress
FNDA:12,setHedgingReactorAddress
FNDA:0,removeHedgingReactorAddress
FNDA:0,setVolatilitySkew
FNDA:0,getVolatilitySkew
FNDA:0,setMinCallStrikePrice
FNDA:0,setMaxCallStrikePrice
FNDA:0,setMinPutStrikePrice
FNDA:0,setMaxPutStrikePrice
FNDA:0,setMinExpiryPeriod
FNDA:0,setMaxExpiryPeriod
FNDA:0,setNewOptionParams
FNDA:3,setBidAskSpread
FNDA:0,setCachedOptionsVariables
FNDA:0,setMaxDiscount
FNDA:0,setMaxTotalSupply
FNDA:96,deposit
FNDA:53,withdraw
FNDA:55,getNormalizedBalance
FNDA:165,_valuePutsWritten
FNDA:165,_valueCallsWritten
FNDA:96,_sharesForAmount
FNDA:165,_getNAV
FNDA:53,_shareValue
FNDA:210,getPriceFeed
FNDA:69,getOptionRegistry
FNDA:75,getUnderlyingPrice
FNDA:210,getUnderlyingPrice
FNDA:141,getImpliedVolatility
FNDA:75,quotePriceGreeks
FNDA:78,getPortfolioDelta
FNDA:3,abs
FNDA:3,rebalancePortfolioDelta
FNDA:74,quotePriceWithUtilizationGreeks
FNDA:1,quotePriceBuying
FNDA:69,issueAndWriteOption
FNDA:0,writeOption
FNDA:69,_issue
FNDA:65,_writeOption
FNDA:65,_adjustWeightedVariables
FNDA:0,buybackOption
FNDA:0,createManualIssue
FNDA:0,buyManualIssue
DA:148,15
DA:149,15
DA:150,15
DA:151,15
DA:152,15
DA:153,15
DA:154,15
DA:155,15
DA:156,15
DA:157,15
DA:158,15
DA:159,15
DA:160,15
DA:161,15
DA:162,15
DA:163,15
DA:164,15
DA:168,0
DA:172,0
DA:176,3
DA:185,12
DA:186,12
DA:196,0
DA:211,0
DA:212,0
DA:214,0
DA:228,0
DA:229,0
DA:231,0
DA:239,0
DA:246,0
DA:253,0
DA:260,0
DA:267,0
DA:274,0
DA:280,0
DA:281,0
DA:282,0
DA:283,0
DA:284,0
DA:285,0
DA:293,3
DA:313,0
DA:314,0
DA:315,0
DA:316,0
DA:317,0
DA:318,0
DA:327,0
DA:336,0
DA:354,96
DA:356,96
DA:357,96
DA:359,96
DA:361,96
DA:362,89
DA:363,89
DA:381,53
DA:383,53
DA:386,53
DA:387,53
DA:388,2
DA:389,2
DA:390,1
DA:391,1
DA:392,0
DA:396,2
DA:397,2
DA:399,2
DA:402,51
DA:404,51
DA:406,51
DA:408,46
DA:425,55
DA:426,55
DA:427,55
DA:439,165
DA:440,56
DA:442,56
DA:443,56
DA:451,56
DA:463,165
DA:464,1
DA:465,1
DA:466,1
DA:474,0
DA:475,0
DA:492,96
DA:493,96
DA:494,58
DA:496,38
DA:497,38
DA:513,165
DA:514,165
DA:515,44
DA:517,165
DA:518,164
DA:519,164
DA:532,53
DA:533,0
DA:535,53
DA:536,53
DA:547,210
DA:548,210
DA:556,69
DA:557,69
DA:572,75
DA:589,210
DA:590,210
DA:594,210
DA:615,141
DA:616,141
DA:617,141
DA:618,141
DA:619,141
DA:620,141
DA:638,75
DA:639,75
DA:640,75
DA:641,75
DA:642,1
DA:645,75
DA:646,75
DA:665,78
DA:666,78
DA:667,78
DA:668,78
DA:669,78
DA:670,1
DA:671,1
DA:681,78
DA:682,4
DA:683,4
DA:692,78
DA:694,78
DA:695,20
DA:698,78
DA:707,3
DA:717,3
DA:719,3
DA:746,74
DA:748,74
DA:750,74
DA:751,74
DA:753,74
DA:756,74
DA:758,74
DA:760,74
DA:762,73
DA:763,73
DA:765,73
DA:766,73
DA:768,0
DA:770,0
DA:772,0
DA:774,0
DA:776,73
DA:777,73
DA:779,59
DA:780,59
DA:782,14
DA:785,73
DA:786,73
DA:788,73
DA:806,1
DA:807,1
DA:808,1
DA:809,1
DA:811,1
DA:826,69
DA:827,69
DA:829,65
DA:831,65
DA:848,0
DA:850,0
DA:852,0
DA:853,0
DA:864,69
DA:866,67
DA:867,54
DA:869,13
DA:872,65
DA:874,65
DA:876,65
DA:878,65
DA:886,65
DA:900,65
DA:901,65
DA:909,65
DA:911,65
DA:912,65
DA:913,65
DA:914,65
DA:915,56
DA:916,47
DA:926,65
DA:927,13
DA:929,13
DA:930,12
DA:931,12
DA:932,12
DA:934,12
DA:936,0
DA:939,52
DA:941,52
DA:942,48
DA:943,48
DA:944,48
DA:946,48
DA:948,0
DA:963,0
DA:964,0
DA:965,0
DA:966,0
DA:967,0
DA:968,0
DA:970,0
DA:971,0
DA:979,0
DA:980,0
DA:981,0
DA:983,0
DA:984,0
DA:985,0
DA:986,0
DA:987,0
DA:1009,0
DA:1011,0
DA:1013,0
LF:229
LH:167
BRDA:211,1,0,0
BRDA:211,1,1,0
BRDA:228,2,0,0
BRDA:228,2,1,0
BRDA:354,3,0,0
BRDA:354,3,1,96
BRDA:357,4,0,0
BRDA:357,4,1,96
BRDA:363,5,0,0
BRDA:363,5,1,82
BRDA:381,6,0,0
BRDA:381,6,1,53
BRDA:387,7,0,2
BRDA:387,7,1,51
BRDA:391,8,0,0
BRDA:391,8,1,1
BRDA:397,9,0,2
BRDA:397,9,1,0
BRDA:439,10,0,109
BRDA:439,10,1,56
BRDA:463,11,0,164
BRDA:463,11,1,1
BRDA:493,12,0,58
BRDA:493,12,1,38
BRDA:532,13,0,0
BRDA:532,13,1,53
BRDA:640,14,0,0
BRDA:640,14,1,75
BRDA:641,15,0,1
BRDA:641,15,1,74
BRDA:645,16,0,0
BRDA:645,16,1,75
BRDA:669,17,0,1
BRDA:669,17,1,77
BRDA:681,18,0,4
BRDA:681,18,1,74
BRDA:717,19,0,3
BRDA:717,19,1,0
BRDA:766,20,0,0
BRDA:766,20,1,73
BRDA:777,21,0,59
BRDA:777,21,1,14
BRDA:788,22,0,0
BRDA:788,22,1,73
BRDA:811,23,0,0
BRDA:811,23,1,1
BRDA:864,24,0,2
BRDA:864,24,1,67
BRDA:866,25,0,54
BRDA:866,25,1,13
BRDA:867,26,0,2
BRDA:867,26,1,52
BRDA:869,27,0,0
BRDA:869,27,1,13
BRDA:872,28,0,0
BRDA:872,28,1,65
BRDA:874,29,0,0
BRDA:874,29,1,65
BRDA:876,30,0,0
BRDA:876,30,1,65
BRDA:886,31,0,0
BRDA:886,31,1,65
BRDA:909,32,0,0
BRDA:909,32,1,65
BRDA:926,33,0,13
BRDA:926,33,1,52
BRDA:932,34,0,12
BRDA:932,34,1,0
BRDA:944,35,0,48
BRDA:944,35,1,0
BRDA:964,36,0,0
BRDA:964,36,1,0
BRDA:968,37,0,0
BRDA:968,37,1,0
BRDA:979,38,0,0
BRDA:979,38,1,0
BRF:76
BRH:45
end_of_record
TN:
SF:/home/temp/dynamic-hedging/contracts/OptionRegistry.sol
FN:64,onlyLiquidityPool
FN:72,onlyAuthorised
FN:77,constructor
FN:94,setLiquidityPool
FN:102,setAuthorised
FN:113,setHealthThresholds
FN:135,issue
FN:160,getOtoken
FN:174,formatStrikePrice
FN:196,open
FN:225,close
FN:249,settle
FN:269,redeem
FN:290,getCollateral
FN:322,checkVaultHealth
FN:365,adjustCollateral
FN:387,adjustCollateralCaller
FN:401,wCollatLiquidatedVault
FN:416,getSeriesAddress
FN:420,getSeriesInfo
FN:427,getIssuanceHash
FN:434,getIssuanceHash
FNF:22
FNH:15
FNDA:171,onlyLiquidityPool
FNDA:4,onlyAuthorised
FNDA:24,constructor
FNDA:6,setLiquidityPool
FNDA:0,setAuthorised
FNDA:0,setHealthThresholds
FNDA:77,issue
FNDA:0,getOtoken
FNDA:77,formatStrikePrice
FNDA:81,open
FNDA:10,close
FNDA:7,settle
FNDA:7,redeem
FNDA:82,getCollateral
FNDA:40,checkVaultHealth
FNDA:2,adjustCollateral
FNDA:0,adjustCollateralCaller
FNDA:2,wCollatLiquidatedVault
FNDA:0,getSeriesAddress
FNDA:0,getSeriesInfo
FNDA:0,getIssuanceHash
FNDA:77,getIssuanceHash
DA:65,171
DA:66,168
DA:73,4
DA:74,4
DA:78,24
DA:79,24
DA:80,24
DA:81,24
DA:82,24
DA:83,24
DA:95,6
DA:103,0
DA:114,0
DA:115,0
DA:116,0
DA:117,0
DA:137,77
DA:138,77
DA:140,77
DA:142,77
DA:144,77
DA:145,77
DA:146,77
DA:147,77
DA:162,0
DA:164,0
DA:165,0
DA:179,77
DA:180,77
DA:181,77
DA:182,59
DA:184,59
DA:198,81
DA:199,81
DA:201,81
DA:203,81
DA:205,81
DA:206,81
DA:207,77
DA:208,77
DA:210,81
DA:211,81
DA:213,81
DA:214,81
DA:215,81
DA:227,10
DA:229,10
DA:231,10
DA:232,10
DA:234,10
DA:237,10
DA:238,10
DA:239,10
DA:240,10
DA:250,7
DA:251,7
DA:253,7
DA:255,7
DA:257,7
DA:259,7
DA:260,7
DA:261,7
DA:270,7
DA:271,7
DA:273,7
DA:274,7
DA:275,7
DA:277,7
DA:279,7
DA:280,7
DA:291,82
DA:292,82
DA:304,82
DA:305,82
DA:306,82
DA:325,40
DA:327,40
DA:329,40
DA:330,40
DA:342,40
DA:344,40
DA:346,40
DA:347,40
DA:349,40
DA:350,5
DA:352,5
DA:354,11
DA:356,11
DA:358,40
DA:366,2
DA:367,2
DA:368,2
DA:370,1
DA:372,1
DA:375,1
DA:377,1
DA:388,0
DA:389,0
DA:391,0
DA:393,0
DA:403,2
DA:404,2
DA:405,2
DA:406,2
DA:408,2
DA:410,2
DA:417,0
DA:424,0
DA:428,0
DA:439,77
LF:110
LH:95
BRDA:65,1,0,168
BRDA:65,1,1,3
BRDA:73,2,0,4
BRDA:73,2,1,0
BRDA:137,3,0,77
BRDA:137,3,1,0
BRDA:162,4,0,0
BRDA:162,4,1,0
BRDA:181,5,0,18
BRDA:181,5,1,59
BRDA:199,6,0,81
BRDA:199,6,1,0
BRDA:206,7,0,77
BRDA:206,7,1,4
BRDA:229,8,0,10
BRDA:229,8,1,0
BRDA:251,9,0,7
BRDA:251,9,1,0
BRDA:253,10,0,7
BRDA:253,10,1,0
BRDA:271,11,0,7
BRDA:271,11,1,0
BRDA:273,12,0,7
BRDA:273,12,1,0
BRDA:274,13,0,7
BRDA:274,13,1,0
BRDA:349,14,0,5
BRDA:349,14,1,35
BRDA:353,15,0,11
BRDA:353,15,1,24
BRDA:367,16,0,2
BRDA:367,16,1,0
BRDA:368,17,0,1
BRDA:368,17,1,1
BRDA:373,18,0,1
BRDA:373,18,1,0
BRDA:389,19,0,0
BRDA:389,19,1,0
BRDA:404,20,0,2
BRDA:404,20,1,0
BRDA:405,21,0,2
BRDA:405,21,1,0
BRDA:406,22,0,2
BRDA:406,22,1,0
BRF:44
BRH:26
end_of_record
TN:
SF:/home/temp/dynamic-hedging/contracts/OptionRegistryV0.sol
FN:51,onlyLiquidityPool
FN:56,constructor
FN:69,setLiquidityPool
FN:83,issue
FN:110,getOtoken
FN:123,formatStrikePrice
FN:145,open
FN:179,close
FN:212,settle
FN:238,redeem
FN:258,getCollateral
FN:272,transferOutUnderlying
FN:281,transferOutStrike
FN:289,getSeriesAddress
FN:293,getSeriesInfo
FN:300,getIssuanceHash
FN:307,getIssuanceHash
FNF:17
FNH:12
FNDA:15,onlyLiquidityPool
FNDA:3,constructor
FNDA:0,setLiquidityPool
FNDA:3,issue
FNDA:0,getOtoken
FNDA:3,formatStrikePrice
FNDA:3,open
FNDA:4,close
FNDA:3,settle
FNDA:3,redeem
FNDA:4,getCollateral
FNDA:5,transferOutUnderlying
FNDA:2,transferOutStrike
FNDA:0,getSeriesAddress
FNDA:0,getSeriesInfo
FNDA:0,getIssuanceHash
FNDA:3,getIssuanceHash
DA:52,15
DA:53,13
DA:57,3
DA:58,3
DA:59,3
DA:60,3
DA:61,3
DA:62,3
DA:70,0
DA:85,3
DA:87,3
DA:88,3
DA:89,3
DA:92,3
DA:94,3
DA:95,3
DA:96,3
DA:97,3
DA:112,0
DA:114,0
DA:115,0
DA:128,3
DA:129,3
DA:130,3
DA:131,1
DA:133,1
DA:147,3
DA:148,3
DA:150,3
DA:151,2
DA:153,1
DA:156,3
DA:158,3
DA:159,3
DA:160,3
DA:162,3
DA:164,3
DA:165,3
DA:166,3
DA:167,3
DA:168,3
DA:169,3
DA:181,4
DA:183,4
DA:185,4
DA:187,4
DA:189,4
DA:191,4
DA:193,4
DA:194,4
DA:195,4
DA:197,4
DA:198,3
DA:200,1
DA:202,4
DA:203,4
DA:213,3
DA:214,3
DA:216,3
DA:218,3
DA:220,3
DA:221,3
DA:222,3
DA:224,3
DA:225,2
DA:227,1
DA:229,3
DA:230,3
DA:239,3
DA:240,3
DA:242,3
DA:243,3
DA:244,3
DA:246,3
DA:248,3
DA:249,3
DA:259,4
DA:260,4
DA:261,3
DA:263,1
DA:265,4
DA:273,5
DA:282,2
DA:290,0
DA:297,0
DA:301,0
DA:312,3
LF:87
LH:80
BRDA:52,1,0,13
BRDA:52,1,1,2
BRDA:85,2,0,3
BRDA:85,2,1,0
BRDA:112,3,0,0
BRDA:112,3,1,0
BRDA:130,4,0,2
BRDA:130,4,1,1
BRDA:148,5,0,3
BRDA:148,5,1,0
BRDA:150,6,0,2
BRDA:150,6,1,1
BRDA:159,7,0,3
BRDA:159,7,1,0
BRDA:183,8,0,4
BRDA:183,8,1,0
BRDA:185,9,0,4
BRDA:185,9,1,0
BRDA:193,10,0,4
BRDA:193,10,1,0
BRDA:197,11,0,3
BRDA:197,11,1,1
BRDA:214,12,0,3
BRDA:214,12,1,0
BRDA:216,13,0,3
BRDA:216,13,1,0
BRDA:224,14,0,2
BRDA:224,14,1,1
BRDA:240,15,0,3
BRDA:240,15,1,0
BRDA:242,16,0,3
BRDA:242,16,1,0
BRDA:243,17,0,3
BRDA:243,17,1,0
BRDA:260,18,0,3
BRDA:260,18,1,1
BRF:36
BRH:23
end_of_record
TN:
SF:/home/temp/dynamic-hedging/contracts/OptionsProtocol.sol
FN:8,constructor
FNF:1
FNH:1
FNDA:12,constructor
DA:12,12
DA:13,12
LF:2
LH:2
BRF:0
BRH:0
end_of_record
TN:
SF:/home/temp/dynamic-hedging/contracts/packages/opyn/core/AddressBook.sol
FN:43,getOtokenImpl
FN:51,getOtokenFactory
FN:59,getWhitelist
FN:67,getController
FN:75,getMarginPool
FN:83,getMarginCalculator
FN:91,getLiquidationManager
FN:99,getOracle
FN:108,setOtokenImpl
FN:117,setOtokenFactory
FN:126,setWhitelist
FN:135,setController
FN:144,setMarginPool
FN:153,setMarginCalculator
FN:162,setLiquidationManager
FN:171,setOracle
FN:180,getAddress
FN:190,setAddress
FN:201,updateImpl
FNF:19
FNH:0
FNDA:0,getOtokenImpl
FNDA:0,getOtokenFactory
FNDA:0,getWhitelist
FNDA:0,getController
FNDA:0,getMarginPool
FNDA:0,getMarginCalculator
FNDA:0,getLiquidationManager
FNDA:0,getOracle
FNDA:0,setOtokenImpl
FNDA:0,setOtokenFactory
FNDA:0,setWhitelist
FNDA:0,setController
FNDA:0,setMarginPool
FNDA:0,setMarginCalculator
FNDA:0,setLiquidationManager
FNDA:0,setOracle
FNDA:0,getAddress
FNDA:0,setAddress
FNDA:0,updateImpl
DA:44,0
DA:52,0
DA:60,0
DA:68,0
DA:76,0
DA:84,0
DA:92,0
DA:100,0
DA:109,0
DA:118,0
DA:127,0
DA:136,0
DA:145,0
DA:154,0
DA:163,0
DA:172,0
DA:181,0
DA:191,0
DA:193,0
DA:202,0
DA:204,0
DA:205,0
DA:206,0
DA:207,0
DA:208,0
DA:209,0
DA:211,0
DA:212,0
LF:28
LH:0
BRDA:204,1,0,0
BRDA:204,1,1,0
BRF:2
BRH:0
end_of_record
TN:
SF:/home/temp/dynamic-hedging/contracts/packages/opyn/core/Controller.sol
FN:218,notPartiallyPaused
FN:227,notFullyPaused
FN:236,onlyFullPauser
FN:245,onlyPartialPauser
FN:256,onlyAuthorized
FN:266,onlyWhitelistedCallee
FN:277,_isNotPartiallyPaused
FN:284,_isNotFullyPaused
FN:293,_isAuthorized
FN:302,initialize
FN:321,donate
FN:332,setSystemPartiallyPaused
FN:345,setSystemFullyPaused
FN:358,setFullPauser
FN:370,setPartialPauser
FN:383,setCallRestriction
FN:397,setOperator
FN:408,refreshConfiguration
FN:418,setNakedCap
FN:431,operate
FN:446,sync
FN:457,isOperator
FN:468,getConfiguration
FN:487,getProceed
FN:504,isLiquidatable
FN:527,getPayout
FN:536,isSettlementAllowed
FN:549,canSettleAssets
FN:563,getAccountVaultCounter
FN:572,hasExpired
FN:582,getVault
FN:592,getVaultWithDetails
FN:609,getNakedCap
FN:618,getNakedPoolBalance
FN:631,_runActions
FN:698,_verifyFinalState
FN:713,_openVault
FN:734,_depositLong
FN:761,_withdrawLong
FN:784,_depositCollateral
FN:814,_withdrawCollateral
FN:845,_mintOtoken
FN:869,_burnOtoken
FN:895,_redeem
FN:922,_settleVault
FN:980,_liquidate
FN:1033,_call
FN:1045,_checkVaultId
FN:1049,_isNotEmpty
FN:1058,_isCalleeWhitelisted
FN:1069,_isLiquidatable
FN:1100,_getOtokenDetails
FN:1130,_canSettleAssets
FN:1145,_refreshConfigInternal
FNF:54
FNH:0
FNDA:0,notPartiallyPaused
FNDA:0,notFullyPaused
FNDA:0,onlyFullPauser
FNDA:0,onlyPartialPauser
FNDA:0,onlyAuthorized
FNDA:0,onlyWhitelistedCallee
FNDA:0,_isNotPartiallyPaused
FNDA:0,_isNotFullyPaused
FNDA:0,_isAuthorized
FNDA:0,initialize
FNDA:0,donate
FNDA:0,setSystemPartiallyPaused
FNDA:0,setSystemFullyPaused
FNDA:0,setFullPauser
FNDA:0,setPartialPauser
FNDA:0,setCallRestriction
FNDA:0,setOperator
FNDA:0,refreshConfiguration
FNDA:0,setNakedCap
FNDA:0,operate
FNDA:0,sync
FNDA:0,isOperator
FNDA:0,getConfiguration
FNDA:0,getProceed
FNDA:0,isLiquidatable
FNDA:0,getPayout
FNDA:0,isSettlementAllowed
FNDA:0,canSettleAssets
FNDA:0,getAccountVaultCounter
FNDA:0,hasExpired
FNDA:0,getVault
FNDA:0,getVaultWithDetails
FNDA:0,getNakedCap
FNDA:0,getNakedPoolBalance
FNDA:0,_runActions
FNDA:0,_verifyFinalState
FNDA:0,_openVault
FNDA:0,_depositLong
FNDA:0,_withdrawLong
FNDA:0,_depositCollateral
FNDA:0,_withdrawCollateral
FNDA:0,_mintOtoken
FNDA:0,_burnOtoken
FNDA:0,_redeem
FNDA:0,_settleVault
FNDA:0,_liquidate
FNDA:0,_call
FNDA:0,_checkVaultId
FNDA:0,_isNotEmpty
FNDA:0,_isCalleeWhitelisted
FNDA:0,_isLiquidatable
FNDA:0,_getOtokenDetails
FNDA:0,_canSettleAssets
FNDA:0,_refreshConfigInternal
DA:219,0
DA:221,0
DA:228,0
DA:230,0
DA:237,0
DA:239,0
DA:246,0
DA:248,0
DA:257,0
DA:259,0
DA:267,0
DA:268,0
DA:271,0
DA:278,0
DA:285,0
DA:294,0
DA:303,0
DA:304,0
DA:306,0
DA:307,0
DA:309,0
DA:310,0
DA:312,0
DA:322,0
DA:324,0
DA:333,0
DA:335,0
DA:337,0
DA:346,0
DA:348,0
DA:350,0
DA:359,0
DA:360,0
DA:361,0
DA:362,0
DA:371,0
DA:372,0
DA:373,0
DA:374,0
DA:384,0
DA:386,0
DA:388,0
DA:398,0
DA:400,0
DA:402,0
DA:409,0
DA:419,0
DA:421,0
DA:423,0
DA:432,0
DA:433,0
DA:434,0
DA:435,0
DA:447,0
DA:448,0
DA:458,0
DA:478,0
DA:488,0
DA:490,0
DA:492,0
DA:494,0
DA:517,0
DA:518,0
DA:528,0
DA:537,0
DA:538,0
DA:555,0
DA:564,0
DA:573,0
DA:583,0
DA:601,0
DA:610,0
DA:619,0
DA:639,0
DA:640,0
DA:641,0
DA:643,0
DA:644,0
DA:645,0
DA:649,0
DA:656,0
DA:657,0
DA:658,0
DA:660,0
DA:661,0
DA:662,0
DA:665,0
DA:666,0
DA:668,0
DA:670,0
DA:672,0
DA:674,0
DA:676,0
DA:678,0
DA:680,0
DA:682,0
DA:684,0
DA:686,0
DA:690,0
DA:699,0
DA:700,0
DA:702,0
DA:715,0
DA:717,0
DA:720,0
DA:721,0
DA:723,0
DA:736,0
DA:738,0
DA:740,0
DA:742,0
DA:744,0
DA:746,0
DA:748,0
DA:750,0
DA:763,0
DA:765,0
DA:767,0
DA:769,0
DA:771,0
DA:773,0
DA:786,0
DA:788,0
DA:790,0
DA:792,0
DA:794,0
DA:795,0
DA:797,0
DA:799,0
DA:801,0
DA:803,0
DA:816,0
DA:818,0
DA:820,0
DA:821,0
DA:823,0
DA:826,0
DA:827,0
DA:830,0
DA:832,0
DA:834,0
DA:847,0
DA:848,0
DA:850,0
DA:852,0
DA:854,0
DA:856,0
DA:858,0
DA:872,0
DA:874,0
DA:876,0
DA:879,0
DA:882,0
DA:885,0
DA:887,0
DA:896,0
DA:899,0
DA:901,0
DA:904,0
DA:906,0
DA:908,0
DA:910,0
DA:912,0
DA:914,0
DA:923,0
DA:925,0
DA:927,0
DA:934,0
DA:935,0
DA:936,0
DA:938,0
DA:940,0
DA:942,0
DA:943,0
DA:945,0
DA:949,0
DA:952,0
DA:953,0
DA:955,0
DA:959,0
DA:961,0
DA:963,0
DA:964,0
DA:967,0
DA:969,0
DA:970,0
DA:972,0
DA:981,0
DA:986,0
DA:992,0
DA:995,0
DA:998,0
DA:999,0
DA:1003,0
DA:1006,0
DA:1009,0
DA:1012,0
DA:1014,0
DA:1016,0
DA:1034,0
DA:1036,0
DA:1046,0
DA:1050,0
DA:1059,0
DA:1083,0
DA:1087,0
DA:1094,0
DA:1110,0
DA:1111,0
DA:1119,0
DA:1121,0
DA:1136,0
DA:1146,0
DA:1147,0
DA:1148,0
DA:1149,0
LF:216
LH:0
BRDA:237,1,0,0
BRDA:237,1,1,0
BRDA:246,2,0,0
BRDA:246,2,1,0
BRDA:267,3,0,0
BRDA:267,3,1,0
BRDA:268,4,0,0
BRDA:268,4,1,0
BRDA:278,5,0,0
BRDA:278,5,1,0
BRDA:285,6,0,0
BRDA:285,6,1,0
BRDA:294,7,0,0
BRDA:294,7,1,0
BRDA:303,8,0,0
BRDA:303,8,1,0
BRDA:304,9,0,0
BRDA:304,9,1,0
BRDA:333,10,0,0
BRDA:333,10,1,0
BRDA:346,11,0,0
BRDA:346,11,1,0
BRDA:359,12,0,0
BRDA:359,12,1,0
BRDA:360,13,0,0
BRDA:360,13,1,0
BRDA:371,14,0,0
BRDA:371,14,1,0
BRDA:372,15,0,0
BRDA:372,15,1,0
BRDA:384,16,0,0
BRDA:384,16,1,0
BRDA:398,17,0,0
BRDA:398,17,1,0
BRDA:419,18,0,0
BRDA:419,18,1,0
BRDA:433,19,0,0
BRDA:433,19,1,0
BRDA:492,20,0,0
BRDA:492,20,1,0
BRDA:649,21,0,0
BRDA:649,21,1,0
BRDA:656,22,0,0
BRDA:656,22,1,0
BRDA:657,23,0,0
BRDA:657,23,1,0
BRDA:658,24,0,0
BRDA:658,24,1,0
BRDA:665,25,0,0
BRDA:665,25,1,0
BRDA:667,26,0,0
BRDA:667,26,1,0
BRDA:669,27,0,0
BRDA:669,27,1,0
BRDA:671,28,0,0
BRDA:671,28,1,0
BRDA:673,29,0,0
BRDA:673,29,1,0
BRDA:675,30,0,0
BRDA:675,30,1,0
BRDA:677,31,0,0
BRDA:677,31,1,0
BRDA:679,32,0,0
BRDA:679,32,1,0
BRDA:681,33,0,0
BRDA:681,33,1,0
BRDA:683,34,0,0
BRDA:683,34,1,0
BRDA:685,35,0,0
BRDA:685,35,1,0
BRDA:702,36,0,0
BRDA:702,36,1,0
BRDA:717,37,0,0
BRDA:717,37,1,0
BRDA:736,38,0,0
BRDA:736,38,1,0
BRDA:738,39,0,0
BRDA:738,39,1,0
BRDA:740,40,0,0
BRDA:740,40,1,0
BRDA:744,41,0,0
BRDA:744,41,1,0
BRDA:763,42,0,0
BRDA:763,42,1,0
BRDA:767,43,0,0
BRDA:767,43,1,0
BRDA:786,44,0,0
BRDA:786,44,1,0
BRDA:788,45,0,0
BRDA:788,45,1,0
BRDA:790,46,0,0
BRDA:790,46,1,0
BRDA:794,47,0,0
BRDA:794,47,1,0
BRDA:797,48,0,0
BRDA:797,48,1,0
BRDA:816,49,0,0
BRDA:816,49,1,0
BRDA:820,50,0,0
BRDA:820,50,1,0
BRDA:823,51,0,0
BRDA:823,51,1,0
BRDA:826,52,0,0
BRDA:826,52,1,0
BRDA:847,53,0,0
BRDA:847,53,1,0
BRDA:848,54,0,0
BRDA:848,54,1,0
BRDA:852,55,0,0
BRDA:852,55,1,0
BRDA:872,56,0,0
BRDA:872,56,1,0
BRDA:874,57,0,0
BRDA:874,57,1,0
BRDA:879,58,0,0
BRDA:879,58,1,0
BRDA:899,59,0,0
BRDA:899,59,1,0
BRDA:904,60,0,0
BRDA:904,60,1,0
BRDA:906,61,0,0
BRDA:906,61,1,0
BRDA:923,62,0,0
BRDA:923,62,1,0
BRDA:938,63,0,0
BRDA:938,63,1,0
BRDA:942,64,0,0
BRDA:942,64,1,0
BRDA:952,65,0,0
BRDA:952,65,1,0
BRDA:953,66,0,0
BRDA:953,66,1,0
BRDA:959,67,0,0
BRDA:959,67,1,0
BRDA:963,68,0,0
BRDA:963,68,1,0
BRDA:981,69,0,0
BRDA:981,69,1,0
BRDA:992,70,0,0
BRDA:992,70,1,0
BRDA:998,71,0,0
BRDA:998,71,1,0
BRDA:999,72,0,0
BRDA:999,72,1,0
BRF:144
BRH:0
end_of_record
TN:
SF:/home/temp/dynamic-hedging/contracts/packages/opyn/core/MarginCalculator.sol
FN:94,constructor
FN:106,setCollateralDust
FN:131,setUpperBoundValues
FN:183,updateUpperBoundValue
FN:212,setSpotShock
FN:227,setOracleDeviation
FN:238,getCollateralDust
FN:250,getTimesToExpiry
FN:269,getMaxPrice
FN:289,getSpotShock
FN:304,getOracleDeviation
FN:322,getNakedMarginRequired
FN:364,getExpiredPayoutRate
FN:416,isLiquidatable
FN:511,getMarginRequired
FN:529,getExcessCollateral
FN:572,_getExpiredCashValue
FN:610,_getMarginRequired
FN:780,_getNakedMarginRequired
FN:818,_findUpperBoundValue
FN:851,_getPutSpreadMarginRequired
FN:870,_getCallSpreadMarginRequired
FN:904,_convertAmountOnLivePrice
FN:927,_convertAmountOnExpiryPrice
FN:971,_getDebtPrice
FN:1029,_getVaultDetails
FN:1107,_getExpiredSpreadCashValue
FN:1120,_isNotEmpty
FN:1134,_checkIsValidVault
FN:1172,_isMarginableLong
FN:1198,_isMarginableCollateral
FN:1224,_getProductHash
FN:1241,_getCashValue
FN:1254,_getOtokenDetails
FNF:34
FNH:0
FNDA:0,constructor
FNDA:0,setCollateralDust
FNDA:0,setUpperBoundValues
FNDA:0,updateUpperBoundValue
FNDA:0,setSpotShock
FNDA:0,setOracleDeviation
FNDA:0,getCollateralDust
FNDA:0,getTimesToExpiry
FNDA:0,getMaxPrice
FNDA:0,getSpotShock
FNDA:0,getOracleDeviation
FNDA:0,getNakedMarginRequired
FNDA:0,getExpiredPayoutRate
FNDA:0,isLiquidatable
FNDA:0,getMarginRequired
FNDA:0,getExcessCollateral
FNDA:0,_getExpiredCashValue
FNDA:0,_getMarginRequired
FNDA:0,_getNakedMarginRequired
FNDA:0,_findUpperBoundValue
FNDA:0,_getPutSpreadMarginRequired
FNDA:0,_getCallSpreadMarginRequired
FNDA:0,_convertAmountOnLivePrice
FNDA:0,_convertAmountOnExpiryPrice
FNDA:0,_getDebtPrice
FNDA:0,_getVaultDetails
FNDA:0,_getExpiredSpreadCashValue
FNDA:0,_isNotEmpty
FNDA:0,_checkIsValidVault
FNDA:0,_isMarginableLong
FNDA:0,_isMarginableCollateral
FNDA:0,_getProductHash
FNDA:0,_getCashValue
FNDA:0,_getOtokenDetails
DA:95,0
DA:97,0
DA:107,0
DA:109,0
DA:111,0
DA:132,0
DA:133,0
DA:136,0
DA:138,0
DA:142,0
DA:147,0
DA:149,0
DA:150,0
DA:153,0
DA:156,0
DA:159,0
DA:161,0
DA:162,0
DA:184,0
DA:186,0
DA:187,0
DA:189,0
DA:192,0
DA:194,0
DA:213,0
DA:215,0
DA:217,0
DA:219,0
DA:228,0
DA:230,0
DA:239,0
DA:256,0
DA:257,0
DA:276,0
DA:278,0
DA:295,0
DA:297,0
DA:305,0
DA:333,0
DA:336,0
DA:338,0
DA:340,0
DA:343,0
DA:365,0
DA:367,0
DA:376,0
DA:378,0
DA:386,0
DA:395,0
DA:396,0
DA:431,0
DA:433,0
DA:436,0
DA:438,0
DA:440,0
DA:446,0
DA:452,0
DA:458,0
DA:466,0
DA:471,0
DA:481,0
DA:482,0
DA:485,0
DA:492,0
DA:502,0
DA:516,0
DA:517,0
DA:534,0
DA:537,0
DA:540,0
DA:541,0
DA:542,0
DA:546,0
DA:550,0
DA:552,0
DA:553,0
DA:557,0
DA:558,0
DA:580,0
DA:581,0
DA:584,0
DA:591,0
DA:615,0
DA:618,0
DA:621,0
DA:624,0
DA:629,0
DA:637,0
DA:639,0
DA:642,0
DA:648,0
DA:649,0
DA:656,0
DA:662,0
DA:670,0
DA:683,0
DA:687,0
DA:688,0
DA:695,0
DA:704,0
DA:711,0
DA:723,0
DA:732,0
DA:742,0
DA:750,0
DA:789,0
DA:791,0
DA:793,0
DA:794,0
DA:795,0
DA:797,0
DA:798,0
DA:799,0
DA:800,0
DA:802,0
DA:803,0
DA:804,0
DA:805,0
DA:808,0
DA:824,0
DA:827,0
DA:829,0
DA:832,0
DA:838,0
DA:839,0
DA:840,0
DA:857,0
DA:877,0
DA:878,0
DA:886,0
DA:891,0
DA:893,0
DA:909,0
DA:910,0
DA:912,0
DA:913,0
DA:916,0
DA:933,0
DA:934,0
DA:936,0
DA:937,0
DA:938,0
DA:941,0
DA:981,0
DA:983,0
DA:986,0
DA:989,0
DA:990,0
DA:993,0
DA:995,0
DA:997,0
DA:999,0
DA:1000,0
DA:1002,0
DA:1007,0
DA:1009,0
DA:1012,0
DA:1017,0
DA:1020,0
DA:1034,0
DA:1057,0
DA:1058,0
DA:1059,0
DA:1061,0
DA:1064,0
DA:1065,0
DA:1066,0
DA:1074,0
DA:1078,0
DA:1079,0
DA:1080,0
DA:1088,0
DA:1093,0
DA:1094,0
DA:1097,0
DA:1113,0
DA:1121,0
DA:1136,0
DA:1137,0
DA:1138,0
DA:1140,0
DA:1144,0
DA:1148,0
DA:1154,0
DA:1160,0
DA:1177,0
DA:1178,0
DA:1181,0
DA:1183,0
DA:1203,0
DA:1205,0
DA:1207,0
DA:1208,0
DA:1210,0
DA:1213,0
DA:1230,0
DA:1246,0
DA:1248,0
DA:1266,0
DA:1267,0
DA:1275,0
DA:1278,0
LF:202
LH:0
BRDA:95,1,0,0
BRDA:95,1,1,0
BRDA:107,2,0,0
BRDA:107,2,1,0
BRDA:132,3,0,0
BRDA:132,3,1,0
BRDA:133,4,0,0
BRDA:133,4,1,0
BRDA:142,5,0,0
BRDA:142,5,1,0
BRDA:149,6,0,0
BRDA:149,6,1,0
BRDA:150,7,0,0
BRDA:150,7,1,0
BRDA:153,8,0,0
BRDA:153,8,1,0
BRDA:184,9,0,0
BRDA:184,9,1,0
BRDA:189,10,0,0
BRDA:189,10,1,0
BRDA:213,11,0,0
BRDA:213,11,1,0
BRDA:365,12,0,0
BRDA:365,12,1,0
BRDA:376,13,0,0
BRDA:376,13,1,0
BRDA:431,14,0,0
BRDA:431,14,1,0
BRDA:436,15,0,0
BRDA:436,15,1,0
BRDA:438,16,0,0
BRDA:438,16,1,0
BRDA:446,17,0,0
BRDA:446,17,1,0
BRDA:481,18,0,0
BRDA:481,18,1,0
BRDA:540,19,0,0
BRDA:540,19,1,0
BRDA:637,20,0,0
BRDA:637,20,1,0
BRDA:639,21,0,0
BRDA:639,21,1,0
BRDA:648,22,0,0
BRDA:648,22,1,0
BRDA:649,23,0,0
BRDA:649,23,1,0
BRDA:687,24,0,0
BRDA:687,24,1,0
BRDA:797,25,0,0
BRDA:797,25,1,0
BRDA:827,26,0,0
BRDA:827,26,1,0
BRDA:832,27,0,0
BRDA:832,27,1,0
BRDA:839,28,0,0
BRDA:839,28,1,0
BRDA:877,29,0,0
BRDA:877,29,1,0
BRDA:909,30,0,0
BRDA:909,30,1,0
BRDA:933,31,0,0
BRDA:933,31,1,0
BRDA:938,32,0,0
BRDA:938,32,1,0
BRDA:989,33,0,0
BRDA:989,33,1,0
BRDA:999,34,0,0
BRDA:999,34,1,0
BRDA:1017,35,0,0
BRDA:1017,35,1,0
BRDA:1064,36,0,0
BRDA:1064,36,1,0
BRDA:1078,37,0,0
BRDA:1078,37,1,0
BRDA:1093,38,0,0
BRDA:1093,38,1,0
BRDA:1136,39,0,0
BRDA:1136,39,1,0
BRDA:1137,40,0,0
BRDA:1137,40,1,0
BRDA:1138,41,0,0
BRDA:1138,41,1,0
BRDA:1140,42,0,0
BRDA:1140,42,1,0
BRDA:1144,43,0,0
BRDA:1144,43,1,0
BRDA:1148,44,0,0
BRDA:1148,44,1,0
BRDA:1154,45,0,0
BRDA:1154,45,1,0
BRDA:1160,46,0,0
BRDA:1160,46,1,0
BRDA:1177,47,0,0
BRDA:1177,47,1,0
BRDA:1178,48,0,0
BRDA:1178,48,1,0
BRDA:1181,49,0,0
BRDA:1181,49,1,0
BRDA:1205,50,0,0
BRDA:1205,50,1,0
BRDA:1207,51,0,0
BRDA:1207,51,1,0
BRDA:1209,52,0,0
BRDA:1209,52,1,0
BRDA:1246,53,0,0
BRDA:1246,53,1,0
BRF:106
BRH:0
end_of_record
TN:
SF:/home/temp/dynamic-hedging/contracts/packages/opyn/core/MarginPool.sol
FN:32,constructor
FN:50,onlyController
FN:62,onlyFarmer
FN:78,transferToPool
FN:97,transferToUser
FN:111,getStoredBalance
FN:125,batchTransferToPool
FN:147,batchTransferToUser
FN:170,farm
FN:188,setFarmer
FNF:10
FNH:0
FNDA:0,constructor
FNDA:0,onlyController
FNDA:0,onlyFarmer
FNDA:0,transferToPool
FNDA:0,transferToUser
FNDA:0,getStoredBalance
FNDA:0,batchTransferToPool
FNDA:0,batchTransferToUser
FNDA:0,farm
FNDA:0,setFarmer
DA:33,0
DA:35,0
DA:51,0
DA:56,0
DA:63,0
DA:65,0
DA:79,0
DA:80,0
DA:83,0
DA:84,0
DA:98,0
DA:99,0
DA:102,0
DA:103,0
DA:112,0
DA:126,0
DA:131,0
DA:133,0
DA:148,0
DA:153,0
DA:155,0
DA:171,0
DA:173,0
DA:174,0
DA:176,0
DA:178,0
DA:180,0
DA:189,0
DA:191,0
LF:29
LH:0
BRDA:33,1,0,0
BRDA:33,1,1,0
BRDA:51,2,0,0
BRDA:51,2,1,0
BRDA:63,3,0,0
BRDA:63,3,1,0
BRDA:79,4,0,0
BRDA:79,4,1,0
BRDA:98,5,0,0
BRDA:98,5,1,0
BRDA:126,6,0,0
BRDA:126,6,1,0
BRDA:148,7,0,0
BRDA:148,7,1,0
BRDA:171,8,0,0
BRDA:171,8,1,0
BRDA:176,9,0,0
BRDA:176,9,1,0
BRF:18
BRH:0
end_of_record
TN:
SF:/home/temp/dynamic-hedging/contracts/packages/opyn/core/Oracle.sol
FN:80,migrateOracle
FN:93,endMigration
FN:103,setAssetPricer
FN:118,setLockingPeriod
FN:134,setDisputePeriod
FN:145,setDisputer
FN:157,setStablePrice
FN:172,disputeExpiryPrice
FN:197,setExpiryPrice
FN:216,getPrice
FN:235,getExpiryPrice
FN:252,getPricer
FN:260,getDisputer
FN:271,getPricerLockingPeriod
FN:282,getPricerDisputePeriod
FN:293,getChainlinkRoundData
FN:312,isLockingPeriodOver
FN:331,isDisputePeriodOver
FNF:18
FNH:0
FNDA:0,migrateOracle
FNDA:0,endMigration
FNDA:0,setAssetPricer
FNDA:0,setLockingPeriod
FNDA:0,setDisputePeriod
FNDA:0,setDisputer
FNDA:0,setStablePrice
FNDA:0,disputeExpiryPrice
FNDA:0,setExpiryPrice
FNDA:0,getPrice
FNDA:0,getExpiryPrice
FNDA:0,getPricer
FNDA:0,getDisputer
FNDA:0,getPricerLockingPeriod
FNDA:0,getPricerDisputePeriod
FNDA:0,getChainlinkRoundData
FNDA:0,isLockingPeriodOver
FNDA:0,isDisputePeriodOver
DA:81,0
DA:82,0
DA:84,0
DA:85,0
DA:94,0
DA:104,0
DA:105,0
DA:107,0
DA:109,0
DA:119,0
DA:121,0
DA:135,0
DA:137,0
DA:146,0
DA:148,0
DA:158,0
DA:160,0
DA:162,0
DA:177,0
DA:178,0
DA:180,0
DA:182,0
DA:184,0
DA:185,0
DA:187,0
DA:202,0
DA:203,0
DA:204,0
DA:206,0
DA:207,0
DA:217,0
DA:219,0
DA:220,0
DA:222,0
DA:225,0
DA:236,0
DA:237,0
DA:239,0
DA:240,0
DA:241,0
DA:244,0
DA:253,0
DA:261,0
DA:272,0
DA:283,0
DA:294,0
DA:295,0
DA:297,0
DA:298,0
DA:300,0
DA:303,0
DA:313,0
DA:315,0
DA:316,0
DA:317,0
DA:319,0
DA:322,0
DA:332,0
DA:334,0
DA:336,0
DA:337,0
DA:338,0
DA:341,0
DA:342,0
DA:344,0
DA:347,0
LF:66
LH:0
BRDA:81,1,0,0
BRDA:81,1,1,0
BRDA:82,2,0,0
BRDA:82,2,1,0
BRDA:104,3,0,0
BRDA:104,3,1,0
BRDA:105,4,0,0
BRDA:105,4,1,0
BRDA:158,5,0,0
BRDA:158,5,1,0
BRDA:177,6,0,0
BRDA:177,6,1,0
BRDA:178,7,0,0
BRDA:178,7,1,0
BRDA:182,8,0,0
BRDA:182,8,1,0
BRDA:202,9,0,0
BRDA:202,9,1,0
BRDA:203,10,0,0
BRDA:203,10,1,0
BRDA:204,11,0,0
BRDA:204,11,1,0
BRDA:219,12,0,0
BRDA:219,12,1,0
BRDA:220,13,0,0
BRDA:220,13,1,0
BRDA:239,14,0,0
BRDA:239,14,1,0
BRDA:297,15,0,0
BRDA:297,15,1,0
BRDA:298,16,0,0
BRDA:298,16,1,0
BRDA:315,17,0,0
BRDA:315,17,1,0
BRDA:334,18,0,0
BRDA:334,18,1,0
BRDA:337,19,0,0
BRDA:337,19,1,0
BRF:38
BRH:0
end_of_record
TN:
SF:/home/temp/dynamic-hedging/contracts/packages/opyn/core/Otoken.sol
FN:59,init
FN:73,getOtokenDetails
FN:94,mintOtoken
FN:105,burnOtoken
FN:116,_getNameAndSymbol
FN:175,_getDisplayedStrikePrice
FN:202,_uintTo2Chars
FN:216,_getOptionType
FN:230,_slice
FN:247,_getMonth
FNF:10
FNH:0
FNDA:0,init
FNDA:0,getOtokenDetails
FNDA:0,mintOtoken
FNDA:0,burnOtoken
FNDA:0,_getNameAndSymbol
FNDA:0,_getDisplayedStrikePrice
FNDA:0,_uintTo2Chars
FNDA:0,_getOptionType
FNDA:0,_slice
FNDA:0,_getMonth
DA:60,0
DA:61,0
DA:62,0
DA:63,0
DA:64,0
DA:65,0
DA:66,0
DA:67,0
DA:68,0
DA:69,0
DA:70,0
DA:85,0
DA:95,0
DA:96,0
DA:106,0
DA:107,0
DA:117,0
DA:118,0
DA:119,0
DA:120,0
DA:123,0
DA:126,0
DA:129,0
DA:132,0
DA:152,0
DA:176,0
DA:177,0
DA:178,0
DA:180,0
DA:182,0
DA:183,0
DA:184,0
DA:185,0
DA:189,0
DA:191,0
DA:192,0
DA:194,0
DA:195,0
DA:203,0
DA:204,0
DA:205,0
DA:206,0
DA:208,0
DA:217,0
DA:218,0
DA:220,0
DA:235,0
DA:236,0
DA:237,0
DA:239,0
DA:248,0
DA:249,0
DA:251,0
DA:253,0
DA:255,0
DA:257,0
DA:259,0
DA:261,0
DA:263,0
DA:265,0
DA:267,0
DA:269,0
DA:271,0
LF:63
LH:0
BRDA:95,1,0,0
BRDA:95,1,1,0
BRDA:106,2,0,0
BRDA:106,2,1,0
BRDA:180,3,0,0
BRDA:180,3,1,0
BRDA:203,4,0,0
BRDA:203,4,1,0
BRDA:205,5,0,0
BRDA:205,5,1,0
BRDA:217,6,0,0
BRDA:217,6,1,0
BRDA:248,7,0,0
BRDA:248,7,1,0
BRDA:250,8,0,0
BRDA:250,8,1,0
BRDA:252,9,0,0
BRDA:252,9,1,0
BRDA:254,10,0,0
BRDA:254,10,1,0
BRDA:256,11,0,0
BRDA:256,11,1,0
BRDA:258,12,0,0
BRDA:258,12,1,0
BRDA:260,13,0,0
BRDA:260,13,1,0
BRDA:262,14,0,0
BRDA:262,14,1,0
BRDA:264,15,0,0
BRDA:264,15,1,0
BRDA:266,16,0,0
BRDA:266,16,1,0
BRDA:268,17,0,0
BRDA:268,17,1,0
BRF:34
BRH:0
end_of_record
TN:
SF:/home/temp/dynamic-hedging/contracts/packages/opyn/core/OtokenFactory.sol
FN:32,constructor
FN:59,createOtoken
FN:124,getOtokensLength
FN:138,getOtoken
FN:161,getTargetOtokenAddress
FN:194,_getOptionId
FNF:6
FNH:0
FNDA:0,constructor
FNDA:0,createOtoken
FNDA:0,getOtokensLength
FNDA:0,getOtoken
FNDA:0,getTargetOtokenAddress
FNDA:0,_getOptionId
DA:33,0
DA:67,0
DA:68,0
DA:70,0
DA:71,0
DA:72,0
DA:74,0
DA:75,0
DA:85,0
DA:87,0
DA:89,0
DA:100,0
DA:102,0
DA:103,0
DA:104,0
DA:106,0
DA:117,0
DA:125,0
DA:146,0
DA:147,0
DA:169,0
DA:171,0
DA:181,0
DA:202,0
LF:24
LH:0
BRDA:67,1,0,0
BRDA:67,1,1,0
BRDA:68,2,0,0
BRDA:68,2,1,0
BRDA:70,3,0,0
BRDA:70,3,1,0
BRDA:72,4,0,0
BRDA:72,4,1,0
BRDA:75,5,0,0
BRDA:75,5,1,0
BRDA:85,6,0,0
BRDA:85,6,1,0
BRF:12
BRH:0
end_of_record
TN:
SF:/home/temp/dynamic-hedging/contracts/packages/opyn/core/OtokenSpawner.sol
FN:27,_spawn
FN:48,_computeAddress
FNF:2
FNH:0
FNDA:0,_spawn
FNDA:0,_computeAddress
DA:29,0
DA:35,0
DA:54,0
DA:59,0
DA:61,0
LF:5
LH:0
BRF:0
BRH:0
end_of_record
TN:
SF:/home/temp/dynamic-hedging/contracts/packages/opyn/core/Whitelist.sol
FN:28,constructor
FN:66,onlyFactory
FN:84,isWhitelistedProduct
FN:100,isWhitelistedCollateral
FN:109,isWhitelistedOtoken
FN:118,isWhitelistedCallee
FN:136,whitelistProduct
FN:164,blacklistProduct
FN:177,whitelistCollateral
FN:188,blacklistCollateral
FN:199,whitelistOtoken
FN:210,blacklistOtoken
FN:221,whitelistCallee
FN:232,blacklistCallee
FNF:14
FNH:0
FNDA:0,constructor
FNDA:0,onlyFactory
FNDA:0,isWhitelistedProduct
FNDA:0,isWhitelistedCollateral
FNDA:0,isWhitelistedOtoken
FNDA:0,isWhitelistedCallee
FNDA:0,whitelistProduct
FNDA:0,blacklistProduct
FNDA:0,whitelistCollateral
FNDA:0,blacklistCollateral
FNDA:0,whitelistOtoken
FNDA:0,blacklistOtoken
FNDA:0,whitelistCallee
FNDA:0,blacklistCallee
DA:29,0
DA:31,0
DA:67,0
DA:72,0
DA:90,0
DA:92,0
DA:101,0
DA:110,0
DA:119,0
DA:137,0
DA:138,0
DA:143,0
DA:145,0
DA:147,0
DA:165,0
DA:167,0
DA:169,0
DA:178,0
DA:180,0
DA:189,0
DA:191,0
DA:200,0
DA:202,0
DA:211,0
DA:213,0
DA:222,0
DA:224,0
DA:233,0
DA:235,0
LF:29
LH:0
BRDA:29,1,0,0
BRDA:29,1,1,0
BRDA:67,2,0,0
BRDA:67,2,1,0
BRDA:137,3,0,0
BRDA:137,3,1,0
BRDA:138,4,0,0
BRDA:138,4,1,0
BRF:8
BRH:0
end_of_record
TN:
SF:/home/temp/dynamic-hedging/contracts/packages/opyn/external/callees/PermitCallee.sol
FN:17,callFunction
FNF:1
FNH:0
FNDA:0,callFunction
DA:18,0
DA:29,0
LF:2
LH:0
BRF:0
BRH:0
end_of_record
TN:
SF:/home/temp/dynamic-hedging/contracts/packages/opyn/external/canonical-weth/WETH9.sol
FN:53,deposit
FN:63,withdraw
FN:74,totalSupply
FN:84,approve
FN:96,transfer
FN:107,transferFrom
FNF:6
FNH:0
FNDA:0,deposit
FNDA:0,withdraw
FNDA:0,totalSupply
FNDA:0,approve
FNDA:0,transfer
FNDA:0,transferFrom
DA:47,0
DA:54,0
DA:55,0
DA:64,0
DA:65,0
DA:66,0
DA:67,0
DA:75,0
DA:85,0
DA:86,0
DA:87,0
DA:97,0
DA:112,0
DA:114,0
DA:115,0
DA:116,0
DA:119,0
DA:120,0
DA:122,0
DA:124,0
LF:20
LH:0
BRDA:64,1,0,0
BRDA:64,1,1,0
BRDA:112,2,0,0
BRDA:112,2,1,0
BRDA:114,3,0,0
BRDA:114,3,1,0
BRDA:115,4,0,0
BRDA:115,4,1,0
BRF:8
BRH:0
end_of_record
TN:
SF:/home/temp/dynamic-hedging/contracts/packages/opyn/external/proxies/PayableProxyController.sol
FN:28,constructor
FN:41,
FN:51,operate
FNF:3
FNH:0
FNDA:0,constructor
FNDA:0,
FNDA:0,operate
DA:33,0
DA:34,0
DA:35,0
DA:42,0
DA:53,0
DA:54,0
DA:58,0
DA:59,0
DA:62,0
DA:63,0
DA:69,0
DA:71,0
DA:75,0
DA:78,0
DA:79,0
DA:80,0
DA:82,0
DA:83,0
LF:18
LH:0
BRDA:42,1,0,0
BRDA:42,1,1,0
BRDA:53,2,0,0
BRDA:53,2,1,0
BRDA:62,3,0,0
BRDA:62,3,1,0
BRDA:63,4,0,0
BRDA:63,4,1,0
BRDA:69,5,0,0
BRDA:69,5,1,0
BRDA:79,6,0,0
BRDA:79,6,1,0
BRDA:80,7,0,0
BRDA:80,7,1,0
BRF:14
BRH:0
end_of_record
TN:
SF:/home/temp/dynamic-hedging/contracts/packages/opyn/interfaces/AddressBookInterface.sol
FNF:0
FNH:0
LF:0
LH:0
BRF:0
BRH:0
end_of_record
TN:
SF:/home/temp/dynamic-hedging/contracts/packages/opyn/interfaces/AggregatorInterface.sol
FNF:0
FNH:0
LF:0
LH:0
BRF:0
BRH:0
end_of_record
TN:
SF:/home/temp/dynamic-hedging/contracts/packages/opyn/interfaces/CalleeInterface.sol
FNF:0
FNH:0
LF:0
LH:0
BRF:0
BRH:0
end_of_record
TN:
SF:/home/temp/dynamic-hedging/contracts/packages/opyn/interfaces/CTokenInterface.sol
FNF:0
FNH:0
LF:0
LH:0
BRF:0
BRH:0
end_of_record
TN:
SF:/home/temp/dynamic-hedging/contracts/packages/opyn/interfaces/ERC20Interface.sol
FNF:0
FNH:0
LF:0
LH:0
BRF:0
BRH:0
end_of_record
TN:
SF:/home/temp/dynamic-hedging/contracts/packages/opyn/interfaces/MarginCalculatorInterface.sol
FNF:0
FNH:0
LF:0
LH:0
BRF:0
BRH:0
end_of_record
TN:
SF:/home/temp/dynamic-hedging/contracts/packages/opyn/interfaces/MarginPoolInterface.sol
FNF:0
FNH:0
LF:0
LH:0
BRF:0
BRH:0
end_of_record
TN:
SF:/home/temp/dynamic-hedging/contracts/packages/opyn/interfaces/OpynPricerInterface.sol
FNF:0
FNH:0
LF:0
LH:0
BRF:0
BRH:0
end_of_record
TN:
SF:/home/temp/dynamic-hedging/contracts/packages/opyn/interfaces/OracleInterface.sol
FNF:0
FNH:0
LF:0
LH:0
BRF:0
BRH:0
end_of_record
TN:
SF:/home/temp/dynamic-hedging/contracts/packages/opyn/interfaces/OtokenInterface.sol
FNF:0
FNH:0
LF:0
LH:0
BRF:0
BRH:0
end_of_record
TN:
SF:/home/temp/dynamic-hedging/contracts/packages/opyn/interfaces/WETH9Interface.sol
FNF:0
FNH:0
LF:0
LH:0
BRF:0
BRH:0
end_of_record
TN:
SF:/home/temp/dynamic-hedging/contracts/packages/opyn/interfaces/WhitelistInterface.sol
FNF:0
FNH:0
LF:0
LH:0
BRF:0
BRH:0
end_of_record
TN:
SF:/home/temp/dynamic-hedging/contracts/packages/opyn/interfaces/WSTETHInterface.sol
FNF:0
FNH:0
LF:0
LH:0
BRF:0
BRH:0
end_of_record
TN:
SF:/home/temp/dynamic-hedging/contracts/packages/opyn/interfaces/YearnVaultInterface.sol
FNF:0
FNH:0
LF:0
LH:0
BRF:0
BRH:0
end_of_record
TN:
SF:/home/temp/dynamic-hedging/contracts/packages/opyn/interfaces/ZeroXExchangeInterface.sol
FNF:0
FNH:0
LF:0
LH:0
BRF:0
BRH:0
end_of_record
TN:
SF:/home/temp/dynamic-hedging/contracts/packages/opyn/libs/Actions.sol
FN:189,_parseOpenVaultArgs
FN:212,_parseMintArgs
FN:232,_parseBurnArgs
FN:252,_parseDepositArgs
FN:275,_parseWithdrawArgs
FN:299,_parseRedeemArgs
FN:311,_parseSettleVaultArgs
FN:319,_parseLiquidateArgs
FN:343,_parseCallArgs
FNF:9
FNH:0
FNDA:0,_parseOpenVaultArgs
FNDA:0,_parseMintArgs
FNDA:0,_parseBurnArgs
FNDA:0,_parseDepositArgs
FNDA:0,_parseWithdrawArgs
FNDA:0,_parseRedeemArgs
FNDA:0,_parseSettleVaultArgs
FNDA:0,_parseLiquidateArgs
FNDA:0,_parseCallArgs
DA:190,0
DA:191,0
DA:194,0
DA:196,0
DA:198,0
DA:202,0
DA:204,0
DA:213,0
DA:214,0
DA:216,0
DA:233,0
DA:234,0
DA:236,0
DA:253,0
DA:257,0
DA:259,0
DA:276,0
DA:280,0
DA:281,0
DA:283,0
DA:300,0
DA:301,0
DA:303,0
DA:312,0
DA:313,0
DA:314,0
DA:316,0
DA:320,0
DA:321,0
DA:322,0
DA:323,0
DA:326,0
DA:328,0
DA:344,0
DA:345,0
DA:347,0
LF:36
LH:0
BRDA:190,1,0,0
BRDA:190,1,1,0
BRDA:191,2,0,0
BRDA:191,2,1,0
BRDA:196,3,0,0
BRDA:196,3,1,0
BRDA:202,4,0,0
BRDA:202,4,1,0
BRDA:213,5,0,0
BRDA:213,5,1,0
BRDA:214,6,0,0
BRDA:214,6,1,0
BRDA:233,7,0,0
BRDA:233,7,1,0
BRDA:234,8,0,0
BRDA:234,8,1,0
BRDA:253,9,0,0
BRDA:253,9,1,0
BRDA:257,10,0,0
BRDA:257,10,1,0
BRDA:276,11,0,0
BRDA:276,11,1,0
BRDA:280,12,0,0
BRDA:280,12,1,0
BRDA:281,13,0,0
BRDA:281,13,1,0
BRDA:300,14,0,0
BRDA:300,14,1,0
BRDA:301,15,0,0
BRDA:301,15,1,0
BRDA:312,16,0,0
BRDA:312,16,1,0
BRDA:313,17,0,0
BRDA:313,17,1,0
BRDA:314,18,0,0
BRDA:314,18,1,0
BRDA:320,19,0,0
BRDA:320,19,1,0
BRDA:321,20,0,0
BRDA:321,20,1,0
BRDA:322,21,0,0
BRDA:322,21,1,0
BRDA:323,22,0,0
BRDA:323,22,1,0
BRDA:344,23,0,0
BRDA:344,23,1,0
BRDA:345,24,0,0
BRDA:345,24,1,0
BRF:48
BRH:0
end_of_record
TN:
SF:/home/temp/dynamic-hedging/contracts/packages/opyn/libs/FixedPointInt256.sol
FN:33,fromUnscaledInt
FN:48,fromScaledUint
FN:71,toScaledUint
FN:102,add
FN:112,sub
FN:122,mul
FN:132,div
FN:142,min
FN:152,max
FN:162,isEqual
FN:172,isGreaterThan
FN:182,isGreaterThanOrEqual
FN:192,isLessThan
FN:202,isLessThanOrEqual
FNF:14
FNH:11
FNDA:0,fromUnscaledInt
FNDA:1497,fromScaledUint
FNDA:263,toScaledUint
FNDA:330,add
FNDA:381,sub
FNDA:1103,mul
FNDA:152,div
FNDA:250,min
FNDA:255,max
FNDA:0,isEqual
FNDA:212,isGreaterThan
FNDA:101,isGreaterThanOrEqual
FNDA:0,isLessThan
FNDA:6,isLessThanOrEqual
DA:34,0
DA:49,1497
DA:51,1497
DA:52,440
DA:54,0
DA:55,0
DA:57,1057
DA:58,1057
DA:61,1497
DA:76,263
DA:78,263
DA:79,0
DA:81,0
DA:82,0
DA:84,263
DA:85,263
DA:86,263
DA:87,150
DA:88,150
DA:90,263
DA:93,263
DA:103,330
DA:113,381
DA:123,1103
DA:133,152
DA:143,250
DA:153,255
DA:163,0
DA:173,212
DA:183,101
DA:193,0
DA:203,6
LF:32
LH:24
BRDA:51,1,0,440
BRDA:51,1,1,1057
BRDA:53,2,0,0
BRDA:53,2,1,1057
BRDA:78,3,0,0
BRDA:78,3,1,263
BRDA:80,4,0,0
BRDA:80,4,1,263
BRDA:86,5,0,150
BRDA:86,5,1,113
BRDA:88,6,0,148
BRDA:88,6,1,2
BRF:12
BRH:9
end_of_record
TN:
SF:/home/temp/dynamic-hedging/contracts/packages/opyn/libs/MarginVault.sol
FN:56,addShort
FN:86,removeShort
FN:111,addLong
FN:141,removeLong
FN:166,addCollateral
FN:196,removeCollateral
FNF:6
FNH:0
FNDA:0,addShort
FNDA:0,removeShort
FNDA:0,addLong
FNDA:0,removeLong
FNDA:0,addCollateral
FNDA:0,removeCollateral
DA:62,0
DA:66,0
DA:67,0
DA:68,0
DA:70,0
DA:71,0
DA:72,0
DA:74,0
DA:75,0
DA:93,0
DA:94,0
DA:96,0
DA:98,0
DA:99,0
DA:101,0
DA:117,0
DA:121,0
DA:122,0
DA:123,0
DA:125,0
DA:126,0
DA:127,0
DA:129,0
DA:130,0
DA:148,0
DA:149,0
DA:151,0
DA:153,0
DA:154,0
DA:156,0
DA:172,0
DA:176,0
DA:177,0
DA:178,0
DA:180,0
DA:181,0
DA:182,0
DA:184,0
DA:185,0
DA:203,0
DA:204,0
DA:206,0
DA:208,0
DA:209,0
DA:211,0
LF:45
LH:0
BRDA:62,1,0,0
BRDA:62,1,1,0
BRDA:66,2,0,0
BRDA:66,2,1,0
BRDA:70,3,0,0
BRDA:70,3,1,0
BRDA:72,4,0,0
BRDA:72,4,1,0
BRDA:93,5,0,0
BRDA:93,5,1,0
BRDA:94,6,0,0
BRDA:94,6,1,0
BRDA:98,7,0,0
BRDA:98,7,1,0
BRDA:117,8,0,0
BRDA:117,8,1,0
BRDA:121,9,0,0
BRDA:121,9,1,0
BRDA:125,10,0,0
BRDA:125,10,1,0
BRDA:127,11,0,0
BRDA:127,11,1,0
BRDA:148,12,0,0
BRDA:148,12,1,0
BRDA:149,13,0,0
BRDA:149,13,1,0
BRDA:153,14,0,0
BRDA:153,14,1,0
BRDA:172,15,0,0
BRDA:172,15,1,0
BRDA:176,16,0,0
BRDA:176,16,1,0
BRDA:180,17,0,0
BRDA:180,17,1,0
BRDA:182,18,0,0
BRDA:182,18,1,0
BRDA:203,19,0,0
BRDA:203,19,1,0
BRDA:204,20,0,0
BRDA:204,20,1,0
BRDA:208,21,0,0
BRDA:208,21,1,0
BRF:42
BRH:0
end_of_record
TN:
SF:/home/temp/dynamic-hedging/contracts/packages/opyn/libs/SignedConverter.sol
FN:17,uintToInt
FN:28,intToUint
FNF:2
FNH:2
FNDA:1497,uintToInt
FNDA:413,intToUint
DA:18,1497
DA:20,1497
DA:29,413
DA:30,0
DA:32,413
LF:5
LH:4
BRDA:18,1,0,1497
BRDA:18,1,1,0
BRDA:29,2,0,0
BRDA:29,2,1,413
BRF:4
BRH:2
end_of_record
TN:
SF:/home/temp/dynamic-hedging/contracts/packages/opyn/Migrations.sol
FN:8,constructor
FN:12,restricted
FN:16,setCompleted
FNF:3
FNH:0
FNDA:0,constructor
FNDA:0,restricted
FNDA:0,setCompleted
DA:9,0
DA:13,0
DA:17,0
LF:3
LH:0
BRDA:13,1,0,0
BRDA:13,1,1,0
BRF:2
BRH:0
end_of_record
TN:
SF:/home/temp/dynamic-hedging/contracts/packages/opyn/mocks/Mock0xERC20Proxy.sol
FN:17,transferToken
FNF:1
FNH:0
FNDA:0,transferToken
DA:23,0
LF:1
LH:0
BRF:0
BRH:0
end_of_record
TN:
SF:/home/temp/dynamic-hedging/contracts/packages/opyn/mocks/Mock0xExchange.sol
FN:24,constructor
FN:28,fillLimitOrder
FN:36,batchFillLimitOrders
FNF:3
FNH:0
FNDA:0,constructor
FNDA:0,fillLimitOrder
FNDA:0,batchFillLimitOrders
DA:25,0
DA:33,0
DA:42,0
DA:43,0
DA:49,0
LF:5
LH:0
BRF:0
BRH:0
end_of_record
TN:
SF:/home/temp/dynamic-hedging/contracts/packages/opyn/mocks/MockAddressBook.sol
FN:14,setOtokenImpl
FN:18,setWhitelist
FN:22,setOtokenFactory
FN:26,setController
FN:30,setOracle
FN:34,setMarginCalculator
FN:38,setMarginPool
FN:42,getOtokenImpl
FN:46,getWhitelist
FN:50,getOtokenFactory
FN:54,getOracle
FN:58,getController
FN:62,getMarginCalculator
FN:66,getMarginPool
FNF:14
FNH:0
FNDA:0,setOtokenImpl
FNDA:0,setWhitelist
FNDA:0,setOtokenFactory
FNDA:0,setController
FNDA:0,setOracle
FNDA:0,setMarginCalculator
FNDA:0,setMarginPool
FNDA:0,getOtokenImpl
FNDA:0,getWhitelist
FNDA:0,getOtokenFactory
FNDA:0,getOracle
FNDA:0,getController
FNDA:0,getMarginCalculator
FNDA:0,getMarginPool
DA:15,0
DA:19,0
DA:23,0
DA:27,0
DA:31,0
DA:35,0
DA:39,0
DA:43,0
DA:47,0
DA:51,0
DA:55,0
DA:59,0
DA:63,0
DA:67,0
LF:14
LH:0
BRF:0
BRH:0
end_of_record
TN:
SF:/home/temp/dynamic-hedging/contracts/packages/opyn/mocks/MockChainlinkAggregator.sol
FN:19,getRoundData
FN:35,latestRoundData
FN:50,setRoundTimestamp
FN:55,setRoundAnswer
FN:59,setLatestAnswer
FNF:5
FNH:5
FNDA:7,getRoundData
FNDA:509,latestRoundData
FNDA:10,setRoundTimestamp
FNDA:10,setRoundAnswer
FNDA:18,setLatestAnswer
DA:30,7
DA:32,7
DA:46,509
DA:51,10
DA:56,10
DA:60,18
LF:6
LH:6
BRDA:30,1,0,7
BRDA:30,1,1,0
BRF:2
BRH:1
end_of_record
TN:
SF:/home/temp/dynamic-hedging/contracts/packages/opyn/mocks/MockController.sol
FN:25,initialize
FN:33,testMintOtoken
FN:44,testBurnOtoken
FN:55,test0xCallee
FNF:4
FNH:0
FNDA:0,initialize
FNDA:0,testMintOtoken
FNDA:0,testBurnOtoken
FNDA:0,test0xCallee
DA:26,0
DA:27,0
DA:38,0
DA:49,0
DA:56,0
LF:5
LH:0
BRF:0
BRH:0
end_of_record
TN:
SF:/home/temp/dynamic-hedging/contracts/packages/opyn/mocks/MockCToken.sol
FN:9,constructor
FN:14,mint
FN:18,setExchangeRate
FNF:3
FNH:0
FNDA:0,constructor
FNDA:0,mint
FNDA:0,setExchangeRate
DA:10,0
DA:11,0
DA:15,0
DA:19,0
LF:4
LH:0
BRF:0
BRH:0
end_of_record
TN:
SF:/home/temp/dynamic-hedging/contracts/packages/opyn/mocks/MockCUSDC.sol
FN:13,constructor
FN:26,mint
FN:34,redeem
FN:40,setExchangeRate
FNF:4
FNH:0
FNDA:0,constructor
FNDA:0,mint
FNDA:0,redeem
FNDA:0,setExchangeRate
DA:19,0
DA:20,0
DA:22,0
DA:23,0
DA:27,0
DA:28,0
DA:29,0
DA:30,0
DA:31,0
DA:35,0
DA:36,0
DA:37,0
DA:41,0
LF:13
LH:0
BRF:0
BRH:0
end_of_record
TN:
SF:/home/temp/dynamic-hedging/contracts/packages/opyn/mocks/MockDumbERC20.sol
FN:25,constructor
FN:35,name
FN:39,symbol
FN:43,decimals
FN:47,totalSupply
FN:51,balanceOf
FN:55,transfer
FN:65,allowance
FN:69,approve
FN:74,transferFrom
FN:92,mint
FN:96,burn
FN:100,setLocked
FNF:13
FNH:0
FNDA:0,constructor
FNDA:0,name
FNDA:0,symbol
FNDA:0,decimals
FNDA:0,totalSupply
FNDA:0,balanceOf
FNDA:0,transfer
FNDA:0,allowance
FNDA:0,approve
FNDA:0,transferFrom
FNDA:0,mint
FNDA:0,burn
FNDA:0,setLocked
DA:30,0
DA:31,0
DA:32,0
DA:36,0
DA:40,0
DA:44,0
DA:48,0
DA:52,0
DA:56,0
DA:57,0
DA:58,0
DA:60,0
DA:61,0
DA:62,0
DA:66,0
DA:70,0
DA:71,0
DA:79,0
DA:80,0
DA:81,0
DA:83,0
DA:84,0
DA:86,0
DA:87,0
DA:88,0
DA:89,0
DA:93,0
DA:97,0
DA:101,0
LF:29
LH:0
BRDA:56,1,0,0
BRDA:56,1,1,0
BRDA:57,2,0,0
BRDA:57,2,1,0
BRDA:79,3,0,0
BRDA:79,3,1,0
BRDA:80,4,0,0
BRDA:80,4,1,0
BRDA:83,5,0,0
BRDA:83,5,1,0
BRF:10
BRH:0
end_of_record
TN:
SF:/home/temp/dynamic-hedging/contracts/packages/opyn/mocks/MockERC20.sol
FN:7,constructor
FN:16,mint
FNF:2
FNH:0
FNDA:0,constructor
FNDA:0,mint
DA:12,0
DA:13,0
DA:17,0
LF:3
LH:0
BRF:0
BRH:0
end_of_record
TN:
SF:/home/temp/dynamic-hedging/contracts/packages/opyn/mocks/MockOracle.sol
FN:35,setRealTimePrice
FN:40,getChainlinkRoundData
FN:47,getPrice
FN:58,setChainlinkRoundData
FN:69,setExpiryPriceFinalizedAllPeiodOver
FN:82,setExpiryPrice
FN:90,setIsFinalized
FN:98,getExpiryPrice
FN:110,getPricer
FN:114,getPricerLockingPeriod
FN:118,getPricerDisputePeriod
FN:122,isLockingPeriodOver
FN:126,setIsLockingPeriodOver
FN:134,isDisputePeriodOver
FN:138,setIsDisputePeriodOver
FN:146,setAssetPricer
FN:150,setLockingPeriod
FN:154,setDisputePeriod
FN:158,setStablePrice
FNF:19
FNH:0
FNDA:0,setRealTimePrice
FNDA:0,getChainlinkRoundData
FNDA:0,getPrice
FNDA:0,setChainlinkRoundData
FNDA:0,setExpiryPriceFinalizedAllPeiodOver
FNDA:0,setExpiryPrice
FNDA:0,setIsFinalized
FNDA:0,getExpiryPrice
FNDA:0,getPricer
FNDA:0,getPricerLockingPeriod
FNDA:0,getPricerDisputePeriod
FNDA:0,isLockingPeriodOver
FNDA:0,setIsLockingPeriodOver
FNDA:0,isDisputePeriodOver
FNDA:0,setIsDisputePeriodOver
FNDA:0,setAssetPricer
FNDA:0,setLockingPeriod
FNDA:0,setDisputePeriod
FNDA:0,setStablePrice
DA:36,0
DA:41,0
DA:42,0
DA:44,0
DA:48,0
DA:50,0
DA:51,0
DA:54,0
DA:64,0
DA:65,0
DA:75,0
DA:76,0
DA:77,0
DA:78,0
DA:87,0
DA:95,0
DA:99,0
DA:100,0
DA:102,0
DA:103,0
DA:104,0
DA:107,0
DA:111,0
DA:115,0
DA:119,0
DA:123,0
DA:131,0
DA:135,0
DA:143,0
DA:147,0
DA:151,0
DA:155,0
DA:159,0
LF:33
LH:0
BRDA:50,1,0,0
BRDA:50,1,1,0
BRDA:102,2,0,0
BRDA:102,2,1,0
BRF:4
BRH:0
end_of_record
TN:
SF:/home/temp/dynamic-hedging/contracts/packages/opyn/mocks/MockOtoken.sol
FN:32,init
FN:48,getOtokenDetails
FN:63,mintOtoken
FN:67,burnOtoken
FN:71,getChainId
FNF:5
FNH:0
FNDA:0,init
FNDA:0,getOtokenDetails
FNDA:0,mintOtoken
FNDA:0,burnOtoken
FNDA:0,getChainId
DA:33,0
DA:34,0
DA:35,0
DA:36,0
DA:37,0
DA:38,0
DA:39,0
DA:40,0
DA:41,0
DA:42,0
DA:43,0
DA:44,0
DA:45,0
DA:60,0
DA:64,0
DA:68,0
DA:72,0
DA:74,0
LF:18
LH:0
BRF:0
BRH:0
end_of_record
TN:
SF:/home/temp/dynamic-hedging/contracts/packages/opyn/mocks/MockPermitERC20.sol
FN:7,constructor
FN:17,mint
FNF:2
FNH:0
FNDA:0,constructor
FNDA:0,mint
DA:12,0
DA:13,0
DA:14,0
DA:18,0
LF:4
LH:0
BRF:0
BRH:0
end_of_record
TN:
SF:/home/temp/dynamic-hedging/contracts/packages/opyn/mocks/MockPricer.sol
FN:12,constructor
FN:17,setPrice
FN:21,getPrice
FN:25,setExpiryPriceInOracle
FN:29,getHistoricalPrice
FNF:5
FNH:0
FNDA:0,constructor
FNDA:0,setPrice
FNDA:0,getPrice
FNDA:0,setExpiryPriceInOracle
FNDA:0,getHistoricalPrice
DA:13,0
DA:14,0
DA:18,0
DA:22,0
DA:26,0
DA:30,0
LF:6
LH:0
BRF:0
BRH:0
end_of_record
TN:
SF:/home/temp/dynamic-hedging/contracts/packages/opyn/mocks/MockWhitelistModule.sol
FN:10,whitelistProduct
FN:21,isWhitelistedProduct
FN:31,whitelistOtoken
FN:35,isWhitelistedOtoken
FN:39,isWhitelistedCollateral
FN:43,whitelistCollateral
FN:49,isWhitelistedCallee
FN:53,whitelistCallee
FN:57,blacklistCallee
FNF:9
FNH:0
FNDA:0,whitelistProduct
FNDA:0,isWhitelistedProduct
FNDA:0,whitelistOtoken
FNDA:0,isWhitelistedOtoken
FNDA:0,isWhitelistedCollateral
FNDA:0,whitelistCollateral
FNDA:0,isWhitelistedCallee
FNDA:0,whitelistCallee
FNDA:0,blacklistCallee
DA:16,0
DA:18,0
DA:27,0
DA:28,0
DA:32,0
DA:36,0
DA:40,0
DA:44,0
DA:46,0
DA:50,0
DA:54,0
DA:58,0
LF:12
LH:0
BRDA:44,1,0,0
BRDA:44,1,1,0
BRF:2
BRH:0
end_of_record
TN:
SF:/home/temp/dynamic-hedging/contracts/packages/opyn/mocks/MockWSTETHToken.sol
FN:9,constructor
FN:14,mint
FN:18,setStEthPerToken
FNF:3
FNH:0
FNDA:0,constructor
FNDA:0,mint
FNDA:0,setStEthPerToken
DA:10,0
DA:11,0
DA:15,0
DA:19,0
LF:4
LH:0
BRF:0
BRH:0
end_of_record
TN:
SF:/home/temp/dynamic-hedging/contracts/packages/opyn/mocks/MockYToken.sol
FN:9,constructor
FN:14,mint
FN:18,setPricePerShare
FNF:3
FNH:0
FNDA:0,constructor
FNDA:0,mint
FNDA:0,setPricePerShare
DA:10,0
DA:11,0
DA:15,0
DA:19,0
LF:4
LH:0
BRF:0
BRH:0
end_of_record
TN:
SF:/home/temp/dynamic-hedging/contracts/packages/opyn/new/NewCalculator.sol
FN:114,constructor
FN:127,setCollateralDust
FN:152,setUpperBoundValues
FN:204,updateUpperBoundValue
FN:233,setSpotShock
FN:248,setOracleDeviation
FN:259,getCollateralDust
FN:271,getTimesToExpiry
FN:290,getMaxPrice
FN:310,getSpotShock
FN:325,getOracleDeviation
FN:343,getNakedMarginRequired
FN:372,getExpiredPayoutRate
FN:416,isLiquidatable
FN:513,getMarginRequired
FN:531,getExcessCollateral
FN:574,_getExpiredCashValue
FN:612,_getMarginRequired
FN:780,_getNakedMarginRequired
FN:836,_findUpperBoundValue
FN:869,_getPutSpreadMarginRequired
FN:888,_getCallSpreadMarginRequired
FN:922,_convertAmountOnLivePrice
FN:945,_convertAmountOnExpiryPrice
FN:988,_getDebtPrice
FN:1050,_getVaultDetails
FN:1128,_getExpiredSpreadCashValue
FN:1141,_isNotEmpty
FN:1155,_checkIsValidVault
FN:1193,_isMarginableLong
FN:1219,_isMarginableCollateral
FN:1253,_getProductHash
FN:1270,_getCashValue
FN:1283,_getOtokenDetails
FN:1321,makeShortScaledDetails
FN:1341,getOptionType
FNF:36
FNH:24
FNDA:18,constructor
FNDA:0,setCollateralDust
FNDA:24,setUpperBoundValues
FNDA:0,updateUpperBoundValue
FNDA:24,setSpotShock
FNDA:0,setOracleDeviation
FNDA:0,getCollateralDust
FNDA:0,getTimesToExpiry
FNDA:0,getMaxPrice
FNDA:0,getSpotShock
FNDA:0,getOracleDeviation
FNDA:150,getNakedMarginRequired
FNDA:7,getExpiredPayoutRate
FNDA:7,isLiquidatable
FNDA:0,getMarginRequired
FNDA:103,getExcessCollateral
FNDA:14,_getExpiredCashValue
FNDA:101,_getMarginRequired
FNDA:250,_getNakedMarginRequired
FNDA:250,_findUpperBoundValue
FNDA:0,_getPutSpreadMarginRequired
FNDA:0,_getCallSpreadMarginRequired
FNDA:0,_convertAmountOnLivePrice
FNDA:28,_convertAmountOnExpiryPrice
FNDA:5,_getDebtPrice
FNDA:110,_getVaultDetails
FNDA:7,_getExpiredSpreadCashValue
FNDA:330,_isNotEmpty
FNDA:103,_checkIsValidVault
FNDA:103,_isMarginableLong
FNDA:103,_isMarginableCollateral
FNDA:298,_getProductHash
FNDA:19,_getCashValue
FNDA:115,_getOtokenDetails
FNDA:150,makeShortScaledDetails
FNDA:250,getOptionType
DA:115,18
DA:117,18
DA:118,18
DA:128,0
DA:130,0
DA:132,0
DA:153,24
DA:154,24
DA:157,24
DA:159,24
DA:163,24
DA:168,24
DA:170,120
DA:171,96
DA:174,120
DA:177,120
DA:180,120
DA:182,120
DA:183,120
DA:205,0
DA:207,0
DA:208,0
DA:210,0
DA:213,0
DA:215,0
DA:234,24
DA:236,24
DA:238,24
DA:240,24
DA:249,0
DA:251,0
DA:260,0
DA:277,0
DA:278,0
DA:297,0
DA:299,0
DA:316,0
DA:318,0
DA:326,0
DA:354,150
DA:355,150
DA:356,150
DA:358,150
DA:373,7
DA:375,7
DA:384,7
DA:386,7
DA:394,7
DA:403,7
DA:404,7
DA:431,7
DA:433,7
DA:436,7
DA:438,7
DA:440,7
DA:446,7
DA:452,6
DA:458,6
DA:466,6
DA:470,6
DA:475,6
DA:483,6
DA:484,1
DA:487,5
DA:494,5
DA:504,5
DA:518,0
DA:519,0
DA:536,103
DA:539,103
DA:542,103
DA:543,2
DA:544,2
DA:548,101
DA:552,101
DA:554,101
DA:555,101
DA:559,101
DA:560,101
DA:582,14
DA:583,14
DA:586,14
DA:593,14
DA:617,101
DA:620,101
DA:623,101
DA:626,101
DA:631,101
DA:639,101
DA:641,94
DA:644,94
DA:650,94
DA:651,94
DA:658,94
DA:664,94
DA:670,94
DA:676,94
DA:687,0
DA:691,0
DA:692,0
DA:699,0
DA:708,0
DA:715,0
DA:727,7
DA:736,7
DA:746,7
DA:754,7
DA:787,250
DA:789,250
DA:791,250
DA:792,250
DA:794,250
DA:795,120
DA:796,120
DA:797,120
DA:799,55
DA:803,55
DA:809,55
DA:811,7
DA:812,7
DA:813,7
DA:819,68
DA:820,68
DA:821,68
DA:842,250
DA:845,250
DA:847,250
DA:850,250
DA:856,250
DA:857,965
DA:858,250
DA:875,0
DA:895,0
DA:896,0
DA:904,0
DA:909,0
DA:911,0
DA:927,0
DA:928,0
DA:930,0
DA:931,0
DA:934,0
DA:951,28
DA:952,10
DA:954,18
DA:955,18
DA:956,18
DA:959,18
DA:998,5
DA:1000,5
DA:1003,5
DA:1006,5
DA:1007,0
DA:1010,5
DA:1012,5
DA:1014,5
DA:1016,5
DA:1017,0
DA:1019,0
DA:1021,0
DA:1023,5
DA:1028,5
DA:1030,5
DA:1033,5
DA:1038,5
DA:1041,5
DA:1055,110
DA:1078,110
DA:1079,110
DA:1080,110
DA:1082,110
DA:1085,110
DA:1086,0
DA:1087,0
DA:1095,0
DA:1099,110
DA:1100,108
DA:1101,108
DA:1109,108
DA:1114,110
DA:1115,108
DA:1118,110
DA:1134,7
DA:1142,330
DA:1157,103
DA:1158,103
DA:1159,103
DA:1161,103
DA:1165,103
DA:1169,103
DA:1175,103
DA:1181,103
DA:1198,103
DA:1199,103
DA:1202,103
DA:1204,0
DA:1224,103
DA:1226,103
DA:1227,101
DA:1228,101
DA:1230,101
DA:1231,0
DA:1232,0
DA:1239,0
DA:1242,101
DA:1259,298
DA:1275,19
DA:1277,15
DA:1295,115
DA:1296,115
DA:1304,115
DA:1307,0
DA:1327,150
DA:1329,150
DA:1331,150
DA:1332,150
DA:1346,250
DA:1347,250
DA:1348,250
DA:1349,250
DA:1350,120
DA:1352,55
DA:1354,7
DA:1356,68
DA:1358,0
LF:225
LH:174
BRDA:115,1,0,18
BRDA:115,1,1,0
BRDA:128,2,0,0
BRDA:128,2,1,0
BRDA:153,3,0,24
BRDA:153,3,1,0
BRDA:154,4,0,24
BRDA:154,4,1,0
BRDA:163,5,0,24
BRDA:163,5,1,0
BRDA:170,6,0,96
BRDA:170,6,1,24
BRDA:171,7,0,96
BRDA:171,7,1,0
BRDA:174,8,0,120
BRDA:174,8,1,0
BRDA:205,9,0,0
BRDA:205,9,1,0
BRDA:210,10,0,0
BRDA:210,10,1,0
BRDA:234,11,0,24
BRDA:234,11,1,0
BRDA:373,12,0,7
BRDA:373,12,1,0
BRDA:384,13,0,7
BRDA:384,13,1,0
BRDA:431,14,0,7
BRDA:431,14,1,0
BRDA:436,15,0,0
BRDA:436,15,1,7
BRDA:438,16,0,7
BRDA:438,16,1,0
BRDA:446,17,0,6
BRDA:446,17,1,1
BRDA:483,18,0,1
BRDA:483,18,1,5
BRDA:542,19,0,2
BRDA:542,19,1,101
BRDA:639,20,0,94
BRDA:639,20,1,7
BRDA:641,21,0,94
BRDA:641,21,1,0
BRDA:650,22,0,94
BRDA:650,22,1,0
BRDA:651,23,0,94
BRDA:651,23,1,0
BRDA:691,24,0,0
BRDA:691,24,1,0
BRDA:794,25,0,120
BRDA:794,25,1,130
BRDA:798,26,0,55
BRDA:798,26,1,75
BRDA:810,27,0,7
BRDA:810,27,1,68
BRDA:845,28,0,250
BRDA:845,28,1,0
BRDA:850,29,0,250
BRDA:850,29,1,0
BRDA:857,30,0,250
BRDA:857,30,1,715
BRDA:895,31,0,0
BRDA:895,31,1,0
BRDA:927,32,0,0
BRDA:927,32,1,0
BRDA:951,33,0,10
BRDA:951,33,1,18
BRDA:956,34,0,18
BRDA:956,34,1,0
BRDA:1006,35,0,0
BRDA:1006,35,1,5
BRDA:1016,36,0,0
BRDA:1016,36,1,5
BRDA:1018,37,0,0
BRDA:1018,37,1,5
BRDA:1020,38,0,0
BRDA:1020,38,1,5
BRDA:1038,39,0,0
BRDA:1038,39,1,5
BRDA:1085,40,0,0
BRDA:1085,40,1,110
BRDA:1099,41,0,108
BRDA:1099,41,1,2
BRDA:1114,42,0,108
BRDA:1114,42,1,2
BRDA:1157,43,0,103
BRDA:1157,43,1,0
BRDA:1158,44,0,103
BRDA:1158,44,1,0
BRDA:1159,45,0,103
BRDA:1159,45,1,0
BRDA:1161,46,0,103
BRDA:1161,46,1,0
BRDA:1165,47,0,103
BRDA:1165,47,1,0
BRDA:1169,48,0,103
BRDA:1169,48,1,0
BRDA:1175,49,0,103
BRDA:1175,49,1,0
BRDA:1181,50,0,103
BRDA:1181,50,1,0
BRDA:1198,51,0,103
BRDA:1198,51,1,0
BRDA:1199,52,0,103
BRDA:1199,52,1,0
BRDA:1202,53,0,103
BRDA:1202,53,1,0
BRDA:1226,54,0,2
BRDA:1226,54,1,101
BRDA:1227,55,0,101
BRDA:1227,55,1,0
BRDA:1230,56,0,0
BRDA:1230,56,1,101
BRDA:1238,57,0,0
BRDA:1238,57,1,0
BRDA:1275,58,0,4
BRDA:1275,58,1,15
BRDA:1349,59,0,120
BRDA:1349,59,1,130
BRDA:1351,60,0,55
BRDA:1351,60,1,75
BRDA:1353,61,0,7
BRDA:1353,61,1,68
BRDA:1355,62,0,68
BRDA:1355,62,1,0
BRF:124
BRH:72
end_of_record
TN:
SF:/home/temp/dynamic-hedging/contracts/packages/opyn/new/NewWhitelist.sol
FN:32,constructor
FN:74,onlyFactory
FN:92,isWhitelistedProduct
FN:108,isWhitelistedCollateral
FN:119,isCoveredWhitelistedCollateral
FN:135,isNakedWhitelistedCollateral
FN:149,isWhitelistedOtoken
FN:158,isWhitelistedCallee
FN:176,whitelistProduct
FN:200,blacklistProduct
FN:213,whitelistCollateral
FN:230,whitelistCoveredCollateral
FN:247,whitelistNakedCollateral
FN:258,blacklistCollateral
FN:269,whitelistOtoken
FN:280,blacklistOtoken
FN:291,whitelistCallee
FN:302,blacklistCallee
FNF:18
FNH:12
FNDA:18,constructor
FNDA:77,onlyFactory
FNDA:77,isWhitelistedProduct
FNDA:83,isWhitelistedCollateral
FNDA:250,isCoveredWhitelistedCollateral
FNDA:250,isNakedWhitelistedCollateral
FNDA:89,isWhitelistedOtoken
FNDA:0,isWhitelistedCallee
FNDA:24,whitelistProduct
FNDA:0,blacklistProduct
FNDA:12,whitelistCollateral
FNDA:12,whitelistCoveredCollateral
FNDA:12,whitelistNakedCollateral
FNDA:0,blacklistCollateral
FNDA:77,whitelistOtoken
FNDA:0,blacklistOtoken
FNDA:0,whitelistCallee
FNDA:0,blacklistCallee
DA:33,18
DA:35,18
DA:75,77
DA:80,77
DA:98,77
DA:100,77
DA:109,83
DA:124,250
DA:125,250
DA:140,250
DA:141,250
DA:150,89
DA:159,0
DA:177,24
DA:179,24
DA:181,24
DA:183,24
DA:201,0
DA:203,0
DA:205,0
DA:214,12
DA:216,12
DA:231,12
DA:232,12
DA:233,12
DA:248,12
DA:249,12
DA:250,12
DA:259,0
DA:261,0
DA:270,77
DA:272,77
DA:281,0
DA:283,0
DA:292,0
DA:294,0
DA:303,0
DA:305,0
LF:38
LH:26
BRDA:33,1,0,18
BRDA:33,1,1,0
BRDA:75,2,0,77
BRDA:75,2,1,0
BRDA:177,3,0,24
BRDA:177,3,1,0
BRF:6
BRH:3
end_of_record
TN:
SF:/home/temp/dynamic-hedging/contracts/packages/opyn/packages/BokkyPooBahsDateTimeLibrary.sol
FN:52,_daysToDate
FN:79,timestampToDate
FNF:2
FNH:0
FNDA:0,_daysToDate
FNDA:0,timestampToDate
DA:61,0
DA:63,0
DA:64,0
DA:65,0
DA:66,0
DA:67,0
DA:68,0
DA:69,0
DA:70,0
DA:71,0
DA:72,0
DA:74,0
DA:75,0
DA:76,0
DA:88,0
LF:15
LH:0
BRF:0
BRH:0
end_of_record
TN:
SF:/home/temp/dynamic-hedging/contracts/packages/opyn/packages/oz/Address.sol
FN:27,isContract
FN:56,sendValue
FN:82,functionCall
FN:92,functionCall
FN:111,functionCallWithValue
FN:125,functionCallWithValue
FN:135,_functionCallWithValue
FNF:7
FNH:0
FNDA:0,isContract
FNDA:0,sendValue
FNDA:0,functionCall
FNDA:0,functionCall
FNDA:0,functionCallWithValue
FNDA:0,functionCallWithValue
FNDA:0,_functionCallWithValue
DA:32,0
DA:34,0
DA:37,0
DA:57,0
DA:60,0
DA:61,0
DA:83,0
DA:97,0
DA:116,0
DA:131,0
DA:132,0
DA:141,0
DA:144,0
DA:145,0
DA:146,0
DA:149,0
DA:153,0
DA:158,0
LF:18
LH:0
BRDA:57,1,0,0
BRDA:57,1,1,0
BRDA:61,2,0,0
BRDA:61,2,1,0
BRDA:131,3,0,0
BRDA:131,3,1,0
BRDA:141,4,0,0
BRDA:141,4,1,0
BRDA:145,5,0,0
BRDA:145,5,1,0
BRDA:149,6,0,0
BRDA:149,6,1,0
BRF:12
BRH:0
end_of_record
TN:
SF:/home/temp/dynamic-hedging/contracts/packages/opyn/packages/oz/Context.sol
FN:17,_msgSender
FN:21,_msgData
FNF:2
FNH:1
FNDA:144,_msgSender
FNDA:0,_msgData
DA:18,144
DA:22,0
DA:23,0
LF:3
LH:1
BRF:0
BRH:0
end_of_record
TN:
SF:/home/temp/dynamic-hedging/contracts/packages/opyn/packages/oz/Create2.sol
FN:31,deploy
FN:51,computeAddress
FN:59,computeAddress
FNF:3
FNH:0
FNDA:0,deploy
FNDA:0,computeAddress
FNDA:0,computeAddress
DA:36,0
DA:37,0
DA:38,0
DA:40,0
DA:43,0
DA:44,0
DA:52,0
DA:64,0
DA:65,0
LF:9
LH:0
BRDA:37,1,0,0
BRDA:37,1,1,0
BRDA:38,2,0,0
BRDA:38,2,1,0
BRDA:43,3,0,0
BRDA:43,3,1,0
BRF:6
BRH:0
end_of_record
TN:
SF:/home/temp/dynamic-hedging/contracts/packages/opyn/packages/oz/IERC20.sol
FNF:0
FNH:0
LF:0
LH:0
BRF:0
BRH:0
end_of_record
TN:
SF:/home/temp/dynamic-hedging/contracts/packages/opyn/packages/oz/Ownable.sol
FN:28,constructor
FN:37,owner
FN:44,onlyOwner
FN:56,renounceOwnership
FN:65,transferOwnership
FNF:5
FNH:2
FNDA:36,constructor
FNDA:0,owner
FNDA:108,onlyOwner
FNDA:0,renounceOwnership
FNDA:0,transferOwnership
DA:29,36
DA:30,36
DA:31,36
DA:38,0
DA:45,108
DA:46,108
DA:57,0
DA:58,0
DA:66,0
DA:67,0
DA:68,0
LF:11
LH:5
BRDA:45,1,0,108
BRDA:45,1,1,0
BRDA:66,2,0,0
BRDA:66,2,1,0
BRF:4
BRH:1
end_of_record
TN:
SF:/home/temp/dynamic-hedging/contracts/packages/opyn/packages/oz/ReentrancyGuard.sol
FN:39,constructor
FN:50,nonReentrant
FNF:2
FNH:0
FNDA:0,constructor
FNDA:0,nonReentrant
DA:40,0
DA:52,0
DA:55,0
DA:57,0
DA:61,0
LF:5
LH:0
BRDA:52,1,0,0
BRDA:52,1,1,0
BRF:2
BRH:0
end_of_record
TN:
SF:/home/temp/dynamic-hedging/contracts/packages/opyn/packages/oz/SafeERC20.sol
FN:24,safeTransfer
FN:32,safeTransferFrom
FN:48,safeApprove
FN:64,safeIncreaseAllowance
FN:73,safeDecreaseAllowance
FN:91,_callOptionalReturn
FNF:6
FNH:0
FNDA:0,safeTransfer
FNDA:0,safeTransferFrom
FNDA:0,safeApprove
FNDA:0,safeIncreaseAllowance
FNDA:0,safeDecreaseAllowance
FNDA:0,_callOptionalReturn
DA:29,0
DA:38,0
DA:57,0
DA:61,0
DA:69,0
DA:70,0
DA:78,0
DA:82,0
DA:96,0
DA:97,0
DA:100,0
LF:11
LH:0
BRDA:57,1,0,0
BRDA:57,1,1,0
BRDA:97,2,0,0
BRDA:97,2,1,0
BRDA:100,3,0,0
BRDA:100,3,1,0
BRF:6
BRH:0
end_of_record
TN:
SF:/home/temp/dynamic-hedging/contracts/packages/opyn/packages/oz/SafeMath.sol
FN:30,add
FN:46,sub
FN:59,sub
FN:79,mul
FN:104,div
FN:119,div
FN:143,mod
FN:158,mod
FNF:8
FNH:8
FNDA:479,add
FNDA:505,sub
FNDA:505,sub
FNDA:1057,mul
FNDA:263,div
FNDA:263,div
FNDA:150,mod
FNDA:150,mod
DA:31,479
DA:32,479
DA:34,479
DA:47,505
DA:64,505
DA:65,505
DA:67,505
DA:83,1057
DA:84,115
DA:87,942
DA:88,942
DA:90,942
DA:105,263
DA:125,263
DA:126,263
DA:129,263
DA:144,150
DA:163,150
DA:164,150
LF:19
LH:19
BRDA:32,1,0,479
BRDA:32,1,1,0
BRDA:64,2,0,505
BRDA:64,2,1,0
BRDA:83,3,0,115
BRDA:83,3,1,942
BRDA:88,4,0,942
BRDA:88,4,1,0
BRDA:125,5,0,263
BRDA:125,5,1,0
BRDA:163,6,0,150
BRDA:163,6,1,0
BRF:12
BRH:7
end_of_record
TN:
SF:/home/temp/dynamic-hedging/contracts/packages/opyn/packages/oz/SignedSafeMath.sol
FN:24,mul
FN:52,div
FN:71,sub
FN:88,add
FNF:4
FNH:3
FNDA:1255,mul
FNDA:0,div
FNDA:381,sub
FNDA:330,add
DA:28,1255
DA:29,16
DA:32,1239
DA:34,1239
DA:35,1239
DA:37,1239
DA:53,0
DA:54,0
DA:56,0
DA:58,0
DA:72,381
DA:73,381
DA:75,381
DA:89,330
DA:90,330
DA:92,330
LF:16
LH:12
BRDA:28,1,0,16
BRDA:28,1,1,1239
BRDA:32,2,0,1239
BRDA:32,2,1,0
BRDA:35,3,0,1239
BRDA:35,3,1,0
BRDA:53,4,0,0
BRDA:53,4,1,0
BRDA:54,5,0,0
BRDA:54,5,1,0
BRDA:73,6,0,381
BRDA:73,6,1,0
BRDA:90,7,0,330
BRDA:90,7,1,0
BRF:14
BRH:6
end_of_record
TN:
SF:/home/temp/dynamic-hedging/contracts/packages/opyn/packages/oz/Strings.sol
FN:14,toString
FNF:1
FNH:0
FNDA:0,toString
DA:18,0
DA:19,0
DA:21,0
DA:22,0
DA:23,0
DA:24,0
DA:25,0
DA:27,0
DA:28,0
DA:29,0
DA:30,0
DA:31,0
DA:32,0
DA:34,0
LF:14
LH:0
BRDA:18,1,0,0
BRDA:18,1,1,0
BRF:2
BRH:0
end_of_record
TN:
SF:/home/temp/dynamic-hedging/contracts/packages/opyn/packages/oz/upgradeability/cryptography/ECDSAUpgradeable.sol
FN:26,recover
FN:53,recover
FN:89,toEthSignedMessageHash
FNF:3
FNH:0
FNDA:0,recover
FNDA:0,recover
FNDA:0,toEthSignedMessageHash
DA:28,0
DA:29,0
DA:33,0
DA:34,0
DA:35,0
DA:40,0
DA:46,0
DA:68,0
DA:72,0
DA:75,0
DA:76,0
DA:78,0
DA:92,0
LF:13
LH:0
BRDA:28,1,0,0
BRDA:28,1,1,0
BRDA:68,2,0,0
BRDA:68,2,1,0
BRDA:72,3,0,0
BRDA:72,3,1,0
BRDA:76,4,0,0
BRDA:76,4,1,0
BRF:8
BRH:0
end_of_record
TN:
SF:/home/temp/dynamic-hedging/contracts/packages/opyn/packages/oz/upgradeability/erc20-permit/EIP712Upgradeable.sol
FN:45,__EIP712_init
FN:49,__EIP712_init_unchained
FN:59,_domainSeparatorV4
FN:63,_buildDomainSeparator
FN:86,_hashTypedDataV4
FN:90,_getChainId
FN:104,_EIP712NameHash
FN:114,_EIP712VersionHash
FNF:8
FNH:0
FNDA:0,__EIP712_init
FNDA:0,__EIP712_init_unchained
FNDA:0,_domainSeparatorV4
FNDA:0,_buildDomainSeparator
FNDA:0,_hashTypedDataV4
FNDA:0,_getChainId
FNDA:0,_EIP712NameHash
FNDA:0,_EIP712VersionHash
DA:46,0
DA:50,0
DA:51,0
DA:52,0
DA:53,0
DA:60,0
DA:68,0
DA:87,0
DA:91,0
DA:93,0
DA:105,0
DA:115,0
LF:12
LH:0
BRF:0
BRH:0
end_of_record
TN:
SF:/home/temp/dynamic-hedging/contracts/packages/opyn/packages/oz/upgradeability/erc20-permit/ERC20PermitUpgradeable.sol
FN:39,__ERC20Permit_init
FN:45,__ERC20Permit_init_unchained
FN:54,permit
FN:82,nonces
FN:90,DOMAIN_SEPARATOR
FNF:5
FNH:0
FNDA:0,__ERC20Permit_init
FNDA:0,__ERC20Permit_init_unchained
FNDA:0,permit
FNDA:0,nonces
FNDA:0,DOMAIN_SEPARATOR
DA:40,0
DA:41,0
DA:42,0
DA:46,0
DA:64,0
DA:66,0
DA:70,0
DA:72,0
DA:73,0
DA:75,0
DA:76,0
DA:83,0
DA:91,0
LF:13
LH:0
BRDA:64,1,0,0
BRDA:64,1,1,0
BRDA:73,2,0,0
BRDA:73,2,1,0
BRF:4
BRH:0
end_of_record
TN:
SF:/home/temp/dynamic-hedging/contracts/packages/opyn/packages/oz/upgradeability/erc20-permit/IERC20PermitUpgradeable.sol
FNF:0
FNH:0
LF:0
LH:0
BRF:0
BRH:0
end_of_record
TN:
SF:/home/temp/dynamic-hedging/contracts/packages/opyn/packages/oz/upgradeability/ERC20Upgradeable.sol
FN:57,__ERC20_init
FN:62,__ERC20_init_unchained
FN:71,name
FN:79,symbol
FN:96,decimals
FN:103,totalSupply
FN:110,balanceOf
FN:122,transfer
FN:130,allowance
FN:141,approve
FN:159,transferFrom
FN:185,increaseAllowance
FN:204,decreaseAllowance
FN:227,_transfer
FN:251,_mint
FN:272,_burn
FN:295,_approve
FN:314,_setupDecimals
FN:332,_beforeTokenTransfer
FNF:19
FNH:0
FNDA:0,__ERC20_init
FNDA:0,__ERC20_init_unchained
FNDA:0,name
FNDA:0,symbol
FNDA:0,decimals
FNDA:0,totalSupply
FNDA:0,balanceOf
FNDA:0,transfer
FNDA:0,allowance
FNDA:0,approve
FNDA:0,transferFrom
FNDA:0,increaseAllowance
FNDA:0,decreaseAllowance
FNDA:0,_transfer
FNDA:0,_mint
FNDA:0,_burn
FNDA:0,_approve
FNDA:0,_setupDecimals
FNDA:0,_beforeTokenTransfer
DA:58,0
DA:59,0
DA:63,0
DA:64,0
DA:65,0
DA:72,0
DA:80,0
DA:97,0
DA:104,0
DA:111,0
DA:123,0
DA:124,0
DA:131,0
DA:142,0
DA:143,0
DA:164,0
DA:165,0
DA:170,0
DA:186,0
DA:187,0
DA:205,0
DA:210,0
DA:232,0
DA:233,0
DA:235,0
DA:237,0
DA:238,0
DA:239,0
DA:252,0
DA:254,0
DA:256,0
DA:257,0
DA:258,0
DA:273,0
DA:275,0
DA:277,0
DA:278,0
DA:279,0
DA:300,0
DA:301,0
DA:303,0
DA:304,0
DA:315,0
LF:43
LH:0
BRDA:232,1,0,0
BRDA:232,1,1,0
BRDA:233,2,0,0
BRDA:233,2,1,0
BRDA:252,3,0,0
BRDA:252,3,1,0
BRDA:273,4,0,0
BRDA:273,4,1,0
BRDA:300,5,0,0
BRDA:300,5,1,0
BRDA:301,6,0,0
BRDA:301,6,1,0
BRF:12
BRH:0
end_of_record
TN:
SF:/home/temp/dynamic-hedging/contracts/packages/opyn/packages/oz/upgradeability/GSN/ContextUpgradeable.sol
FN:19,__Context_init
FN:23,__Context_init_unchained
FN:25,_msgSender
FN:29,_msgData
FNF:4
FNH:0
FNDA:0,__Context_init
FNDA:0,__Context_init_unchained
FNDA:0,_msgSender
FNDA:0,_msgData
DA:20,0
DA:26,0
DA:30,0
DA:31,0
LF:4
LH:0
BRF:0
BRH:0
end_of_record
TN:
SF:/home/temp/dynamic-hedging/contracts/packages/opyn/packages/oz/upgradeability/IERC20Upgradeable.sol
FNF:0
FNH:0
LF:0
LH:0
BRF:0
BRH:0
end_of_record
TN:
SF:/home/temp/dynamic-hedging/contracts/packages/opyn/packages/oz/upgradeability/Initializable.sol
FN:33,initializer
FN:50,isConstructor
FNF:2
FNH:0
FNDA:0,initializer
FNDA:0,isConstructor
DA:34,0
DA:36,0
DA:37,0
DA:38,0
DA:39,0
DA:42,0
DA:44,0
DA:45,0
DA:56,0
DA:57,0
DA:58,0
DA:61,0
LF:12
LH:0
BRDA:34,1,0,0
BRDA:34,1,1,0
BRDA:37,2,0,0
BRDA:37,2,1,0
BRDA:44,3,0,0
BRDA:44,3,1,0
BRF:6
BRH:0
end_of_record
TN:
SF:/home/temp/dynamic-hedging/contracts/packages/opyn/packages/oz/upgradeability/math/SafeMathUpgradeable.sol
FN:30,add
FN:47,sub
FN:61,sub
FN:82,mul
FN:108,div
FN:124,div
FN:148,mod
FN:164,mod
FNF:8
FNH:0
FNDA:0,add
FNDA:0,sub
FNDA:0,sub
FNDA:0,mul
FNDA:0,div
FNDA:0,div
FNDA:0,mod
FNDA:0,mod
DA:31,0
DA:32,0
DA:34,0
DA:48,0
DA:66,0
DA:67,0
DA:69,0
DA:86,0
DA:87,0
DA:90,0
DA:91,0
DA:93,0
DA:109,0
DA:129,0
DA:130,0
DA:133,0
DA:149,0
DA:169,0
DA:170,0
LF:19
LH:0
BRDA:32,1,0,0
BRDA:32,1,1,0
BRDA:66,2,0,0
BRDA:66,2,1,0
BRDA:86,3,0,0
BRDA:86,3,1,0
BRDA:91,4,0,0
BRDA:91,4,1,0
BRDA:129,5,0,0
BRDA:129,5,1,0
BRDA:169,6,0,0
BRDA:169,6,1,0
BRF:12
BRH:0
end_of_record
TN:
SF:/home/temp/dynamic-hedging/contracts/packages/opyn/packages/oz/upgradeability/OwnableUpgradeSafe.sol
FN:30,__Ownable_init
FN:35,__Ownable_init_unchained
FN:43,owner
FN:50,onlyOwner
FN:62,renounceOwnership
FN:71,transferOwnership
FNF:6
FNH:0
FNDA:0,__Ownable_init
FNDA:0,__Ownable_init_unchained
FNDA:0,owner
FNDA:0,onlyOwner
FNDA:0,renounceOwnership
FNDA:0,transferOwnership
DA:31,0
DA:32,0
DA:36,0
DA:37,0
DA:44,0
DA:51,0
DA:52,0
DA:63,0
DA:64,0
DA:72,0
DA:73,0
DA:74,0
LF:12
LH:0
BRDA:51,1,0,0
BRDA:51,1,1,0
BRDA:72,2,0,0
BRDA:72,2,1,0
BRF:4
BRH:0
end_of_record
TN:
SF:/home/temp/dynamic-hedging/contracts/packages/opyn/packages/oz/upgradeability/OwnedUpgradeabilityProxy.sol
FN:26,constructor
FN:33,onlyProxyOwner
FN:42,proxyOwner
FN:53,setUpgradeabilityOwner
FN:64,transferProxyOwnership
FN:74,upgradeTo
FN:85,upgradeToAndCall
FNF:7
FNH:0
FNDA:0,constructor
FNDA:0,onlyProxyOwner
FNDA:0,proxyOwner
FNDA:0,setUpgradeabilityOwner
FNDA:0,transferProxyOwnership
FNDA:0,upgradeTo
FNDA:0,upgradeToAndCall
DA:27,0
DA:34,0
DA:35,0
DA:43,0
DA:44,0
DA:54,0
DA:55,0
DA:65,0
DA:66,0
DA:67,0
DA:75,0
DA:86,0
DA:87,0
DA:88,0
LF:14
LH:0
BRDA:34,1,0,0
BRDA:34,1,1,0
BRDA:65,2,0,0
BRDA:65,2,1,0
BRDA:88,3,0,0
BRDA:88,3,1,0
BRF:6
BRH:0
end_of_record
TN:
SF:/home/temp/dynamic-hedging/contracts/packages/opyn/packages/oz/upgradeability/Proxy.sol
FN:21,
FNF:1
FNH:0
FNDA:0,
DA:22,0
DA:23,0
DA:25,0
LF:3
LH:0
BRDA:23,1,0,0
BRDA:23,1,1,0
BRF:2
BRH:0
end_of_record
TN:
SF:/home/temp/dynamic-hedging/contracts/packages/opyn/packages/oz/upgradeability/ReentrancyGuardUpgradeSafe.sol
FN:27,__ReentrancyGuard_init
FN:31,__ReentrancyGuard_init_unchained
FN:48,nonReentrant
FNF:3
FNH:0
FNDA:0,__ReentrancyGuard_init
FNDA:0,__ReentrancyGuard_init_unchained
FNDA:0,nonReentrant
DA:28,0
DA:38,0
DA:50,0
DA:53,0
DA:55,0
DA:59,0
LF:6
LH:0
BRDA:50,1,0,0
BRDA:50,1,1,0
BRF:2
BRH:0
end_of_record
TN:
SF:/home/temp/dynamic-hedging/contracts/packages/opyn/packages/oz/upgradeability/UpgradeabilityProxy.sol
FN:26,implementation
FN:37,setImplementation
FN:48,_upgradeTo
FNF:3
FNH:0
FNDA:0,implementation
FNDA:0,setImplementation
FNDA:0,_upgradeTo
DA:27,0
DA:28,0
DA:38,0
DA:39,0
DA:49,0
DA:50,0
DA:51,0
DA:52,0
LF:8
LH:0
BRDA:50,1,0,0
BRDA:50,1,1,0
BRF:2
BRH:0
end_of_record
TN:
SF:/home/temp/dynamic-hedging/contracts/packages/opyn/packages/oz/upgradeability/utils/CountersUpgradeable.sol
FN:29,current
FN:33,increment
FN:38,decrement
FNF:3
FNH:0
FNDA:0,current
FNDA:0,increment
FNDA:0,decrement
DA:30,0
DA:35,0
DA:39,0
LF:3
LH:0
BRF:0
BRH:0
end_of_record
TN:
SF:/home/temp/dynamic-hedging/contracts/packages/opyn/packages/Spawn.sol
FN:14,constructor
FNF:1
FNH:0
FNDA:0,constructor
DA:16,0
DA:17,0
DA:19,0
DA:26,0
DA:33,0
LF:5
LH:0
BRDA:17,1,0,0
BRDA:17,1,1,0
BRF:2
BRH:0
end_of_record
TN:
SF:/home/temp/dynamic-hedging/contracts/packages/opyn/pricers/ChainlinkPricer.sol
FN:37,constructor
FN:58,onlyBot
FN:70,setExpiryPriceInOracle
FN:83,getPrice
FN:95,getHistoricalPrice
FN:105,_scaleToBase
FNF:6
FNH:4
FNDA:15,constructor
FNDA:0,onlyBot
FNDA:0,setExpiryPriceInOracle
FNDA:235,getPrice
FNDA:7,getHistoricalPrice
FNDA:242,_scaleToBase
DA:43,15
DA:44,15
DA:45,15
DA:47,15
DA:48,15
DA:49,15
DA:50,15
DA:52,15
DA:59,0
DA:61,0
DA:71,0
DA:73,0
DA:75,0
DA:84,235
DA:85,235
DA:87,235
DA:96,7
DA:97,7
DA:106,242
DA:107,0
DA:108,0
DA:110,0
DA:111,0
DA:114,242
LF:24
LH:15
BRDA:43,1,0,15
BRDA:43,1,1,0
BRDA:44,2,0,15
BRDA:44,2,1,0
BRDA:45,3,0,15
BRDA:45,3,1,0
BRDA:59,4,0,0
BRDA:59,4,1,0
BRDA:73,5,0,0
BRDA:73,5,1,0
BRDA:85,6,0,235
BRDA:85,6,1,0
BRDA:106,7,0,0
BRDA:106,7,1,242
BRDA:109,8,0,0
BRDA:109,8,1,242
BRF:16
BRH:6
end_of_record
TN:
SF:/home/temp/dynamic-hedging/contracts/packages/opyn/pricers/CompoundPricer.sol
FN:29,constructor
FN:47,getPrice
FN:58,setExpiryPriceInOracle
FN:70,_underlyingPriceToCtokenPrice
FNF:4
FNH:0
FNDA:0,constructor
FNDA:0,getPrice
FNDA:0,setExpiryPriceInOracle
FNDA:0,_underlyingPriceToCtokenPrice
DA:34,0
DA:35,0
DA:36,0
DA:38,0
DA:39,0
DA:40,0
DA:48,0
DA:49,0
DA:50,0
DA:59,0
DA:60,0
DA:61,0
DA:62,0
DA:71,0
DA:72,0
DA:73,0
DA:74,0
LF:17
LH:0
BRDA:34,1,0,0
BRDA:34,1,1,0
BRDA:35,2,0,0
BRDA:35,2,1,0
BRDA:36,3,0,0
BRDA:36,3,1,0
BRDA:49,4,0,0
BRDA:49,4,1,0
BRDA:60,5,0,0
BRDA:60,5,1,0
BRF:10
BRH:0
end_of_record
TN:
SF:/home/temp/dynamic-hedging/contracts/packages/opyn/pricers/WstethPricer.sol
FN:41,constructor
FN:60,getPrice
FN:71,setExpiryPriceInOracle
FN:83,_underlyingPriceToWstethPrice
FN:89,getHistoricalPrice
FNF:5
FNH:0
FNDA:0,constructor
FNDA:0,getPrice
FNDA:0,setExpiryPriceInOracle
FNDA:0,_underlyingPriceToWstethPrice
FNDA:0,getHistoricalPrice
DA:46,0
DA:47,0
DA:48,0
DA:50,0
DA:51,0
DA:52,0
DA:61,0
DA:62,0
DA:63,0
DA:72,0
DA:73,0
DA:74,0
DA:75,0
DA:84,0
DA:86,0
DA:90,0
LF:16
LH:0
BRDA:46,1,0,0
BRDA:46,1,1,0
BRDA:47,2,0,0
BRDA:47,2,1,0
BRDA:48,3,0,0
BRDA:48,3,1,0
BRDA:62,4,0,0
BRDA:62,4,1,0
BRDA:73,5,0,0
BRDA:73,5,1,0
BRF:10
BRH:0
end_of_record
TN:
SF:/home/temp/dynamic-hedging/contracts/packages/opyn/pricers/YearnPricer.sol
FN:30,constructor
FN:49,getPrice
FN:60,setExpiryPriceInOracle
FN:72,_underlyingPriceToYtokenPrice
FN:79,getHistoricalPrice
FNF:5
FNH:0
FNDA:0,constructor
FNDA:0,getPrice
FNDA:0,setExpiryPriceInOracle
FNDA:0,_underlyingPriceToYtokenPrice
FNDA:0,getHistoricalPrice
DA:35,0
DA:36,0
DA:37,0
DA:39,0
DA:40,0
DA:41,0
DA:50,0
DA:51,0
DA:52,0
DA:61,0
DA:62,0
DA:63,0
DA:64,0
DA:73,0
DA:74,0
DA:76,0
DA:80,0
LF:17
LH:0
BRDA:35,1,0,0
BRDA:35,1,1,0
BRDA:36,2,0,0
BRDA:36,2,1,0
BRDA:37,3,0,0
BRDA:37,3,1,0
BRDA:51,4,0,0
BRDA:51,4,1,0
BRDA:62,5,0,0
BRDA:62,5,1,0
BRF:10
BRH:0
end_of_record
TN:
SF:/home/temp/dynamic-hedging/contracts/packages/opyn/tests/ActionTester.sol
FN:19,testParseDespositAction
FN:23,getDepositArgs
FN:27,testParseWithdrawAction
FN:31,getWithdrawArgs
FN:35,testParseOpenVaultAction
FN:39,getOpenVaultArgs
FN:43,testParseRedeemAction
FN:47,getRedeemArgs
FN:51,testParseSettleVaultAction
FN:55,testParseLiquidateActions
FN:59,getSettleVaultArgs
FN:63,testParseMintAction
FN:67,getMintArgs
FN:71,testParseBurnAction
FN:75,getBurnArgs
FN:79,testParseCallAction
FN:83,getCallArgs
FN:87,getLiquidateArgs
FNF:18
FNH:0
FNDA:0,testParseDespositAction
FNDA:0,getDepositArgs
FNDA:0,testParseWithdrawAction
FNDA:0,getWithdrawArgs
FNDA:0,testParseOpenVaultAction
FNDA:0,getOpenVaultArgs
FNDA:0,testParseRedeemAction
FNDA:0,getRedeemArgs
FNDA:0,testParseSettleVaultAction
FNDA:0,testParseLiquidateActions
FNDA:0,getSettleVaultArgs
FNDA:0,testParseMintAction
FNDA:0,getMintArgs
FNDA:0,testParseBurnAction
FNDA:0,getBurnArgs
FNDA:0,testParseCallAction
FNDA:0,getCallArgs
FNDA:0,getLiquidateArgs
DA:20,0
DA:24,0
DA:28,0
DA:32,0
DA:36,0
DA:40,0
DA:44,0
DA:48,0
DA:52,0
DA:56,0
DA:60,0
DA:64,0
DA:68,0
DA:72,0
DA:76,0
DA:80,0
DA:84,0
DA:88,0
LF:18
LH:0
BRF:0
BRH:0
end_of_record
TN:
SF:/home/temp/dynamic-hedging/contracts/packages/opyn/tests/CalculatorTester.sol
FN:11,constructor
FN:13,getExpiredCashValue
FN:28,findUpperBoundValue
FN:40,price
FNF:4
FNH:0
FNDA:0,constructor
FNDA:0,getExpiredCashValue
FNDA:0,findUpperBoundValue
FNDA:0,price
DA:20,0
DA:35,0
DA:37,0
DA:49,0
DA:53,0
DA:54,0
DA:55,0
DA:57,0
LF:8
LH:0
BRF:0
BRH:0
end_of_record
TN:
SF:/home/temp/dynamic-hedging/contracts/packages/opyn/tests/CalleeAllowanceTester.sol
FN:21,constructor
FN:26,callFunction
FNF:2
FNH:0
FNDA:0,constructor
FNDA:0,callFunction
DA:22,0
DA:27,0
DA:29,0
LF:3
LH:0
BRF:0
BRH:0
end_of_record
TN:
SF:/home/temp/dynamic-hedging/contracts/packages/opyn/tests/CallTester.sol
FN:13,callFunction
FNF:1
FNH:0
FNDA:0,callFunction
DA:14,0
LF:1
LH:0
BRF:0
BRH:0
end_of_record
TN:
SF:/home/temp/dynamic-hedging/contracts/packages/opyn/tests/FixedPointInt256Tester.sol
FN:17,testFromUnscaledInt
FN:21,testAdd
FN:29,testSub
FN:37,testMul
FN:45,testDiv
FN:53,testMin
FN:61,testMax
FN:69,testIsEqual
FN:77,testIsGreaterThan
FN:85,testIsGreaterThanOrEqual
FN:93,testIsLessThan
FN:101,testIsLessThanOrEqual
FNF:12
FNH:0
FNDA:0,testFromUnscaledInt
FNDA:0,testAdd
FNDA:0,testSub
FNDA:0,testMul
FNDA:0,testDiv
FNDA:0,testMin
FNDA:0,testMax
FNDA:0,testIsEqual
FNDA:0,testIsGreaterThan
FNDA:0,testIsGreaterThanOrEqual
FNDA:0,testIsLessThan
FNDA:0,testIsLessThanOrEqual
DA:18,0
DA:26,0
DA:34,0
DA:42,0
DA:50,0
DA:58,0
DA:66,0
DA:74,0
DA:82,0
DA:90,0
DA:98,0
DA:106,0
LF:12
LH:0
BRF:0
BRH:0
end_of_record
TN:
SF:/home/temp/dynamic-hedging/contracts/packages/opyn/tests/FlashUnwrap.sol
FN:30,constructor
FN:40,callFunction
FNF:2
FNH:0
FNDA:0,constructor
FNDA:0,callFunction
DA:31,0
DA:41,0
DA:43,0
DA:45,0
DA:46,0
DA:48,0
DA:50,0
LF:7
LH:0
BRDA:41,1,0,0
BRDA:41,1,1,0
BRF:2
BRH:0
end_of_record
TN:
SF:/home/temp/dynamic-hedging/contracts/packages/opyn/tests/ForceSend.sol
FN:6,go
FNF:1
FNH:1
FNDA:9,go
DA:7,9
LF:1
LH:1
BRF:0
BRH:0
end_of_record
TN:
SF:/home/temp/dynamic-hedging/contracts/packages/opyn/tests/MarginVaultTester.sol
FN:13,getVault
FN:17,testAddShort
FN:26,testRemoveShort
FN:35,testAddLong
FN:44,testRemoveLong
FN:53,testAddCollateral
FN:62,testRemoveCollateral
FNF:7
FNH:0
FNDA:0,getVault
FNDA:0,testAddShort
FNDA:0,testRemoveShort
FNDA:0,testAddLong
FNDA:0,testRemoveLong
FNDA:0,testAddCollateral
FNDA:0,testRemoveCollateral
DA:14,0
DA:23,0
DA:32,0
DA:41,0
DA:50,0
DA:59,0
DA:68,0
LF:7
LH:0
BRF:0
BRH:0
end_of_record
TN:
SF:/home/temp/dynamic-hedging/contracts/packages/opyn/tests/OtokenImplV1.sol
FN:33,init
FN:49,mintOtoken
FN:53,burnOtoken
FN:57,getChainId
FNF:4
FNH:0
FNDA:0,init
FNDA:0,mintOtoken
FNDA:0,burnOtoken
FNDA:0,getChainId
DA:34,0
DA:35,0
DA:36,0
DA:37,0
DA:38,0
DA:39,0
DA:40,0
DA:41,0
DA:42,0
DA:43,0
DA:44,0
DA:45,0
DA:46,0
DA:50,0
DA:54,0
DA:58,0
DA:60,0
LF:17
LH:0
BRF:0
BRH:0
end_of_record
TN:
SF:/home/temp/dynamic-hedging/contracts/packages/opyn/tests/SignedConverterTester.sol
FN:18,testFromInt
FN:22,testFromUint
FNF:2
FNH:0
FNDA:0,testFromInt
FNDA:0,testFromUint
DA:19,0
DA:23,0
LF:2
LH:0
BRF:0
BRH:0
end_of_record
TN:
SF:/home/temp/dynamic-hedging/contracts/packages/opyn/tests/UpgradeableContractV1.sol
FN:23,initialize
FN:28,getV1Version
FNF:2
FNH:0
FNDA:0,initialize
FNDA:0,getV1Version
DA:24,0
DA:25,0
DA:29,0
LF:3
LH:0
BRF:0
BRH:0
end_of_record
TN:
SF:/home/temp/dynamic-hedging/contracts/packages/opyn/tests/UpgradeableContractV2.sol
FN:13,getV2Version
FNF:1
FNH:0
FNDA:0,getV2Version
DA:14,0
LF:1
LH:0
BRF:0
BRH:0
end_of_record
TN:
SF:/home/temp/dynamic-hedging/contracts/PriceFeed.sol
FN:16,constructor
FN:22,addPriceFeed
FN:26,getRate
FN:38,getNormalizedRate
FNF:4
FNH:4
FNDA:21,constructor
FNDA:14,addPriceFeed
FNDA:1,getRate
FNDA:294,getNormalizedRate
DA:23,14
DA:30,1
DA:32,1
DA:33,1
DA:34,1
DA:35,1
DA:42,294
DA:44,294
DA:45,294
DA:46,294
DA:47,294
DA:48,294
DA:49,294
DA:50,294
DA:51,294
DA:53,0
DA:54,0
LF:17
LH:15
BRDA:32,1,0,1
BRDA:32,1,1,0
BRDA:44,2,0,294
BRDA:44,2,1,0
BRDA:49,3,0,294
BRDA:49,3,1,0
BRF:6
BRH:3
end_of_record
TN:
SF:/home/temp/dynamic-hedging/contracts/tokens/ERC20.sol
FN:51,constructor
FN:68,approve
FN:76,transfer
FN:90,transferFrom
FN:116,permit
FN:159,DOMAIN_SEPARATOR
FN:163,computeDomainSeparator
FN:180,_mint
FN:192,_burn
FNF:9
FNH:4
FNDA:15,constructor
FNDA:0,approve
FNDA:0,transfer
FNDA:0,transferFrom
FNDA:0,permit
FNDA:0,DOMAIN_SEPARATOR
FNDA:15,computeDomainSeparator
FNDA:96,_mint
FNDA:51,_burn
DA:56,15
DA:57,15
DA:58,15
DA:60,15
DA:61,15
DA:69,0
DA:71,0
DA:73,0
DA:77,0
DA:81,0
DA:85,0
DA:87,0
DA:95,0
DA:97,0
DA:99,0
DA:103,0
DA:107,0
DA:109,0
DA:125,0
DA:129,0
DA:156,0
DA:160,0
DA:164,15
DA:181,96
DA:185,96
DA:189,96
DA:193,51
DA:197,51
DA:201,51
LF:29
LH:12
BRDA:97,1,0,0
BRDA:97,1,1,0
BRDA:125,2,0,0
BRDA:125,2,1,0
BRF:4
BRH:0
end_of_record
TN:
SF:/home/temp/dynamic-hedging/contracts/tokens/MintableERC20.sol
FN:51,constructor
FN:68,approve
FN:76,transfer
FN:90,transferFrom
FN:116,permit
FN:159,DOMAIN_SEPARATOR
FN:163,computeDomainSeparator
FN:176,mint
FN:183,_mint
FN:195,_burn
FNF:10
FNH:0
FNDA:0,constructor
FNDA:0,approve
FNDA:0,transfer
FNDA:0,transferFrom
FNDA:0,permit
FNDA:0,DOMAIN_SEPARATOR
FNDA:0,computeDomainSeparator
FNDA:0,mint
FNDA:0,_mint
FNDA:0,_burn
DA:56,0
DA:57,0
DA:58,0
DA:60,0
DA:61,0
DA:69,0
DA:71,0
DA:73,0
DA:77,0
DA:81,0
DA:85,0
DA:87,0
DA:95,0
DA:97,0
DA:99,0
DA:103,0
DA:107,0
DA:109,0
DA:125,0
DA:129,0
DA:156,0
DA:160,0
DA:164,0
DA:177,0
DA:184,0
DA:188,0
DA:192,0
DA:196,0
DA:200,0
DA:204,0
LF:30
LH:0
BRDA:97,1,0,0
BRDA:97,1,1,0
BRDA:125,2,0,0
BRDA:125,2,1,0
BRF:4
BRH:0
end_of_record
TN:
SF:/home/temp/dynamic-hedging/contracts/tokens/WETH.sol
FN:33,deposit
FN:37,withdraw
FN:44,totalSupply
FN:48,approve
FN:54,transfer
FN:58,transferFrom
FNF:6
FNH:0
FNDA:0,deposit
FNDA:0,withdraw
FNDA:0,totalSupply
FNDA:0,approve
FNDA:0,transfer
FNDA:0,transferFrom
DA:34,0
DA:35,0
DA:38,0
DA:39,0
DA:40,0
DA:41,0
DA:45,0
DA:49,0
DA:50,0
DA:51,0
DA:55,0
DA:62,0
DA:64,0
DA:65,0
DA:66,0
DA:69,0
DA:70,0
DA:72,0
DA:74,0
LF:19
LH:0
BRDA:38,1,0,0
BRDA:38,1,1,0
BRDA:62,2,0,0
BRDA:62,2,1,0
BRDA:64,3,0,0
BRDA:64,3,1,0
BRDA:65,4,0,0
BRDA:65,4,1,0
BRF:8
BRH:0
end_of_record
TN:
SF:/home/temp/dynamic-hedging/contracts/utils/BlackScholesTest.sol
FN:7,retBlackScholesCalc
FN:11,getDelta
FNF:2
FNH:2
FNDA:12,retBlackScholesCalc
FNDA:2,getDelta
DA:8,12
DA:12,2
LF:2
LH:2
BRF:0
BRH:0
end_of_record
TN:
SF:/home/temp/dynamic-hedging/contracts/utils/OptionsRegistryTest.sol
FNF:0
FNH:0
LF:0
LH:0
BRF:0
BRH:0
end_of_record
TN:
SF:/home/temp/dynamic-hedging/contracts/utils/PerpHedgingTest.sol
FN:14,setHedgingReactorAddress
FN:20,hedgeDelta
FN:24,getDelta
FN:28,withdraw
FN:32,update
FNF:5
FNH:5
FNDA:1,setHedgingReactorAddress
FNDA:5,hedgeDelta
FNDA:19,getDelta
FNDA:5,withdraw
FNDA:4,update
DA:15,1
DA:16,1
DA:21,5
DA:25,19
DA:29,5
DA:33,4
LF:6
LH:6
BRF:0
BRH:0
end_of_record
TN:
SF:/home/temp/dynamic-hedging/contracts/utils/ReentrancyGuard.sol
FN:38,constructor
FN:49,nonReentrant
FNF:2
FNH:1
FNDA:15,constructor
FNDA:0,nonReentrant
DA:39,15
DA:51,0
DA:54,0
DA:56,0
DA:60,0
LF:5
LH:1
BRDA:51,1,0,0
BRDA:51,1,1,0
BRF:2
BRH:0
end_of_record
TN:
SF:/home/temp/dynamic-hedging/contracts/utils/UniswapV3HedgingTest.sol
FN:14,setHedgingReactorAddress
FN:20,hedgeDelta
FN:24,getDelta
FN:28,withdraw
FN:32,update
FNF:5
FNH:5
FNDA:1,setHedgingReactorAddress
FNDA:5,hedgeDelta
FNDA:10,getDelta
FNDA:3,withdraw
FNDA:1,update
DA:15,1
DA:16,1
DA:21,5
DA:25,10
DA:29,3
DA:33,1
LF:6
LH:6
BRF:0
BRH:0
end_of_record
TN:
SF:/home/temp/dynamic-hedging/contracts/utils/Volatility.sol
FN:7,computeIVFromSkewInts
FNF:1
FNH:1
FNDA:1,computeIVFromSkewInts
DA:11,1
LF:1
LH:1
BRF:0
BRH:0
end_of_record
